2022-10-14 21:41:30.027463 (INFO): Set parameter model_name to ConvTransE
2022-10-14 21:41:30.027659 (INFO): Set parameter init_emb_size to 100
2022-10-14 21:41:30.027680 (INFO): Set parameter dropout_rate to 0.4
2022-10-14 21:41:30.027696 (INFO): Set parameter channels to 50
2022-10-14 21:41:30.027706 (INFO): Set parameter learning_rate to 0.001
2022-10-14 21:41:30.027717 (INFO): Set parameter kernel_size to 3
2022-10-14 21:41:30.027726 (INFO): Set parameter dataset to FB15k-237
2022-10-14 21:41:30.027735 (INFO): Set parameter process to True
2022-10-14 21:41:30.027817 (WARNING): delete_all_previous_data=True! Deleting all folder contents of folder /root/.data/FB15k-237!
2022-10-14 21:41:30.028013 (INFO): Recreating path: /root/.data/FB15k-237
2022-10-14 21:41:30.062928 (INFO): Time taken for 10000 samples for input type e2_multi1 for processor AddToVocab: 0.02 seconds
2022-10-14 21:41:30.441693 (INFO): Time taken for 10000 samples for input type e2 for processor ToLower: 0.01 seconds
2022-10-14 21:41:30.441875 (INFO): Time taken for 10000 samples for input type e2 for processor SaveLengthsToState: 0.03 seconds
2022-10-14 21:41:30.941530 (INFO): Time taken for 10000 samples for input type e2_multi2 for processor CustomTokenizer: 0.02 seconds
2022-10-14 21:41:46.127296 (INFO): Time taken for 10000 samples for input type e2 for processor ConvertTokenToIdx: 0.1 seconds
2022-10-14 21:41:46.127468 (INFO): Time taken for 10000 samples for input type e2 for processor StreamToHDF5: 0.2 seconds
2022-10-14 21:41:54.469900 (INFO): Processed 50000 samples so far...
2022-10-14 21:41:54.471509 (INFO): Processed 50000 samples so far...
2022-10-14 21:41:54.479083 (INFO): Processed 50000 samples so far...
2022-10-14 21:41:54.485052 (INFO): Processed 50000 samples so far...
2022-10-14 21:41:54.527825 (INFO): Processed 50000 samples so far...
2022-10-14 21:41:54.534197 (INFO): Processed 50000 samples so far...
2022-10-14 21:42:02.943103 (INFO): Processed 100000 samples so far...
2022-10-14 21:42:02.944550 (INFO): Processed 100000 samples so far...
2022-10-14 21:42:02.950019 (INFO): Processed 100000 samples so far...
2022-10-14 21:42:02.955358 (INFO): Processed 100000 samples so far...
2022-10-14 21:42:02.991631 (INFO): Processed 100000 samples so far...
2022-10-14 21:42:02.997754 (INFO): Processed 100000 samples so far...
2022-10-14 21:42:11.395376 (INFO): Processed 150000 samples so far...
2022-10-14 21:42:11.396702 (INFO): Processed 150000 samples so far...
2022-10-14 21:42:11.402213 (INFO): Processed 150000 samples so far...
2022-10-14 21:42:11.407243 (INFO): Processed 150000 samples so far...
2022-10-14 21:42:11.440774 (INFO): Processed 150000 samples so far...
2022-10-14 21:42:11.446765 (INFO): Processed 150000 samples so far...
2022-10-14 21:42:13.396046 (INFO): Saving vocab to: /root/.data/FB15k-237/vocab
2022-10-14 21:42:13.396202 (INFO): Saving vocab to: /root/.data/FB15k-237/vocab_e1
2022-10-14 21:42:13.401353 (INFO): Saving vocab to: /root/.data/FB15k-237/vocab_rel
2022-10-14 21:42:13.401636 (INFO): Saving vocab to: /root/.data/FB15k-237/vocab_rel_eval
2022-10-14 21:42:13.401749 (INFO): Saving vocab to: /root/.data/FB15k-237/vocab_e2
2022-10-14 21:42:13.401850 (INFO): Saving vocab to: /root/.data/FB15k-237/vocab_e2_multi1
2022-10-14 21:42:13.406804 (INFO): Saving vocab to: /root/.data/FB15k-237/vocab_e2_multi2
2022-10-14 21:42:13.553899 (INFO): Time taken for 10000 samples for input type e2 for processor ToLower: 0.01 seconds
2022-10-14 21:42:13.554056 (INFO): Time taken for 10000 samples for input type e2 for processor SaveLengthsToState: 0.03 seconds
2022-10-14 21:42:13.795918 (INFO): Time taken for 10000 samples for input type e2_multi2 for processor CustomTokenizer: 0.02 seconds
2022-10-14 21:42:23.400605 (INFO): Time taken for 10000 samples for input type e2 for processor ConvertTokenToIdx: 0.08 seconds
2022-10-14 21:42:23.400751 (INFO): Time taken for 10000 samples for input type e2 for processor StreamToHDF5: 0.18 seconds
2022-10-14 21:42:31.637785 (INFO): Processed 50000 samples so far...
2022-10-14 21:42:31.639405 (INFO): Processed 50000 samples so far...
2022-10-14 21:42:31.645184 (INFO): Processed 50000 samples so far...
2022-10-14 21:42:31.650957 (INFO): Processed 50000 samples so far...
2022-10-14 21:42:31.686783 (INFO): Processed 50000 samples so far...
2022-10-14 21:42:31.693418 (INFO): Processed 50000 samples so far...
2022-10-14 21:42:39.618931 (INFO): Processed 100000 samples so far...
2022-10-14 21:42:39.620567 (INFO): Processed 100000 samples so far...
2022-10-14 21:42:39.626447 (INFO): Processed 100000 samples so far...
2022-10-14 21:42:39.632098 (INFO): Processed 100000 samples so far...
2022-10-14 21:42:39.667384 (INFO): Processed 100000 samples so far...
2022-10-14 21:42:39.677024 (INFO): Processed 100000 samples so far...
2022-10-14 21:43:14.493336 (WARNING): Pipeline path /root/.data/FB15k-237 already exist. This pipeline may overwrite data in this path!
2022-10-14 21:43:14.496223 (INFO): Loading vocab from: /root/.data/FB15k-237/vocab
2022-10-14 21:43:14.496384 (INFO): Loading vocab from: /root/.data/FB15k-237/vocab_e1
2022-10-14 21:43:14.500993 (INFO): Loading vocab from: /root/.data/FB15k-237/vocab_rel
2022-10-14 21:43:14.501380 (INFO): Loading vocab from: /root/.data/FB15k-237/vocab_rel_eval
2022-10-14 21:43:14.501503 (INFO): Loading vocab from: /root/.data/FB15k-237/vocab_e2
2022-10-14 21:43:14.501609 (INFO): Loading vocab from: /root/.data/FB15k-237/vocab_e2_multi1
2022-10-14 21:43:14.506016 (INFO): Loading vocab from: /root/.data/FB15k-237/vocab_e2_multi2
batch number: 0
batch number: 10
batch number: 20
batch number: 30
batch number: 40
batch number: 50
batch number: 60
batch number: 70
batch number: 80
batch number: 90
batch number: 100
batch number: 110
batch number: 120
batch number: 130
batch number: 140
batch number: 150
batch number: 160
batch number: 170
batch number: 180
batch number: 190
batch number: 200
batch number: 210
batch number: 220
batch number: 230
batch number: 240
batch number: 250
batch number: 260
batch number: 270
batch number: 280
batch number: 290
batch number: 300
batch number: 310
batch number: 320
batch number: 330
batch number: 340
batch number: 350
batch number: 360
batch number: 370
batch number: 380
batch number: 390
batch number: 400
batch number: 410
batch number: 420
batch number: 430
batch number: 440
batch number: 450
batch number: 460
batch number: 470
batch number: 480
batch number: 490
batch number: 500
batch number: 510
batch number: 520
batch number: 530
batch number: 540
batch number: 550
batch number: 560
batch number: 570
batch number: 580
batch number: 590
batch number: 600
batch number: 610
batch number: 620
batch number: 630
batch number: 640
batch number: 650
batch number: 660
batch number: 670
batch number: 680
batch number: 690
batch number: 700
batch number: 710
batch number: 720
batch number: 730
batch number: 740
batch number: 750
batch number: 760
batch number: 770
batch number: 780
batch number: 790
batch number: 800
batch number: 810
batch number: 820
batch number: 830
batch number: 840
batch number: 850
batch number: 860
batch number: 870
batch number: 880
batch number: 890
batch number: 900
batch number: 910
batch number: 920
batch number: 930
batch number: 940
batch number: 950
batch number: 960
batch number: 970
batch number: 980
batch number: 990
batch number: 1000
batch number: 1010
batch number: 1020
batch number: 1030
batch number: 1040
batch number: 1050
batch number: 1060
batch number: 1070
batch number: 1080
batch number: 1090
batch number: 1100
batch number: 1110
batch number: 1120
batch number: 1130
batch number: 1140
batch number: 1150
batch number: 1160
Finished the preprocessing
14543 476
[14543, 1454300, 47600, 300, 50, 2, 2, 50, 50, 100, 100, 500000, 100, 100, 100]
2017397
2022-10-14 21:52:30.855257 (INFO): train Loss: 0.46001	99% CI: (0.40262, 0.5174), n=100
2022-10-14 21:53:46.349539 (INFO): train ETA: 0:08:14	99% CI: (0:08:03, 0:08:26), n=100
2022-10-14 21:53:46.355057 (INFO): train Loss: 0.066711	99% CI: (0.059188, 0.074234), n=100
2022-10-14 21:54:42.689527 (INFO): train ETA: 0:08:43	99% CI: (0:08:38, 0:08:48), n=100
2022-10-14 21:54:42.690162 (INFO): train Loss: 0.017983	99% CI: (0.016855, 0.019112), n=100
2022-10-14 21:55:47.163469 (INFO): train ETA: 0:07:47	99% CI: (0:07:44, 0:07:50), n=100
2022-10-14 21:55:47.164063 (INFO): train Loss: 0.0090316	99% CI: (0.0085834, 0.0094797), n=100
2022-10-14 21:56:21.873714 (INFO): train ETA: 0:06:23	99% CI: (0:06:18, 0:06:28), n=100
2022-10-14 21:56:21.874251 (INFO): train Loss: 0.0060509	99% CI: (0.0056761, 0.0064257), n=100
2022-10-14 21:56:37.741424 (INFO): train ETA: 0:05:14	99% CI: (0:05:09, 0:05:19), n=100
2022-10-14 21:56:37.742055 (INFO): train Loss: 0.0043896	99% CI: (0.0041295, 0.0046496), n=100
2022-10-14 21:56:54.462974 (INFO): train ETA: 0:03:52	99% CI: (0:03:49, 0:03:56), n=100
2022-10-14 21:56:54.464043 (INFO): train Loss: 0.0043347	99% CI: (0.0032636, 0.0054059), n=100
2022-10-14 21:57:03.924837 (INFO): train ETA: 0:02:50	99% CI: (0:02:47, 0:02:54), n=100
2022-10-14 21:57:03.925645 (INFO): train Loss: 0.0037069	99% CI: (0.0030299, 0.0043839), n=100
2022-10-14 21:57:12.841606 (INFO): train ETA: 0:01:57	99% CI: (0:01:55, 0:02:00), n=100
2022-10-14 21:57:12.842370 (INFO): train Loss: 0.0030544	99% CI: (0.0027024, 0.0034064), n=100
2022-10-14 21:57:17.640547 (INFO): train ETA: 0:01:13	99% CI: (0:01:10, 0:01:15), n=100
2022-10-14 21:57:17.641122 (INFO): train Loss: 0.0032887	99% CI: (0.0021352, 0.0044421), n=100
2022-10-14 21:57:22.732544 (INFO): train ETA: 0:00:35	99% CI: (0:00:33, 0:00:37), n=100
2022-10-14 21:57:22.733140 (INFO): train Loss: 0.0030317	99% CI: (0.0026198, 0.0034435), n=100
2022-10-14 21:57:25.754119 (INFO): Total epoch time: 0:05:38
2022-10-14 21:57:25.756009 (INFO): 

2022-10-14 21:57:25.756046 (INFO): ########################################
2022-10-14 21:57:25.756065 (INFO):           COMPLETED EPOCH: 1                              
2022-10-14 21:57:25.756078 (INFO): train Loss: 0.0032325	99% CI: (0.0023111, 0.0041538), n=68
2022-10-14 21:57:25.756090 (INFO): ########################################
2022-10-14 21:57:25.756101 (INFO): 

saving to saved_models/FB15k-237_ConvTransE_0.0_0.2.model
2022-10-14 21:57:25.777595 (INFO): 
2022-10-14 21:57:25.777660 (INFO): --------------------------------------------------
2022-10-14 21:57:25.777672 (INFO): dev_evaluation
2022-10-14 21:57:25.777682 (INFO): --------------------------------------------------
2022-10-14 21:57:25.777784 (INFO): 
2022-10-14 21:58:29.726026 (INFO): Hits left @1: 0.0205078125
2022-10-14 21:58:29.728293 (INFO): Hits right @1: 0.0016659007352941176
2022-10-14 21:58:29.733670 (INFO): Hits @1: 0.01108685661764706
2022-10-14 21:58:29.735139 (INFO): Hits left @2: 0.041015625
2022-10-14 21:58:29.736557 (INFO): Hits right @2: 0.00390625
2022-10-14 21:58:29.739288 (INFO): Hits @2: 0.0224609375
2022-10-14 21:58:29.740731 (INFO): Hits left @3: 0.05623851102941176
2022-10-14 21:58:29.742306 (INFO): Hits right @3: 0.0049977022058823525
2022-10-14 21:58:29.745477 (INFO): Hits @3: 0.030618106617647058
2022-10-14 21:58:29.746897 (INFO): Hits left @4: 0.06841681985294118
2022-10-14 21:58:29.748401 (INFO): Hits right @4: 0.005916819852941176
2022-10-14 21:58:29.751645 (INFO): Hits @4: 0.03716681985294118
2022-10-14 21:58:29.753405 (INFO): Hits left @5: 0.07898667279411764
2022-10-14 21:58:29.754819 (INFO): Hits right @5: 0.0069508272058823525
2022-10-14 21:58:29.757638 (INFO): Hits @5: 0.04296875
2022-10-14 21:58:29.759040 (INFO): Hits left @6: 0.08806295955882353
2022-10-14 21:58:29.760825 (INFO): Hits right @6: 0.0076976102941176475
2022-10-14 21:58:29.763733 (INFO): Hits @6: 0.04788028492647059
2022-10-14 21:58:29.765182 (INFO): Hits left @7: 0.09622012867647059
2022-10-14 21:58:29.766600 (INFO): Hits right @7: 0.008674172794117647
2022-10-14 21:58:29.769931 (INFO): Hits @7: 0.052447150735294115
2022-10-14 21:58:29.771359 (INFO): Hits left @8: 0.10288373161764706
2022-10-14 21:58:29.772770 (INFO): Hits right @8: 0.009191176470588236
2022-10-14 21:58:29.775650 (INFO): Hits @8: 0.05603745404411765
2022-10-14 21:58:29.777541 (INFO): Hits left @9: 0.109375
2022-10-14 21:58:29.778993 (INFO): Hits right @9: 0.009535845588235295
2022-10-14 21:58:29.781795 (INFO): Hits @9: 0.05945542279411765
2022-10-14 21:58:29.783225 (INFO): Hits left @10: 0.11471737132352941
2022-10-14 21:58:29.784684 (INFO): Hits right @10: 0.009937959558823529
2022-10-14 21:58:29.787483 (INFO): Hits @10: 0.06232766544117647
2022-10-14 21:58:29.790786 (INFO): Mean rank left: 3829.450482536765
2022-10-14 21:58:29.791820 (INFO): Mean rank right: 5457.47811351103
2022-10-14 21:58:29.794208 (INFO): Mean rank: 4643.464298023897
2022-10-14 21:58:29.795811 (INFO): Mean reciprocal rank left: 0.05119924324040317
2022-10-14 21:58:29.796916 (INFO): Mean reciprocal rank right: 0.005592665954348986
2022-10-14 21:58:29.799415 (INFO): Mean reciprocal rank: 0.028395954597376077
2022-10-14 21:58:34.435764 (INFO): train Loss: 0.0025538	99% CI: (0.0022941, 0.0028135), n=100
2022-10-14 21:58:35.714489 (INFO): train ETA: 0:00:49	99% CI: (0:00:48, 0:00:49), n=100
2022-10-14 21:58:38.408451 (INFO): train Loss: 0.0027507	99% CI: (0.0022023, 0.0032992), n=100
2022-10-14 21:58:39.931876 (INFO): train ETA: 0:00:40	99% CI: (0:00:40, 0:00:40), n=100
2022-10-14 21:58:42.749854 (INFO): train Loss: 0.0025475	99% CI: (0.0022039, 0.002891), n=100
2022-10-14 21:58:44.195506 (INFO): train ETA: 0:00:36	99% CI: (0:00:36, 0:00:36), n=100
2022-10-14 21:58:47.015833 (INFO): train Loss: 0.0025791	99% CI: (0.0018955, 0.0032627), n=100
2022-10-14 21:58:48.413887 (INFO): train ETA: 0:00:31	99% CI: (0:00:31, 0:00:31), n=100
2022-10-14 21:58:52.601842 (INFO): train Loss: 0.0028537	99% CI: (0.0019715, 0.0037358), n=100
2022-10-14 21:58:53.849494 (INFO): train ETA: 0:00:28	99% CI: (0:00:27, 0:00:28), n=100
2022-10-14 21:58:56.647245 (INFO): train Loss: 0.0025596	99% CI: (0.0021061, 0.0030131), n=100
2022-10-14 21:58:57.967922 (INFO): train ETA: 0:00:24	99% CI: (0:00:24, 0:00:24), n=100
2022-10-14 21:59:00.814352 (INFO): train Loss: 0.0025734	99% CI: (0.0020077, 0.0031391), n=100
2022-10-14 21:59:02.121047 (INFO): train ETA: 0:00:19	99% CI: (0:00:19, 0:00:19), n=100
2022-10-14 21:59:05.037801 (INFO): train Loss: 0.0022443	99% CI: (0.0019732, 0.0025153), n=100
2022-10-14 21:59:06.394817 (INFO): train ETA: 0:00:14	99% CI: (0:00:14, 0:00:14), n=100
2022-10-14 21:59:09.058470 (INFO): train Loss: 0.0025672	99% CI: (0.0020699, 0.0030646), n=100
2022-10-14 21:59:10.347379 (INFO): train ETA: 0:00:10	99% CI: (0:00:10, 0:00:10), n=100
2022-10-14 21:59:13.062968 (INFO): train Loss: 0.0024808	99% CI: (0.0019324, 0.0030292), n=100
2022-10-14 21:59:14.312100 (INFO): train ETA: 0:00:06	99% CI: (0:00:06, 0:00:06), n=100
2022-10-14 21:59:17.045649 (INFO): train Loss: 0.0029315	99% CI: (0.0020127, 0.0038504), n=100
2022-10-14 21:59:18.418010 (INFO): train ETA: 0:00:01	99% CI: (0:00:01, 0:00:01), n=100
2022-10-14 21:59:19.889033 (INFO): Total epoch time: 0:00:50
2022-10-14 21:59:19.890771 (INFO): 

2022-10-14 21:59:19.890805 (INFO): ########################################
2022-10-14 21:59:19.890825 (INFO):           COMPLETED EPOCH: 2                              
2022-10-14 21:59:19.890839 (INFO): train Loss: 0.0029212	99% CI: (0.0021858, 0.0036566), n=68
2022-10-14 21:59:19.890852 (INFO): ########################################
2022-10-14 21:59:19.890869 (INFO): 

saving to saved_models/FB15k-237_ConvTransE_0.0_0.2.model
2022-10-14 21:59:19.905362 (INFO): 
2022-10-14 21:59:19.905419 (INFO): --------------------------------------------------
2022-10-14 21:59:19.905432 (INFO): dev_evaluation
2022-10-14 21:59:19.905441 (INFO): --------------------------------------------------
2022-10-14 21:59:19.905449 (INFO): 
2022-10-14 22:00:21.787205 (INFO): Hits left @1: 0.06795726102941177
2022-10-14 22:00:21.789531 (INFO): Hits right @1: 0.0037339154411764708
2022-10-14 22:00:21.792641 (INFO): Hits @1: 0.035845588235294115
2022-10-14 22:00:21.794091 (INFO): Hits left @2: 0.09380744485294118
2022-10-14 22:00:21.795589 (INFO): Hits right @2: 0.00471047794117647
2022-10-14 22:00:21.799267 (INFO): Hits @2: 0.04925896139705882
2022-10-14 22:00:21.800702 (INFO): Hits left @3: 0.10684742647058823
2022-10-14 22:00:21.802159 (INFO): Hits right @3: 0.005801930147058824
2022-10-14 22:00:21.805770 (INFO): Hits @3: 0.05632467830882353
2022-10-14 22:00:21.807301 (INFO): Hits left @4: 0.11885340073529412
2022-10-14 22:00:21.809542 (INFO): Hits right @4: 0.007352941176470588
2022-10-14 22:00:21.812346 (INFO): Hits @4: 0.06310317095588236
2022-10-14 22:00:21.814106 (INFO): Hits left @5: 0.1298828125
2022-10-14 22:00:21.815557 (INFO): Hits right @5: 0.007927389705882353
2022-10-14 22:00:21.818349 (INFO): Hits @5: 0.06890510110294118
2022-10-14 22:00:21.819783 (INFO): Hits left @6: 0.1391888786764706
2022-10-14 22:00:21.821754 (INFO): Hits right @6: 0.008674172794117647
2022-10-14 22:00:21.824554 (INFO): Hits @6: 0.07393152573529412
2022-10-14 22:00:21.826085 (INFO): Hits left @7: 0.14545036764705882
2022-10-14 22:00:21.827504 (INFO): Hits right @7: 0.009363511029411764
2022-10-14 22:00:21.830233 (INFO): Hits @7: 0.0774069393382353
2022-10-14 22:00:21.831662 (INFO): Hits left @8: 0.1509076286764706
2022-10-14 22:00:21.833780 (INFO): Hits right @8: 0.010225183823529412
2022-10-14 22:00:21.836589 (INFO): Hits @8: 0.08056640625
2022-10-14 22:00:21.838059 (INFO): Hits left @9: 0.15625
2022-10-14 22:00:21.839904 (INFO): Hits right @9: 0.011144301470588236
2022-10-14 22:00:21.842636 (INFO): Hits @9: 0.08369715073529412
2022-10-14 22:00:21.844048 (INFO): Hits left @10: 0.16222426470588236
2022-10-14 22:00:21.845889 (INFO): Hits right @10: 0.011948529411764705
2022-10-14 22:00:21.848667 (INFO): Hits @10: 0.08708639705882353
2022-10-14 22:00:21.852122 (INFO): Mean rank left: 3325.973460477941
2022-10-14 22:00:21.853641 (INFO): Mean rank right: 4905.654296875
2022-10-14 22:00:21.856147 (INFO): Mean rank: 4115.81387867647
2022-10-14 22:00:21.857779 (INFO): Mean reciprocal rank left: 0.10089384676641684
2022-10-14 22:00:21.859410 (INFO): Mean reciprocal rank right: 0.00772965692039864
2022-10-14 22:00:21.862399 (INFO): Mean reciprocal rank: 0.05431175184340774
2022-10-14 22:00:25.651520 (INFO): train Loss: 0.0025605	99% CI: (0.0018085, 0.0033125), n=100
2022-10-14 22:00:28.243571 (INFO): train ETA: 0:00:38	99% CI: (0:00:38, 0:00:38), n=100
2022-10-14 22:00:29.660594 (INFO): train Loss: 0.0023959	99% CI: (0.001864, 0.0029277), n=100
2022-10-14 22:00:32.281229 (INFO): train ETA: 0:00:35	99% CI: (0:00:35, 0:00:35), n=100
2022-10-14 22:00:33.662224 (INFO): train Loss: 0.0024837	99% CI: (0.0019875, 0.0029798), n=100
2022-10-14 22:00:36.189266 (INFO): train ETA: 0:00:31	99% CI: (0:00:31, 0:00:31), n=100
2022-10-14 22:00:37.565736 (INFO): train Loss: 0.0020459	99% CI: (0.0018069, 0.0022849), n=100
2022-10-14 22:00:40.105999 (INFO): train ETA: 0:00:27	99% CI: (0:00:27, 0:00:27), n=100
2022-10-14 22:00:41.485969 (INFO): train Loss: 0.0022388	99% CI: (0.0019017, 0.0025759), n=100
2022-10-14 22:00:44.062365 (INFO): train ETA: 0:00:23	99% CI: (0:00:23, 0:00:23), n=100
2022-10-14 22:00:45.470687 (INFO): train Loss: 0.002307	99% CI: (0.0019574, 0.0026565), n=100
2022-10-14 22:00:48.112824 (INFO): train ETA: 0:00:19	99% CI: (0:00:19, 0:00:19), n=100
2022-10-14 22:00:49.506726 (INFO): train Loss: 0.0032099	99% CI: (0.002036, 0.0043838), n=100
2022-10-14 22:00:52.083627 (INFO): train ETA: 0:00:15	99% CI: (0:00:15, 0:00:15), n=100
2022-10-14 22:00:53.594537 (INFO): train Loss: 0.0023579	99% CI: (0.0016418, 0.0030741), n=100
2022-10-14 22:00:56.154802 (INFO): train ETA: 0:00:12	99% CI: (0:00:12, 0:00:12), n=100
2022-10-14 22:00:57.709668 (INFO): train Loss: 0.00217	99% CI: (0.0016257, 0.0027144), n=100
2022-10-14 22:01:00.210028 (INFO): train ETA: 0:00:08	99% CI: (0:00:08, 0:00:08), n=100
2022-10-14 22:01:01.706097 (INFO): train Loss: 0.0025676	99% CI: (0.0018864, 0.0032487), n=100
2022-10-14 22:01:04.381040 (INFO): train ETA: 0:00:04	99% CI: (0:00:04, 0:00:04), n=100
2022-10-14 22:01:05.739367 (INFO): train Loss: 0.0027566	99% CI: (0.0021098, 0.0034034), n=100
2022-10-14 22:01:08.466247 (INFO): train ETA: 0:00:00	99% CI: (0:00:00, 0:00:00), n=100
2022-10-14 22:01:08.668917 (INFO): Total epoch time: 0:00:46
2022-10-14 22:01:08.669933 (INFO): 

2022-10-14 22:01:08.669969 (INFO): ########################################
2022-10-14 22:01:08.669999 (INFO):           COMPLETED EPOCH: 3                              
2022-10-14 22:01:08.670014 (INFO): train Loss: 0.0022133	99% CI: (0.0017644, 0.0026623), n=68
2022-10-14 22:01:08.670044 (INFO): ########################################
2022-10-14 22:01:08.670062 (INFO): 

saving to saved_models/FB15k-237_ConvTransE_0.0_0.2.model
2022-10-14 22:01:08.685972 (INFO): 
2022-10-14 22:01:08.686020 (INFO): --------------------------------------------------
2022-10-14 22:01:08.686032 (INFO): dev_evaluation
2022-10-14 22:01:08.686041 (INFO): --------------------------------------------------
2022-10-14 22:01:08.686050 (INFO): 
2022-10-14 22:02:10.738277 (INFO): Hits left @1: 0.14636948529411764
2022-10-14 22:02:10.741007 (INFO): Hits right @1: 0.014131433823529412
2022-10-14 22:02:10.745434 (INFO): Hits @1: 0.08025045955882353
2022-10-14 22:02:10.746895 (INFO): Hits left @2: 0.18560431985294118
2022-10-14 22:02:10.748352 (INFO): Hits right @2: 0.02274816176470588
2022-10-14 22:02:10.751666 (INFO): Hits @2: 0.10417624080882353
2022-10-14 22:02:10.753394 (INFO): Hits left @3: 0.20760569852941177
2022-10-14 22:02:10.754862 (INFO): Hits right @3: 0.0283203125
2022-10-14 22:02:10.757686 (INFO): Hits @3: 0.11796300551470588
2022-10-14 22:02:10.759348 (INFO): Hits left @4: 0.22357536764705882
2022-10-14 22:02:10.761013 (INFO): Hits right @4: 0.03216911764705882
2022-10-14 22:02:10.764019 (INFO): Hits @4: 0.12787224264705882
2022-10-14 22:02:10.765688 (INFO): Hits left @5: 0.23891314338235295
2022-10-14 22:02:10.767375 (INFO): Hits right @5: 0.03509880514705882
2022-10-14 22:02:10.770397 (INFO): Hits @5: 0.13700597426470587
2022-10-14 22:02:10.772041 (INFO): Hits left @6: 0.2517233455882353
2022-10-14 22:02:10.773700 (INFO): Hits right @6: 0.03762637867647059
2022-10-14 22:02:10.776858 (INFO): Hits @6: 0.14467486213235295
2022-10-14 22:02:10.778595 (INFO): Hits left @7: 0.2603975183823529
2022-10-14 22:02:10.780266 (INFO): Hits right @7: 0.041015625
2022-10-14 22:02:10.783476 (INFO): Hits @7: 0.15070657169117646
2022-10-14 22:02:10.785159 (INFO): Hits left @8: 0.2688993566176471
2022-10-14 22:02:10.786797 (INFO): Hits right @8: 0.04342830882352941
2022-10-14 22:02:10.789995 (INFO): Hits @8: 0.15616383272058823
2022-10-14 22:02:10.791959 (INFO): Hits left @9: 0.27722886029411764
2022-10-14 22:02:10.793761 (INFO): Hits right @9: 0.04572610294117647
2022-10-14 22:02:10.797517 (INFO): Hits @9: 0.16147748161764705
2022-10-14 22:02:10.799243 (INFO): Hits left @10: 0.28429457720588236
2022-10-14 22:02:10.800706 (INFO): Hits right @10: 0.04773667279411765
2022-10-14 22:02:10.803534 (INFO): Hits @10: 0.166015625
2022-10-14 22:02:10.806787 (INFO): Mean rank left: 2443.343922334559
2022-10-14 22:02:10.807936 (INFO): Mean rank right: 3940.6634880514707
2022-10-14 22:02:10.810368 (INFO): Mean rank: 3192.003705193015
2022-10-14 22:02:10.811820 (INFO): Mean reciprocal rank left: 0.19276833690699952
2022-10-14 22:02:10.813236 (INFO): Mean reciprocal rank right: 0.027222282076325176
2022-10-14 22:02:10.815873 (INFO): Mean reciprocal rank: 0.10999530949166235
2022-10-14 22:02:14.565347 (INFO): train Loss: 0.0022315	99% CI: (0.0018759, 0.0025872), n=100
2022-10-14 22:02:18.241444 (INFO): train ETA: 0:00:36	99% CI: (0:00:36, 0:00:36), n=100
2022-10-14 22:02:18.392631 (INFO): train Loss: 0.0023239	99% CI: (0.0018686, 0.0027792), n=100
2022-10-14 22:02:22.091903 (INFO): train ETA: 0:00:33	99% CI: (0:00:33, 0:00:33), n=100
2022-10-14 22:02:22.244049 (INFO): train Loss: 0.0022482	99% CI: (0.0017081, 0.0027883), n=100
2022-10-14 22:02:26.046375 (INFO): train ETA: 0:00:29	99% CI: (0:00:29, 0:00:29), n=100
2022-10-14 22:02:26.226294 (INFO): train Loss: 0.0021432	99% CI: (0.0018258, 0.0024605), n=100
2022-10-14 22:02:30.036914 (INFO): train ETA: 0:00:26	99% CI: (0:00:25, 0:00:26), n=100
2022-10-14 22:02:30.188587 (INFO): train Loss: 0.0024358	99% CI: (0.0020485, 0.0028231), n=100
2022-10-14 22:02:34.044290 (INFO): train ETA: 0:00:22	99% CI: (0:00:22, 0:00:22), n=100
2022-10-14 22:02:34.194195 (INFO): train Loss: 0.0020182	99% CI: (0.001769, 0.0022675), n=100
2022-10-14 22:02:37.871968 (INFO): train ETA: 0:00:18	99% CI: (0:00:18, 0:00:18), n=100
2022-10-14 22:02:38.025255 (INFO): train Loss: 0.0023159	99% CI: (0.0017117, 0.00292), n=100
2022-10-14 22:02:41.801740 (INFO): train ETA: 0:00:14	99% CI: (0:00:14, 0:00:14), n=100
2022-10-14 22:02:41.945046 (INFO): train Loss: 0.0025552	99% CI: (0.0017314, 0.0033789), n=100
2022-10-14 22:02:45.741300 (INFO): train ETA: 0:00:10	99% CI: (0:00:10, 0:00:10), n=100
2022-10-14 22:02:45.902098 (INFO): train Loss: 0.0021844	99% CI: (0.0017341, 0.0026347), n=100
2022-10-14 22:02:49.643376 (INFO): train ETA: 0:00:06	99% CI: (0:00:06, 0:00:06), n=100
2022-10-14 22:02:49.822684 (INFO): train Loss: 0.002287	99% CI: (0.0017644, 0.0028097), n=100
2022-10-14 22:02:53.567747 (INFO): train ETA: 0:00:02	99% CI: (0:00:02, 0:00:02), n=100
2022-10-14 22:02:53.703678 (INFO): train Loss: 0.0022211	99% CI: (0.0017469, 0.0026953), n=100
2022-10-14 22:02:56.526882 (INFO): Total epoch time: 0:00:45
2022-10-14 22:02:56.528340 (INFO): 

2022-10-14 22:02:56.528376 (INFO): ########################################
2022-10-14 22:02:56.528398 (INFO):           COMPLETED EPOCH: 4                              
2022-10-14 22:02:56.528421 (INFO): train Loss: 0.0025602	99% CI: (0.001733, 0.0033874), n=68
2022-10-14 22:02:56.528439 (INFO): ########################################
2022-10-14 22:02:56.528454 (INFO): 

saving to saved_models/FB15k-237_ConvTransE_0.0_0.2.model
2022-10-14 22:02:56.544795 (INFO): 
2022-10-14 22:02:56.544860 (INFO): --------------------------------------------------
2022-10-14 22:02:56.544876 (INFO): dev_evaluation
2022-10-14 22:02:56.544886 (INFO): --------------------------------------------------
2022-10-14 22:02:56.544895 (INFO): 
2022-10-14 22:03:59.215897 (INFO): Hits left @1: 0.20398667279411764
2022-10-14 22:03:59.218297 (INFO): Hits right @1: 0.04532398897058824
2022-10-14 22:03:59.223437 (INFO): Hits @1: 0.12465533088235294
2022-10-14 22:03:59.225475 (INFO): Hits left @2: 0.2560891544117647
2022-10-14 22:03:59.226939 (INFO): Hits right @2: 0.06548713235294118
2022-10-14 22:03:59.229762 (INFO): Hits @2: 0.16078814338235295
2022-10-14 22:03:59.231216 (INFO): Hits left @3: 0.2903262867647059
2022-10-14 22:03:59.232639 (INFO): Hits right @3: 0.08295036764705882
2022-10-14 22:03:59.235964 (INFO): Hits @3: 0.18663832720588236
2022-10-14 22:03:59.237415 (INFO): Hits left @4: 0.3151424632352941
2022-10-14 22:03:59.238859 (INFO): Hits right @4: 0.09558823529411764
2022-10-14 22:03:59.242360 (INFO): Hits @4: 0.20536534926470587
2022-10-14 22:03:59.245271 (INFO): Hits left @5: 0.3329503676470588
2022-10-14 22:03:59.247032 (INFO): Hits right @5: 0.10506663602941177
2022-10-14 22:03:59.250089 (INFO): Hits @5: 0.21900850183823528
2022-10-14 22:03:59.251862 (INFO): Hits left @6: 0.3473690257352941
2022-10-14 22:03:59.253481 (INFO): Hits right @6: 0.11563648897058823
2022-10-14 22:03:59.256483 (INFO): Hits @6: 0.23150275735294118
2022-10-14 22:03:59.258208 (INFO): Hits left @7: 0.35994944852941174
2022-10-14 22:03:59.259784 (INFO): Hits right @7: 0.12396599264705882
2022-10-14 22:03:59.262854 (INFO): Hits @7: 0.24195772058823528
2022-10-14 22:03:59.266669 (INFO): Hits left @8: 0.3717830882352941
2022-10-14 22:03:59.268237 (INFO): Hits right @8: 0.12976792279411764
2022-10-14 22:03:59.271259 (INFO): Hits @8: 0.2507755055147059
2022-10-14 22:03:59.272936 (INFO): Hits left @9: 0.3805721507352941
2022-10-14 22:03:59.274680 (INFO): Hits right @9: 0.1362017463235294
2022-10-14 22:03:59.277482 (INFO): Hits @9: 0.25838694852941174
2022-10-14 22:03:59.278887 (INFO): Hits left @10: 0.38907398897058826
2022-10-14 22:03:59.280544 (INFO): Hits right @10: 0.14200367647058823
2022-10-14 22:03:59.283313 (INFO): Hits @10: 0.26553883272058826
2022-10-14 22:03:59.285673 (INFO): Mean rank left: 1401.3314568014705
2022-10-14 22:03:59.287010 (INFO): Mean rank right: 2409.1842256433824
2022-10-14 22:03:59.289911 (INFO): Mean rank: 1905.2578412224266
2022-10-14 22:03:59.291373 (INFO): Mean reciprocal rank left: 0.266005513901318
2022-10-14 22:03:59.292739 (INFO): Mean reciprocal rank right: 0.07809345857972227
2022-10-14 22:03:59.295424 (INFO): Mean reciprocal rank: 0.17204948624052016
2022-10-14 22:03:59.298085 (INFO): 
2022-10-14 22:03:59.298107 (INFO): --------------------------------------------------
2022-10-14 22:03:59.298118 (INFO): test_evaluation
2022-10-14 22:03:59.298127 (INFO): --------------------------------------------------
2022-10-14 22:03:59.298136 (INFO): 
2022-10-14 22:05:12.650346 (INFO): Hits left @1: 0.20228970125786164
2022-10-14 22:05:12.652452 (INFO): Hits right @1: 0.04574488993710692
2022-10-14 22:05:12.657456 (INFO): Hits @1: 0.12401729559748427
2022-10-14 22:05:12.659352 (INFO): Hits left @2: 0.25506092767295596
2022-10-14 22:05:12.660990 (INFO): Hits right @2: 0.06372838050314465
2022-10-14 22:05:12.664162 (INFO): Hits @2: 0.1593946540880503
2022-10-14 22:05:12.666941 (INFO): Hits left @3: 0.28709709119496857
2022-10-14 22:05:12.669857 (INFO): Hits right @3: 0.08122051886792453
2022-10-14 22:05:12.673274 (INFO): Hits @3: 0.18415880503144655
2022-10-14 22:05:12.675240 (INFO): Hits left @4: 0.31269654088050314
2022-10-14 22:05:12.676934 (INFO): Hits right @4: 0.09316037735849056
2022-10-14 22:05:12.680149 (INFO): Hits @4: 0.20292845911949686
2022-10-14 22:05:12.683748 (INFO): Hits left @5: 0.33122051886792453
2022-10-14 22:05:12.685998 (INFO): Hits right @5: 0.10284001572327044
2022-10-14 22:05:12.689830 (INFO): Hits @5: 0.2170302672955975
2022-10-14 22:05:12.691669 (INFO): Hits left @6: 0.34478183962264153
2022-10-14 22:05:12.693706 (INFO): Hits right @6: 0.11119300314465409
2022-10-14 22:05:12.697730 (INFO): Hits @6: 0.2279874213836478
2022-10-14 22:05:12.699529 (INFO): Hits left @7: 0.3582448899371069
2022-10-14 22:05:12.701343 (INFO): Hits right @7: 0.11885809748427673
2022-10-14 22:05:12.705336 (INFO): Hits @7: 0.23855149371069181
2022-10-14 22:05:12.707049 (INFO): Hits left @8: 0.369251179245283
2022-10-14 22:05:12.709994 (INFO): Hits right @8: 0.1253439465408805
2022-10-14 22:05:12.714557 (INFO): Hits @8: 0.24729756289308177
2022-10-14 22:05:12.717239 (INFO): Hits left @9: 0.3796187106918239
2022-10-14 22:05:12.720022 (INFO): Hits right @9: 0.1324685534591195
2022-10-14 22:05:12.723835 (INFO): Hits @9: 0.2560436320754717
2022-10-14 22:05:12.725638 (INFO): Hits left @10: 0.38792256289308175
2022-10-14 22:05:12.727936 (INFO): Hits right @10: 0.13836477987421383
2022-10-14 22:05:12.731492 (INFO): Hits @10: 0.2631436713836478
2022-10-14 22:05:12.736245 (INFO): Mean rank left: 1432.780021619497
2022-10-14 22:05:12.737700 (INFO): Mean rank right: 2401.7271029874214
2022-10-14 22:05:12.740527 (INFO): Mean rank: 1917.2535623034591
2022-10-14 22:05:12.742365 (INFO): Mean reciprocal rank left: 0.26420592746598137
2022-10-14 22:05:12.744424 (INFO): Mean reciprocal rank right: 0.07710020274420368
2022-10-14 22:05:12.747552 (INFO): Mean reciprocal rank: 0.1706530651050925
2022-10-14 22:05:16.760122 (INFO): train Loss: 0.0019243	99% CI: (0.001663, 0.0021855), n=100
2022-10-14 22:05:17.859865 (INFO): train ETA: 0:00:42	99% CI: (0:00:42, 0:00:42), n=100
2022-10-14 22:05:20.700226 (INFO): train Loss: 0.0021144	99% CI: (0.0017203, 0.0025086), n=100
2022-10-14 22:05:21.813078 (INFO): train ETA: 0:00:37	99% CI: (0:00:37, 0:00:37), n=100
2022-10-14 22:05:24.850425 (INFO): train Loss: 0.0021544	99% CI: (0.0017454, 0.0025635), n=100
2022-10-14 22:05:25.983986 (INFO): train ETA: 0:00:33	99% CI: (0:00:33, 0:00:33), n=100
2022-10-14 22:05:28.785652 (INFO): train Loss: 0.0020802	99% CI: (0.00156, 0.0026004), n=100
2022-10-14 22:05:29.923486 (INFO): train ETA: 0:00:29	99% CI: (0:00:29, 0:00:29), n=100
2022-10-14 22:05:32.726664 (INFO): train Loss: 0.0020735	99% CI: (0.001603, 0.002544), n=100
2022-10-14 22:05:33.862028 (INFO): train ETA: 0:00:25	99% CI: (0:00:25, 0:00:25), n=100
2022-10-14 22:05:36.674092 (INFO): train Loss: 0.0020693	99% CI: (0.0017036, 0.002435), n=100
2022-10-14 22:05:37.810710 (INFO): train ETA: 0:00:21	99% CI: (0:00:21, 0:00:21), n=100
2022-10-14 22:05:40.584655 (INFO): train Loss: 0.0017961	99% CI: (0.0016158, 0.0019763), n=100
2022-10-14 22:05:41.644258 (INFO): train ETA: 0:00:17	99% CI: (0:00:17, 0:00:17), n=100
2022-10-14 22:05:44.497695 (INFO): train Loss: 0.0019828	99% CI: (0.0016115, 0.002354), n=100
2022-10-14 22:05:45.612269 (INFO): train ETA: 0:00:13	99% CI: (0:00:13, 0:00:13), n=100
2022-10-14 22:05:48.485113 (INFO): train Loss: 0.0018191	99% CI: (0.0016167, 0.0020216), n=100
2022-10-14 22:05:49.568399 (INFO): train ETA: 0:00:09	99% CI: (0:00:09, 0:00:09), n=100
2022-10-14 22:05:52.348196 (INFO): train Loss: 0.0017149	99% CI: (0.001544, 0.0018857), n=100
2022-10-14 22:05:53.439834 (INFO): train ETA: 0:00:05	99% CI: (0:00:05, 0:00:05), n=100
2022-10-14 22:05:56.288292 (INFO): train Loss: 0.0019968	99% CI: (0.0016434, 0.0023503), n=100
2022-10-14 22:05:57.402238 (INFO): train ETA: 0:00:01	99% CI: (0:00:01, 0:00:01), n=100
2022-10-14 22:05:59.049790 (INFO): Total epoch time: 0:00:46
2022-10-14 22:05:59.050936 (INFO): 

2022-10-14 22:05:59.050978 (INFO): ########################################
2022-10-14 22:05:59.051025 (INFO):           COMPLETED EPOCH: 5                              
2022-10-14 22:05:59.051047 (INFO): train Loss: 0.001891	99% CI: (0.0015823, 0.0021997), n=68
2022-10-14 22:05:59.051065 (INFO): ########################################
2022-10-14 22:05:59.051086 (INFO): 

saving to saved_models/FB15k-237_ConvTransE_0.0_0.2.model
2022-10-14 22:05:59.065684 (INFO): 
2022-10-14 22:05:59.065744 (INFO): --------------------------------------------------
2022-10-14 22:05:59.065758 (INFO): dev_evaluation
2022-10-14 22:05:59.065769 (INFO): --------------------------------------------------
2022-10-14 22:05:59.065779 (INFO): 
2022-10-14 22:07:01.051578 (INFO): Hits left @1: 0.2299517463235294
2022-10-14 22:07:01.059493 (INFO): Hits right @1: 0.0595703125
2022-10-14 22:07:01.064409 (INFO): Hits @1: 0.14476102941176472
2022-10-14 22:07:01.066852 (INFO): Hits left @2: 0.2868221507352941
2022-10-14 22:07:01.069533 (INFO): Hits right @2: 0.08697150735294118
2022-10-14 22:07:01.074480 (INFO): Hits @2: 0.18689682904411764
2022-10-14 22:07:01.076895 (INFO): Hits left @3: 0.32312729779411764
2022-10-14 22:07:01.079776 (INFO): Hits right @3: 0.10633042279411764
2022-10-14 22:07:01.083670 (INFO): Hits @3: 0.21472886029411764
2022-10-14 22:07:01.085112 (INFO): Hits left @4: 0.3532284007352941
2022-10-14 22:07:01.086538 (INFO): Hits right @4: 0.1223000919117647
2022-10-14 22:07:01.089298 (INFO): Hits @4: 0.2377642463235294
2022-10-14 22:07:01.090740 (INFO): Hits left @5: 0.3782743566176471
2022-10-14 22:07:01.092153 (INFO): Hits right @5: 0.13465073529411764
2022-10-14 22:07:01.095378 (INFO): Hits @5: 0.25646254595588236
2022-10-14 22:07:01.096797 (INFO): Hits left @6: 0.39568014705882354
2022-10-14 22:07:01.098848 (INFO): Hits right @6: 0.14527803308823528
2022-10-14 22:07:01.102043 (INFO): Hits @6: 0.27047909007352944
2022-10-14 22:07:01.103458 (INFO): Hits left @7: 0.41027113970588236
2022-10-14 22:07:01.104880 (INFO): Hits right @7: 0.15458409926470587
2022-10-14 22:07:01.107725 (INFO): Hits @7: 0.2824276194852941
2022-10-14 22:07:01.109573 (INFO): Hits left @8: 0.42302389705882354
2022-10-14 22:07:01.111243 (INFO): Hits right @8: 0.16343060661764705
2022-10-14 22:07:01.114405 (INFO): Hits @8: 0.2932272518382353
2022-10-14 22:07:01.116543 (INFO): Hits left @9: 0.4329044117647059
2022-10-14 22:07:01.118697 (INFO): Hits right @9: 0.17124310661764705
2022-10-14 22:07:01.122952 (INFO): Hits @9: 0.30207375919117646
2022-10-14 22:07:01.124440 (INFO): Hits left @10: 0.44180836397058826
2022-10-14 22:07:01.125909 (INFO): Hits right @10: 0.18008961397058823
2022-10-14 22:07:01.128834 (INFO): Hits @10: 0.31094898897058826
2022-10-14 22:07:01.132690 (INFO): Mean rank left: 763.9358340992648
2022-10-14 22:07:01.134144 (INFO): Mean rank right: 1439.1814108455883
2022-10-14 22:07:01.136262 (INFO): Mean rank: 1101.5586224724266
2022-10-14 22:07:01.137842 (INFO): Mean reciprocal rank left: 0.29915545734714505
2022-10-14 22:07:01.139680 (INFO): Mean reciprocal rank right: 0.10087705568457858
2022-10-14 22:07:01.142331 (INFO): Mean reciprocal rank: 0.2000162565158618
2022-10-14 22:07:05.158996 (INFO): train Loss: 0.0020634	99% CI: (0.0017912, 0.0023356), n=100
2022-10-14 22:07:07.526463 (INFO): train ETA: 0:00:40	99% CI: (0:00:40, 0:00:40), n=100
2022-10-14 22:07:09.111297 (INFO): train Loss: 0.0021197	99% CI: (0.0015611, 0.0026784), n=100
2022-10-14 22:07:11.578808 (INFO): train ETA: 0:00:36	99% CI: (0:00:36, 0:00:36), n=100
2022-10-14 22:07:13.135971 (INFO): train Loss: 0.0023899	99% CI: (0.0017661, 0.0030138), n=100
2022-10-14 22:07:15.482695 (INFO): train ETA: 0:00:32	99% CI: (0:00:32, 0:00:32), n=100
2022-10-14 22:07:17.036502 (INFO): train Loss: 0.0019756	99% CI: (0.0016755, 0.0022758), n=100
2022-10-14 22:07:19.426715 (INFO): train ETA: 0:00:28	99% CI: (0:00:28, 0:00:28), n=100
2022-10-14 22:07:20.921166 (INFO): train Loss: 0.0019313	99% CI: (0.0014798, 0.0023829), n=100
2022-10-14 22:07:23.197431 (INFO): train ETA: 0:00:24	99% CI: (0:00:24, 0:00:24), n=100
2022-10-14 22:07:24.700986 (INFO): train Loss: 0.0017163	99% CI: (0.0015081, 0.0019246), n=100
2022-10-14 22:07:27.074969 (INFO): train ETA: 0:00:20	99% CI: (0:00:20, 0:00:20), n=100
2022-10-14 22:07:28.627689 (INFO): train Loss: 0.0018779	99% CI: (0.0015575, 0.0021983), n=100
2022-10-14 22:07:30.892485 (INFO): train ETA: 0:00:16	99% CI: (0:00:16, 0:00:16), n=100
2022-10-14 22:07:32.394202 (INFO): train Loss: 0.0017115	99% CI: (0.0015557, 0.0018673), n=100
2022-10-14 22:07:34.598997 (INFO): train ETA: 0:00:12	99% CI: (0:00:12, 0:00:12), n=100
2022-10-14 22:07:36.149489 (INFO): train Loss: 0.0017221	99% CI: (0.0015511, 0.001893), n=100
2022-10-14 22:07:38.449768 (INFO): train ETA: 0:00:08	99% CI: (0:00:08, 0:00:08), n=100
2022-10-14 22:07:40.001472 (INFO): train Loss: 0.00181	99% CI: (0.0015659, 0.002054), n=100
2022-10-14 22:07:42.226249 (INFO): train ETA: 0:00:04	99% CI: (0:00:04, 0:00:04), n=100
2022-10-14 22:07:43.783242 (INFO): train Loss: 0.0018545	99% CI: (0.0015929, 0.0021162), n=100
2022-10-14 22:07:46.024463 (INFO): train ETA: 0:00:00	99% CI: (0:00:00, 0:00:00), n=100
2022-10-14 22:07:46.389923 (INFO): Total epoch time: 0:00:45
2022-10-14 22:07:46.391296 (INFO): 

2022-10-14 22:07:46.391334 (INFO): ########################################
2022-10-14 22:07:46.391365 (INFO):           COMPLETED EPOCH: 6                              
2022-10-14 22:07:46.391428 (INFO): train Loss: 0.0018172	99% CI: (0.0015461, 0.0020883), n=68
2022-10-14 22:07:46.391444 (INFO): ########################################
2022-10-14 22:07:46.391462 (INFO): 

saving to saved_models/FB15k-237_ConvTransE_0.0_0.2.model
2022-10-14 22:07:46.404937 (INFO): 
2022-10-14 22:07:46.404998 (INFO): --------------------------------------------------
2022-10-14 22:07:46.405020 (INFO): dev_evaluation
2022-10-14 22:07:46.405035 (INFO): --------------------------------------------------
2022-10-14 22:07:46.405051 (INFO): 
2022-10-14 22:08:47.918317 (INFO): Hits left @1: 0.2446001838235294
2022-10-14 22:08:47.921333 (INFO): Hits right @1: 0.06789981617647059
2022-10-14 22:08:47.924652 (INFO): Hits @1: 0.15625
2022-10-14 22:08:47.926143 (INFO): Hits left @2: 0.31043198529411764
2022-10-14 22:08:47.927591 (INFO): Hits right @2: 0.09805836397058823
2022-10-14 22:08:47.930452 (INFO): Hits @2: 0.20424517463235295
2022-10-14 22:08:47.931871 (INFO): Hits left @3: 0.34484145220588236
2022-10-14 22:08:47.933340 (INFO): Hits right @3: 0.1228170955882353
2022-10-14 22:08:47.936721 (INFO): Hits @3: 0.23382927389705882
2022-10-14 22:08:47.938164 (INFO): Hits left @4: 0.37264476102941174
2022-10-14 22:08:47.939618 (INFO): Hits right @4: 0.14125689338235295
2022-10-14 22:08:47.942449 (INFO): Hits @4: 0.25695082720588236
2022-10-14 22:08:47.943932 (INFO): Hits left @5: 0.3945886948529412
2022-10-14 22:08:47.945392 (INFO): Hits right @5: 0.158203125
2022-10-14 22:08:47.948748 (INFO): Hits @5: 0.27639590992647056
2022-10-14 22:08:47.950230 (INFO): Hits left @6: 0.41320082720588236
2022-10-14 22:08:47.951649 (INFO): Hits right @6: 0.17170266544117646
2022-10-14 22:08:47.954432 (INFO): Hits @6: 0.29245174632352944
2022-10-14 22:08:47.955862 (INFO): Hits left @7: 0.42790670955882354
2022-10-14 22:08:47.957348 (INFO): Hits right @7: 0.18169806985294118
2022-10-14 22:08:47.960913 (INFO): Hits @7: 0.30480238970588236
2022-10-14 22:08:47.962357 (INFO): Hits left @8: 0.4396829044117647
2022-10-14 22:08:47.963801 (INFO): Hits right @8: 0.19255514705882354
2022-10-14 22:08:47.967086 (INFO): Hits @8: 0.3161190257352941
2022-10-14 22:08:47.968533 (INFO): Hits left @9: 0.4508272058823529
2022-10-14 22:08:47.969976 (INFO): Hits right @9: 0.20232077205882354
2022-10-14 22:08:47.972777 (INFO): Hits @9: 0.32657398897058826
2022-10-14 22:08:47.974310 (INFO): Hits left @10: 0.46082261029411764
2022-10-14 22:08:47.976377 (INFO): Hits right @10: 0.21076516544117646
2022-10-14 22:08:47.979221 (INFO): Hits @10: 0.3357938878676471
2022-10-14 22:08:47.981595 (INFO): Mean rank left: 529.6895680147059
2022-10-14 22:08:47.982858 (INFO): Mean rank right: 1041.5180951286766
2022-10-14 22:08:47.985257 (INFO): Mean rank: 785.6038315716912
2022-10-14 22:08:47.986922 (INFO): Mean reciprocal rank left: 0.31750640045083184
2022-10-14 22:08:47.988380 (INFO): Mean reciprocal rank right: 0.11569136797867849
2022-10-14 22:08:47.991263 (INFO): Mean reciprocal rank: 0.21659888421475515
2022-10-14 22:08:51.977216 (INFO): train Loss: 0.0016542	99% CI: (0.0014944, 0.001814), n=100
2022-10-14 22:08:55.670240 (INFO): train ETA: 0:00:39	99% CI: (0:00:39, 0:00:39), n=100
2022-10-14 22:08:55.997267 (INFO): train Loss: 0.0017016	99% CI: (0.0015024, 0.0019008), n=100
2022-10-14 22:08:59.709087 (INFO): train ETA: 0:00:35	99% CI: (0:00:35, 0:00:35), n=100
2022-10-14 22:09:00.041655 (INFO): train Loss: 0.0017523	99% CI: (0.0015563, 0.0019484), n=100
2022-10-14 22:09:03.664290 (INFO): train ETA: 0:00:31	99% CI: (0:00:31, 0:00:31), n=100
2022-10-14 22:09:03.974158 (INFO): train Loss: 0.0016524	99% CI: (0.0014919, 0.0018128), n=100
2022-10-14 22:09:07.772840 (INFO): train ETA: 0:00:27	99% CI: (0:00:27, 0:00:27), n=100
2022-10-14 22:09:08.075626 (INFO): train Loss: 0.002204	99% CI: (0.001708, 0.0026999), n=100
2022-10-14 22:09:11.869837 (INFO): train ETA: 0:00:23	99% CI: (0:00:23, 0:00:23), n=100
2022-10-14 22:09:12.169047 (INFO): train Loss: 0.0020777	99% CI: (0.0016237, 0.0025316), n=100
2022-10-14 22:09:15.770365 (INFO): train ETA: 0:00:19	99% CI: (0:00:19, 0:00:19), n=100
2022-10-14 22:09:16.084317 (INFO): train Loss: 0.002053	99% CI: (0.0015681, 0.002538), n=100
2022-10-14 22:09:19.699313 (INFO): train ETA: 0:00:15	99% CI: (0:00:15, 0:00:15), n=100
2022-10-14 22:09:19.991318 (INFO): train Loss: 0.0020138	99% CI: (0.0015933, 0.0024342), n=100
2022-10-14 22:09:23.635833 (INFO): train ETA: 0:00:11	99% CI: (0:00:11, 0:00:11), n=100
2022-10-14 22:09:23.951180 (INFO): train Loss: 0.0016707	99% CI: (0.0015358, 0.0018055), n=100
2022-10-14 22:09:27.585822 (INFO): train ETA: 0:00:07	99% CI: (0:00:07, 0:00:07), n=100
2022-10-14 22:09:27.892351 (INFO): train Loss: 0.0017576	99% CI: (0.0015647, 0.0019505), n=100
2022-10-14 22:09:31.573475 (INFO): train ETA: 0:00:03	99% CI: (0:00:03, 0:00:03), n=100
2022-10-14 22:09:31.911388 (INFO): train Loss: 0.0019855	99% CI: (0.0016343, 0.0023367), n=100
2022-10-14 22:09:34.696427 (INFO): Total epoch time: 0:00:46
2022-10-14 22:09:34.698034 (INFO): 

2022-10-14 22:09:34.698080 (INFO): ########################################
2022-10-14 22:09:34.698108 (INFO):           COMPLETED EPOCH: 7                              
2022-10-14 22:09:34.698126 (INFO): train Loss: 0.0020024	99% CI: (0.0013852, 0.0026195), n=68
2022-10-14 22:09:34.698158 (INFO): ########################################
2022-10-14 22:09:34.698187 (INFO): 

saving to saved_models/FB15k-237_ConvTransE_0.0_0.2.model
2022-10-14 22:09:34.720631 (INFO): 
2022-10-14 22:09:34.720714 (INFO): --------------------------------------------------
2022-10-14 22:09:34.720753 (INFO): dev_evaluation
2022-10-14 22:09:34.720779 (INFO): --------------------------------------------------
2022-10-14 22:09:34.720795 (INFO): 
2022-10-14 22:10:36.862924 (INFO): Hits left @1: 0.2587316176470588
2022-10-14 22:10:36.865474 (INFO): Hits right @1: 0.08036534926470588
2022-10-14 22:10:36.869781 (INFO): Hits @1: 0.16954848345588236
2022-10-14 22:10:36.871234 (INFO): Hits left @2: 0.3235294117647059
2022-10-14 22:10:36.872665 (INFO): Hits right @2: 0.11477481617647059
2022-10-14 22:10:36.875491 (INFO): Hits @2: 0.21915211397058823
2022-10-14 22:10:36.877881 (INFO): Hits left @3: 0.3620749080882353
2022-10-14 22:10:36.879884 (INFO): Hits right @3: 0.13872931985294118
2022-10-14 22:10:36.884272 (INFO): Hits @3: 0.25040211397058826
2022-10-14 22:10:36.886996 (INFO): Hits left @4: 0.3932100183823529
2022-10-14 22:10:36.889469 (INFO): Hits right @4: 0.15780101102941177
2022-10-14 22:10:36.893873 (INFO): Hits @4: 0.27550551470588236
2022-10-14 22:10:36.895949 (INFO): Hits left @5: 0.4166475183823529
2022-10-14 22:10:36.897421 (INFO): Hits right @5: 0.17262178308823528
2022-10-14 22:10:36.900171 (INFO): Hits @5: 0.2946346507352941
2022-10-14 22:10:36.902073 (INFO): Hits left @6: 0.43376608455882354
2022-10-14 22:10:36.903458 (INFO): Hits right @6: 0.18658088235294118
2022-10-14 22:10:36.906249 (INFO): Hits @6: 0.31017348345588236
2022-10-14 22:10:36.908201 (INFO): Hits left @7: 0.4488740808823529
2022-10-14 22:10:36.909669 (INFO): Hits right @7: 0.19858685661764705
2022-10-14 22:10:36.912361 (INFO): Hits @7: 0.32373046875
2022-10-14 22:10:36.913817 (INFO): Hits left @8: 0.4615693933823529
2022-10-14 22:10:36.915234 (INFO): Hits right @8: 0.21007582720588236
2022-10-14 22:10:36.918053 (INFO): Hits @8: 0.33582261029411764
2022-10-14 22:10:36.919934 (INFO): Hits left @9: 0.4746668198529412
2022-10-14 22:10:36.921416 (INFO): Hits right @9: 0.22127757352941177
2022-10-14 22:10:36.924181 (INFO): Hits @9: 0.34797219669117646
2022-10-14 22:10:36.926001 (INFO): Hits left @10: 0.48517922794117646
2022-10-14 22:10:36.927456 (INFO): Hits right @10: 0.23110064338235295
2022-10-14 22:10:36.930263 (INFO): Hits @10: 0.3581399356617647
2022-10-14 22:10:36.933589 (INFO): Mean rank left: 402.3964269301471
2022-10-14 22:10:36.935346 (INFO): Mean rank right: 758.9496208639706
2022-10-14 22:10:36.937581 (INFO): Mean rank: 580.6730238970588
2022-10-14 22:10:36.939187 (INFO): Mean reciprocal rank left: 0.3340643246337174
2022-10-14 22:10:36.940345 (INFO): Mean reciprocal rank right: 0.13122616495996764
2022-10-14 22:10:36.943080 (INFO): Mean reciprocal rank: 0.2326452447968425
2022-10-14 22:10:36.945458 (INFO): 
2022-10-14 22:10:36.945478 (INFO): --------------------------------------------------
2022-10-14 22:10:36.945487 (INFO): test_evaluation
2022-10-14 22:10:36.945496 (INFO): --------------------------------------------------
2022-10-14 22:10:36.945504 (INFO): 
2022-10-14 22:11:50.086814 (INFO): Hits left @1: 0.2520145440251572
2022-10-14 22:11:50.089330 (INFO): Hits right @1: 0.08210495283018868
2022-10-14 22:11:50.093952 (INFO): Hits @1: 0.16705974842767296
2022-10-14 22:11:50.096068 (INFO): Hits left @2: 0.3228675314465409
2022-10-14 22:11:50.098423 (INFO): Hits right @2: 0.11541863207547169
2022-10-14 22:11:50.101935 (INFO): Hits @2: 0.2191430817610063
2022-10-14 22:11:50.103843 (INFO): Hits left @3: 0.3594241352201258
2022-10-14 22:11:50.105519 (INFO): Hits right @3: 0.13895440251572327
2022-10-14 22:11:50.109038 (INFO): Hits @3: 0.24918926886792453
2022-10-14 22:11:50.112922 (INFO): Hits left @4: 0.38841391509433965
2022-10-14 22:11:50.115166 (INFO): Hits right @4: 0.15826454402515724
2022-10-14 22:11:50.119733 (INFO): Hits @4: 0.27333922955974843
2022-10-14 22:11:50.121759 (INFO): Hits left @5: 0.4112126572327044
2022-10-14 22:11:50.123418 (INFO): Hits right @5: 0.1750196540880503
2022-10-14 22:11:50.126726 (INFO): Hits @5: 0.29311615566037735
2022-10-14 22:11:50.128382 (INFO): Hits left @6: 0.42811517295597484
2022-10-14 22:11:50.133963 (INFO): Hits right @6: 0.18941627358490565
2022-10-14 22:11:50.137781 (INFO): Hits @6: 0.3087657232704403
2022-10-14 22:11:50.139457 (INFO): Hits left @7: 0.4441823899371069
2022-10-14 22:11:50.141137 (INFO): Hits right @7: 0.2027810534591195
2022-10-14 22:11:50.145419 (INFO): Hits @7: 0.32348172169811323
2022-10-14 22:11:50.147084 (INFO): Hits left @8: 0.45730149371069184
2022-10-14 22:11:50.148744 (INFO): Hits right @8: 0.21368907232704404
2022-10-14 22:11:50.152069 (INFO): Hits @8: 0.33549528301886794
2022-10-14 22:11:50.153733 (INFO): Hits left @9: 0.46894654088050314
2022-10-14 22:11:50.155398 (INFO): Hits right @9: 0.22312303459119498
2022-10-14 22:11:50.159870 (INFO): Hits @9: 0.34603478773584906
2022-10-14 22:11:50.161972 (INFO): Hits left @10: 0.47813482704402516
2022-10-14 22:11:50.163644 (INFO): Hits right @10: 0.23196737421383648
2022-10-14 22:11:50.166953 (INFO): Hits @10: 0.3550511006289308
2022-10-14 22:11:50.170149 (INFO): Mean rank left: 411.68484669811323
2022-10-14 22:11:50.171434 (INFO): Mean rank right: 751.436713836478
2022-10-14 22:11:50.174234 (INFO): Mean rank: 581.5607802672956
2022-10-14 22:11:50.175843 (INFO): Mean reciprocal rank left: 0.3290884914950121
2022-10-14 22:11:50.177527 (INFO): Mean reciprocal rank right: 0.13235293162257855
2022-10-14 22:11:50.180438 (INFO): Mean reciprocal rank: 0.23072071155879534
2022-10-14 22:11:54.011918 (INFO): train Loss: 0.0016201	99% CI: (0.0014797, 0.0017605), n=100
2022-10-14 22:11:54.943415 (INFO): train ETA: 0:00:39	99% CI: (0:00:39, 0:00:39), n=100
2022-10-14 22:11:58.079482 (INFO): train Loss: 0.0017776	99% CI: (0.0015638, 0.0019914), n=100
2022-10-14 22:11:59.056418 (INFO): train ETA: 0:00:36	99% CI: (0:00:36, 0:00:36), n=100
2022-10-14 22:12:02.048025 (INFO): train Loss: 0.0018803	99% CI: (0.0014531, 0.0023074), n=100
2022-10-14 22:12:02.989650 (INFO): train ETA: 0:00:33	99% CI: (0:00:33, 0:00:33), n=100
2022-10-14 22:12:05.931691 (INFO): train Loss: 0.0016911	99% CI: (0.0014501, 0.0019321), n=100
2022-10-14 22:12:06.873945 (INFO): train ETA: 0:00:29	99% CI: (0:00:29, 0:00:29), n=100
2022-10-14 22:12:09.915318 (INFO): train Loss: 0.0018492	99% CI: (0.0015736, 0.0021249), n=100
2022-10-14 22:12:10.870256 (INFO): train ETA: 0:00:25	99% CI: (0:00:25, 0:00:25), n=100
2022-10-14 22:12:13.966670 (INFO): train Loss: 0.0016306	99% CI: (0.0014128, 0.0018485), n=100
2022-10-14 22:12:14.871434 (INFO): train ETA: 0:00:21	99% CI: (0:00:21, 0:00:21), n=100
2022-10-14 22:12:17.882705 (INFO): train Loss: 0.0016357	99% CI: (0.0014899, 0.0017814), n=100
2022-10-14 22:12:18.816200 (INFO): train ETA: 0:00:17	99% CI: (0:00:17, 0:00:17), n=100
2022-10-14 22:12:21.885804 (INFO): train Loss: 0.0017372	99% CI: (0.0015066, 0.0019678), n=100
2022-10-14 22:12:22.822067 (INFO): train ETA: 0:00:13	99% CI: (0:00:13, 0:00:13), n=100
2022-10-14 22:12:25.916581 (INFO): train Loss: 0.0022008	99% CI: (0.0016144, 0.0027872), n=100
2022-10-14 22:12:26.899523 (INFO): train ETA: 0:00:09	99% CI: (0:00:09, 0:00:09), n=100
2022-10-14 22:12:29.929601 (INFO): train Loss: 0.0020585	99% CI: (0.0015386, 0.0025783), n=100
2022-10-14 22:12:30.867496 (INFO): train ETA: 0:00:05	99% CI: (0:00:05, 0:00:05), n=100
2022-10-14 22:12:34.039384 (INFO): train Loss: 0.0015541	99% CI: (0.0014322, 0.0016759), n=100
2022-10-14 22:12:35.023138 (INFO): train ETA: 0:00:01	99% CI: (0:00:01, 0:00:01), n=100
2022-10-14 22:12:36.834370 (INFO): Total epoch time: 0:00:46
2022-10-14 22:12:36.835698 (INFO): 

2022-10-14 22:12:36.835736 (INFO): ########################################
2022-10-14 22:12:36.835763 (INFO):           COMPLETED EPOCH: 8                              
2022-10-14 22:12:36.835783 (INFO): train Loss: 0.001642	99% CI: (0.0014223, 0.0018617), n=68
2022-10-14 22:12:36.835808 (INFO): ########################################
2022-10-14 22:12:36.835827 (INFO): 

saving to saved_models/FB15k-237_ConvTransE_0.0_0.2.model
2022-10-14 22:12:36.851363 (INFO): 
2022-10-14 22:12:36.851421 (INFO): --------------------------------------------------
2022-10-14 22:12:36.851435 (INFO): dev_evaluation
2022-10-14 22:12:36.851444 (INFO): --------------------------------------------------
2022-10-14 22:12:36.851486 (INFO): 
2022-10-14 22:13:39.620393 (INFO): Hits left @1: 0.2626953125
2022-10-14 22:13:39.622330 (INFO): Hits right @1: 0.08731617647058823
2022-10-14 22:13:39.626606 (INFO): Hits @1: 0.17500574448529413
2022-10-14 22:13:39.628850 (INFO): Hits left @2: 0.33610983455882354
2022-10-14 22:13:39.630428 (INFO): Hits right @2: 0.12247242647058823
2022-10-14 22:13:39.633886 (INFO): Hits @2: 0.22929113051470587
2022-10-14 22:13:39.635320 (INFO): Hits left @3: 0.3779871323529412
2022-10-14 22:13:39.636751 (INFO): Hits right @3: 0.15004595588235295
2022-10-14 22:13:39.639571 (INFO): Hits @3: 0.2640165441176471
2022-10-14 22:13:39.641003 (INFO): Hits left @4: 0.4055606617647059
2022-10-14 22:13:39.642425 (INFO): Hits right @4: 0.17147288602941177
2022-10-14 22:13:39.646271 (INFO): Hits @4: 0.2885167738970588
2022-10-14 22:13:39.647709 (INFO): Hits left @5: 0.4299172794117647
2022-10-14 22:13:39.649119 (INFO): Hits right @5: 0.19054457720588236
2022-10-14 22:13:39.651957 (INFO): Hits @5: 0.31023092830882354
2022-10-14 22:13:39.653397 (INFO): Hits left @6: 0.44962086397058826
2022-10-14 22:13:39.654838 (INFO): Hits right @6: 0.20542279411764705
2022-10-14 22:13:39.658027 (INFO): Hits @6: 0.32752182904411764
2022-10-14 22:13:39.659525 (INFO): Hits left @7: 0.46530330882352944
2022-10-14 22:13:39.661239 (INFO): Hits right @7: 0.21748621323529413
2022-10-14 22:13:39.664388 (INFO): Hits @7: 0.34139476102941174
2022-10-14 22:13:39.665841 (INFO): Hits left @8: 0.47989430147058826
2022-10-14 22:13:39.667271 (INFO): Hits right @8: 0.22972196691176472
2022-10-14 22:13:39.670049 (INFO): Hits @8: 0.35480813419117646
2022-10-14 22:13:39.672069 (INFO): Hits left @9: 0.49178538602941174
2022-10-14 22:13:39.673502 (INFO): Hits right @9: 0.23931525735294118
2022-10-14 22:13:39.676276 (INFO): Hits @9: 0.36555032169117646
2022-10-14 22:13:39.677690 (INFO): Hits left @10: 0.5014935661764706
2022-10-14 22:13:39.679121 (INFO): Hits right @10: 0.2485064338235294
2022-10-14 22:13:39.681929 (INFO): Hits @10: 0.375
2022-10-14 22:13:39.684711 (INFO): Mean rank left: 324.87844669117646
2022-10-14 22:13:39.685848 (INFO): Mean rank right: 701.5099954044117
2022-10-14 22:13:39.687968 (INFO): Mean rank: 513.1942210477941
2022-10-14 22:13:39.689142 (INFO): Mean reciprocal rank left: 0.3434903888253264
2022-10-14 22:13:39.690679 (INFO): Mean reciprocal rank right: 0.14143573038295557
2022-10-14 22:13:39.693322 (INFO): Mean reciprocal rank: 0.242463059604141
2022-10-14 22:13:43.601330 (INFO): train Loss: 0.001725	99% CI: (0.0013503, 0.0020997), n=100
2022-10-14 22:13:45.817807 (INFO): train ETA: 0:00:40	99% CI: (0:00:39, 0:00:40), n=100
2022-10-14 22:13:47.536012 (INFO): train Loss: 0.0018964	99% CI: (0.0014924, 0.0023005), n=100
2022-10-14 22:13:49.773659 (INFO): train ETA: 0:00:35	99% CI: (0:00:35, 0:00:35), n=100
2022-10-14 22:13:51.522473 (INFO): train Loss: 0.0016031	99% CI: (0.0014411, 0.0017651), n=100
2022-10-14 22:13:53.750011 (INFO): train ETA: 0:00:32	99% CI: (0:00:31, 0:00:32), n=100
2022-10-14 22:13:55.507761 (INFO): train Loss: 0.0016722	99% CI: (0.0014785, 0.001866), n=100
2022-10-14 22:13:57.765710 (INFO): train ETA: 0:00:28	99% CI: (0:00:28, 0:00:28), n=100
2022-10-14 22:13:59.572092 (INFO): train Loss: 0.0016758	99% CI: (0.0014057, 0.0019459), n=100
2022-10-14 22:14:01.921728 (INFO): train ETA: 0:00:24	99% CI: (0:00:24, 0:00:24), n=100
2022-10-14 22:14:03.648193 (INFO): train Loss: 0.0017563	99% CI: (0.0015084, 0.0020042), n=100
2022-10-14 22:14:05.943854 (INFO): train ETA: 0:00:20	99% CI: (0:00:20, 0:00:20), n=100
2022-10-14 22:14:07.692137 (INFO): train Loss: 0.0020165	99% CI: (0.001526, 0.0025071), n=100
2022-10-14 22:14:09.945246 (INFO): train ETA: 0:00:16	99% CI: (0:00:16, 0:00:16), n=100
2022-10-14 22:14:11.747384 (INFO): train Loss: 0.0019675	99% CI: (0.0015696, 0.0023653), n=100
2022-10-14 22:14:13.936607 (INFO): train ETA: 0:00:12	99% CI: (0:00:12, 0:00:12), n=100
2022-10-14 22:14:15.670377 (INFO): train Loss: 0.0016147	99% CI: (0.0014589, 0.0017705), n=100
2022-10-14 22:14:17.821900 (INFO): train ETA: 0:00:08	99% CI: (0:00:08, 0:00:08), n=100
2022-10-14 22:14:19.627014 (INFO): train Loss: 0.0017059	99% CI: (0.0014608, 0.001951), n=100
2022-10-14 22:14:21.782540 (INFO): train ETA: 0:00:04	99% CI: (0:00:04, 0:00:04), n=100
2022-10-14 22:14:23.515900 (INFO): train Loss: 0.0016574	99% CI: (0.00142, 0.0018947), n=100
2022-10-14 22:14:25.737030 (INFO): train ETA: 0:00:00	99% CI: (0:00:00, 0:00:00), n=100
2022-10-14 22:14:26.262816 (INFO): Total epoch time: 0:00:46
2022-10-14 22:14:26.263893 (INFO): 

2022-10-14 22:14:26.263935 (INFO): ########################################
2022-10-14 22:14:26.263958 (INFO):           COMPLETED EPOCH: 9                              
2022-10-14 22:14:26.264218 (INFO): train Loss: 0.0016617	99% CI: (0.0012703, 0.0020531), n=68
2022-10-14 22:14:26.264245 (INFO): ########################################
2022-10-14 22:14:26.264262 (INFO): 

saving to saved_models/FB15k-237_ConvTransE_0.0_0.2.model
2022-10-14 22:14:26.280424 (INFO): 
2022-10-14 22:14:26.280486 (INFO): --------------------------------------------------
2022-10-14 22:14:26.280510 (INFO): dev_evaluation
2022-10-14 22:14:26.280529 (INFO): --------------------------------------------------
2022-10-14 22:14:26.280538 (INFO): 
2022-10-14 22:15:29.063704 (INFO): Hits left @1: 0.27297794117647056
2022-10-14 22:15:29.065964 (INFO): Hits right @1: 0.0925436580882353
2022-10-14 22:15:29.070876 (INFO): Hits @1: 0.18276079963235295
2022-10-14 22:15:29.073014 (INFO): Hits left @2: 0.3459903492647059
2022-10-14 22:15:29.074536 (INFO): Hits right @2: 0.13407628676470587
2022-10-14 22:15:29.077364 (INFO): Hits @2: 0.24003331801470587
2022-10-14 22:15:29.078821 (INFO): Hits left @3: 0.38884420955882354
2022-10-14 22:15:29.080251 (INFO): Hits right @3: 0.162109375
2022-10-14 22:15:29.083535 (INFO): Hits @3: 0.27547679227941174
2022-10-14 22:15:29.085014 (INFO): Hits left @4: 0.4189453125
2022-10-14 22:15:29.086472 (INFO): Hits right @4: 0.1831341911764706
2022-10-14 22:15:29.089813 (INFO): Hits @4: 0.3010397518382353
2022-10-14 22:15:29.091232 (INFO): Hits left @5: 0.4443359375
2022-10-14 22:15:29.092706 (INFO): Hits right @5: 0.20226332720588236
2022-10-14 22:15:29.095553 (INFO): Hits @5: 0.3232996323529412
2022-10-14 22:15:29.097012 (INFO): Hits left @6: 0.46202895220588236
2022-10-14 22:15:29.098457 (INFO): Hits right @6: 0.21662454044117646
2022-10-14 22:15:29.101634 (INFO): Hits @6: 0.33932674632352944
2022-10-14 22:15:29.103427 (INFO): Hits left @7: 0.4792624080882353
2022-10-14 22:15:29.104868 (INFO): Hits right @7: 0.22909007352941177
2022-10-14 22:15:29.107684 (INFO): Hits @7: 0.35417624080882354
2022-10-14 22:15:29.109152 (INFO): Hits left @8: 0.49167049632352944
2022-10-14 22:15:29.110588 (INFO): Hits right @8: 0.24052159926470587
2022-10-14 22:15:29.113740 (INFO): Hits @8: 0.36609604779411764
2022-10-14 22:15:29.117696 (INFO): Hits left @9: 0.5028147977941176
2022-10-14 22:15:29.120299 (INFO): Hits right @9: 0.25247012867647056
2022-10-14 22:15:29.125852 (INFO): Hits @9: 0.3776424632352941
2022-10-14 22:15:29.128493 (INFO): Hits left @10: 0.5130974264705882
2022-10-14 22:15:29.130309 (INFO): Hits right @10: 0.2616613051470588
2022-10-14 22:15:29.133324 (INFO): Hits @10: 0.38737936580882354
2022-10-14 22:15:29.135418 (INFO): Mean rank left: 276.5813419117647
2022-10-14 22:15:29.136902 (INFO): Mean rank right: 566.7084673713235
2022-10-14 22:15:29.139531 (INFO): Mean rank: 421.64490464154414
2022-10-14 22:15:29.141218 (INFO): Mean reciprocal rank left: 0.35479592660931847
2022-10-14 22:15:29.142724 (INFO): Mean reciprocal rank right: 0.15064402065592591
2022-10-14 22:15:29.145340 (INFO): Mean reciprocal rank: 0.2527199736326222
2022-10-14 22:15:33.081190 (INFO): train Loss: 0.0015344	99% CI: (0.0013603, 0.0017086), n=100
2022-10-14 22:15:36.627896 (INFO): train ETA: 0:00:38	99% CI: (0:00:38, 0:00:39), n=100
2022-10-14 22:15:37.115514 (INFO): train Loss: 0.0015996	99% CI: (0.0013914, 0.0018078), n=100
2022-10-14 22:15:40.541879 (INFO): train ETA: 0:00:35	99% CI: (0:00:35, 0:00:35), n=100
2022-10-14 22:15:40.975466 (INFO): train Loss: 0.0016659	99% CI: (0.0013903, 0.0019415), n=100
2022-10-14 22:15:44.393622 (INFO): train ETA: 0:00:30	99% CI: (0:00:30, 0:00:30), n=100
2022-10-14 22:15:44.854785 (INFO): train Loss: 0.0016257	99% CI: (0.0014138, 0.0018377), n=100
2022-10-14 22:15:48.300077 (INFO): train ETA: 0:00:26	99% CI: (0:00:26, 0:00:26), n=100
2022-10-14 22:15:48.796808 (INFO): train Loss: 0.0018516	99% CI: (0.0015468, 0.0021565), n=100
2022-10-14 22:15:52.197285 (INFO): train ETA: 0:00:22	99% CI: (0:00:22, 0:00:22), n=100
2022-10-14 22:15:52.656054 (INFO): train Loss: 0.0017169	99% CI: (0.0013548, 0.002079), n=100
2022-10-14 22:15:56.154859 (INFO): train ETA: 0:00:18	99% CI: (0:00:18, 0:00:18), n=100
2022-10-14 22:15:56.624457 (INFO): train Loss: 0.0016467	99% CI: (0.0014207, 0.0018727), n=100
2022-10-14 22:16:00.083693 (INFO): train ETA: 0:00:14	99% CI: (0:00:14, 0:00:14), n=100
2022-10-14 22:16:00.554113 (INFO): train Loss: 0.0015593	99% CI: (0.0013827, 0.0017359), n=100
2022-10-14 22:16:03.912597 (INFO): train ETA: 0:00:11	99% CI: (0:00:11, 0:00:11), n=100
2022-10-14 22:16:04.417833 (INFO): train Loss: 0.0015383	99% CI: (0.0013911, 0.0016855), n=100
2022-10-14 22:16:07.782551 (INFO): train ETA: 0:00:07	99% CI: (0:00:07, 0:00:07), n=100
2022-10-14 22:16:08.231228 (INFO): train Loss: 0.0015106	99% CI: (0.0013677, 0.0016535), n=100
2022-10-14 22:16:11.647491 (INFO): train ETA: 0:00:03	99% CI: (0:00:03, 0:00:03), n=100
2022-10-14 22:16:12.091910 (INFO): train Loss: 0.0016462	99% CI: (0.001318, 0.0019744), n=100
2022-10-14 22:16:14.799717 (INFO): Total epoch time: 0:00:45
2022-10-14 22:16:14.800978 (INFO): 

2022-10-14 22:16:14.801020 (INFO): ########################################
2022-10-14 22:16:14.801048 (INFO):           COMPLETED EPOCH: 10                              
2022-10-14 22:16:14.801063 (INFO): train Loss: 0.0019506	99% CI: (0.0013553, 0.0025459), n=68
2022-10-14 22:16:14.801080 (INFO): ########################################
2022-10-14 22:16:14.801099 (INFO): 

saving to saved_models/FB15k-237_ConvTransE_0.0_0.2.model
2022-10-14 22:16:14.815347 (INFO): 
2022-10-14 22:16:14.815398 (INFO): --------------------------------------------------
2022-10-14 22:16:14.815410 (INFO): dev_evaluation
2022-10-14 22:16:14.815425 (INFO): --------------------------------------------------
2022-10-14 22:16:14.815436 (INFO): 
2022-10-14 22:17:16.595112 (INFO): Hits left @1: 0.27688419117647056
2022-10-14 22:17:16.597744 (INFO): Hits right @1: 0.09731158088235294
2022-10-14 22:17:16.602054 (INFO): Hits @1: 0.18709788602941177
2022-10-14 22:17:16.604407 (INFO): Hits left @2: 0.35110294117647056
2022-10-14 22:17:16.605899 (INFO): Hits right @2: 0.13683363970588236
2022-10-14 22:17:16.608715 (INFO): Hits @2: 0.24396829044117646
2022-10-14 22:17:16.610198 (INFO): Hits left @3: 0.39504825367647056
2022-10-14 22:17:16.611646 (INFO): Hits right @3: 0.16664751838235295
2022-10-14 22:17:16.614463 (INFO): Hits @3: 0.28084788602941174
2022-10-14 22:17:16.616693 (INFO): Hits left @4: 0.4286534926470588
2022-10-14 22:17:16.618162 (INFO): Hits right @4: 0.19117647058823528
2022-10-14 22:17:16.621010 (INFO): Hits @4: 0.3099149816176471
2022-10-14 22:17:16.622453 (INFO): Hits left @5: 0.451171875
2022-10-14 22:17:16.623877 (INFO): Hits right @5: 0.2094439338235294
2022-10-14 22:17:16.626955 (INFO): Hits @5: 0.3303079044117647
2022-10-14 22:17:16.628397 (INFO): Hits left @6: 0.47053079044117646
2022-10-14 22:17:16.630139 (INFO): Hits right @6: 0.22334558823529413
2022-10-14 22:17:16.632936 (INFO): Hits @6: 0.3469381893382353
2022-10-14 22:17:16.634391 (INFO): Hits left @7: 0.4859834558823529
2022-10-14 22:17:16.635811 (INFO): Hits right @7: 0.236328125
2022-10-14 22:17:16.638620 (INFO): Hits @7: 0.36115579044117646
2022-10-14 22:17:16.640044 (INFO): Hits left @8: 0.49885110294117646
2022-10-14 22:17:16.641854 (INFO): Hits right @8: 0.2475873161764706
2022-10-14 22:17:16.644639 (INFO): Hits @8: 0.37321920955882354
2022-10-14 22:17:16.665532 (INFO): Hits left @9: 0.5111443014705882
2022-10-14 22:17:16.667006 (INFO): Hits right @9: 0.2587316176470588
2022-10-14 22:17:16.669826 (INFO): Hits @9: 0.38493795955882354
2022-10-14 22:17:16.671251 (INFO): Hits left @10: 0.5221162683823529
2022-10-14 22:17:16.672661 (INFO): Hits right @10: 0.2688993566176471
2022-10-14 22:17:16.675453 (INFO): Hits @10: 0.3955078125
2022-10-14 22:17:16.678003 (INFO): Mean rank left: 253.80870863970588
2022-10-14 22:17:16.679108 (INFO): Mean rank right: 511.96369485294116
2022-10-14 22:17:16.681444 (INFO): Mean rank: 382.88620174632354
2022-10-14 22:17:16.682998 (INFO): Mean reciprocal rank left: 0.3602780501847422
2022-10-14 22:17:16.684451 (INFO): Mean reciprocal rank right: 0.1556927049405233
2022-10-14 22:17:16.687269 (INFO): Mean reciprocal rank: 0.25798537756263273
2022-10-14 22:17:16.689857 (INFO): 
2022-10-14 22:17:16.689880 (INFO): --------------------------------------------------
2022-10-14 22:17:16.689894 (INFO): test_evaluation
2022-10-14 22:17:16.689903 (INFO): --------------------------------------------------
2022-10-14 22:17:16.689911 (INFO): 
2022-10-14 22:18:28.633589 (INFO): Hits left @1: 0.27353577044025157
2022-10-14 22:18:28.636851 (INFO): Hits right @1: 0.09886006289308176
2022-10-14 22:18:28.641875 (INFO): Hits @1: 0.18619791666666666
2022-10-14 22:18:28.643338 (INFO): Hits left @2: 0.3524469339622642
2022-10-14 22:18:28.644743 (INFO): Hits right @2: 0.13944575471698112
2022-10-14 22:18:28.647564 (INFO): Hits @2: 0.24594634433962265
2022-10-14 22:18:28.649321 (INFO): Hits left @3: 0.39568592767295596
2022-10-14 22:18:28.650974 (INFO): Hits right @3: 0.16769850628930819
2022-10-14 22:18:28.653760 (INFO): Hits @3: 0.28169221698113206
2022-10-14 22:18:28.655180 (INFO): Hits left @4: 0.425314465408805
2022-10-14 22:18:28.656575 (INFO): Hits right @4: 0.19310141509433962
2022-10-14 22:18:28.659990 (INFO): Hits @4: 0.30920794025157233
2022-10-14 22:18:28.661475 (INFO): Hits left @5: 0.4491450471698113
2022-10-14 22:18:28.662874 (INFO): Hits right @5: 0.21069182389937108
2022-10-14 22:18:28.665671 (INFO): Hits @5: 0.3299184355345912
2022-10-14 22:18:28.667053 (INFO): Hits left @6: 0.46752161949685533
2022-10-14 22:18:28.668863 (INFO): Hits right @6: 0.22503930817610063
2022-10-14 22:18:28.671649 (INFO): Hits @6: 0.346280463836478
2022-10-14 22:18:28.673362 (INFO): Hits left @7: 0.4839819182389937
2022-10-14 22:18:28.674795 (INFO): Hits right @7: 0.23923938679245282
2022-10-14 22:18:28.677635 (INFO): Hits @7: 0.3616106525157233
2022-10-14 22:18:28.679506 (INFO): Hits left @8: 0.4964622641509434
2022-10-14 22:18:28.680913 (INFO): Hits right @8: 0.2521128144654088
2022-10-14 22:18:28.683673 (INFO): Hits @8: 0.3742875393081761
2022-10-14 22:18:28.685934 (INFO): Hits left @9: 0.5097287735849056
2022-10-14 22:18:28.687359 (INFO): Hits right @9: 0.2641018081761006
2022-10-14 22:18:28.690257 (INFO): Hits @9: 0.38691529088050314
2022-10-14 22:18:28.691724 (INFO): Hits left @10: 0.5204893867924528
2022-10-14 22:18:28.693365 (INFO): Hits right @10: 0.2731426886792453
2022-10-14 22:18:28.696139 (INFO): Hits @10: 0.39681603773584906
2022-10-14 22:18:28.698666 (INFO): Mean rank left: 267.9100825471698
2022-10-14 22:18:28.699853 (INFO): Mean rank right: 526.3373624213837
2022-10-14 22:18:28.702338 (INFO): Mean rank: 397.12372248427675
2022-10-14 22:18:28.703868 (INFO): Mean reciprocal rank left: 0.3581332203541312
2022-10-14 22:18:28.704984 (INFO): Mean reciprocal rank right: 0.15754504204888384
2022-10-14 22:18:28.707419 (INFO): Mean reciprocal rank: 0.2578391312015075
2022-10-14 22:18:32.694508 (INFO): train Loss: 0.0018002	99% CI: (0.0015882, 0.0020122), n=100
2022-10-14 22:18:33.471747 (INFO): train ETA: 0:00:40	99% CI: (0:00:40, 0:00:41), n=100
2022-10-14 22:18:36.667056 (INFO): train Loss: 0.0016554	99% CI: (0.0014212, 0.0018895), n=100
2022-10-14 22:18:37.470760 (INFO): train ETA: 0:00:37	99% CI: (0:00:37, 0:00:37), n=100
2022-10-14 22:18:40.826089 (INFO): train Loss: 0.0017438	99% CI: (0.0014518, 0.0020359), n=100
2022-10-14 22:18:41.627134 (INFO): train ETA: 0:00:34	99% CI: (0:00:34, 0:00:34), n=100
2022-10-14 22:18:44.818191 (INFO): train Loss: 0.001695	99% CI: (0.0014433, 0.0019467), n=100
2022-10-14 22:18:45.646978 (INFO): train ETA: 0:00:30	99% CI: (0:00:30, 0:00:30), n=100
2022-10-14 22:18:48.855140 (INFO): train Loss: 0.0014891	99% CI: (0.0013427, 0.0016354), n=100
2022-10-14 22:18:49.697070 (INFO): train ETA: 0:00:26	99% CI: (0:00:26, 0:00:26), n=100
2022-10-14 22:18:52.765488 (INFO): train Loss: 0.0016452	99% CI: (0.0013787, 0.0019117), n=100
2022-10-14 22:18:53.548898 (INFO): train ETA: 0:00:22	99% CI: (0:00:22, 0:00:22), n=100
2022-10-14 22:18:56.804411 (INFO): train Loss: 0.0016496	99% CI: (0.0014272, 0.001872), n=100
2022-10-14 22:18:57.573174 (INFO): train ETA: 0:00:17	99% CI: (0:00:17, 0:00:17), n=100
2022-10-14 22:19:00.642401 (INFO): train Loss: 0.0015956	99% CI: (0.0014384, 0.0017528), n=100
2022-10-14 22:19:01.504250 (INFO): train ETA: 0:00:13	99% CI: (0:00:13, 0:00:13), n=100
2022-10-14 22:19:04.759907 (INFO): train Loss: 0.0019565	99% CI: (0.0014509, 0.0024621), n=100
2022-10-14 22:19:05.501090 (INFO): train ETA: 0:00:10	99% CI: (0:00:09, 0:00:10), n=100
2022-10-14 22:19:08.705081 (INFO): train Loss: 0.0016285	99% CI: (0.0013105, 0.0019465), n=100
2022-10-14 22:19:09.469512 (INFO): train ETA: 0:00:05	99% CI: (0:00:05, 0:00:06), n=100
2022-10-14 22:19:12.756606 (INFO): train Loss: 0.0017905	99% CI: (0.0014532, 0.0021278), n=100
2022-10-14 22:19:13.555531 (INFO): train ETA: 0:00:01	99% CI: (0:00:01, 0:00:01), n=100
2022-10-14 22:19:15.535423 (INFO): Total epoch time: 0:00:46
2022-10-14 22:19:15.536596 (INFO): 

2022-10-14 22:19:15.536629 (INFO): ########################################
2022-10-14 22:19:15.536652 (INFO):           COMPLETED EPOCH: 11                              
2022-10-14 22:19:15.536669 (INFO): train Loss: 0.0016562	99% CI: (0.0014366, 0.0018758), n=68
2022-10-14 22:19:15.536682 (INFO): ########################################
2022-10-14 22:19:15.536695 (INFO): 

saving to saved_models/FB15k-237_ConvTransE_0.0_0.2.model
2022-10-14 22:19:15.551971 (INFO): 
2022-10-14 22:19:15.552030 (INFO): --------------------------------------------------
2022-10-14 22:19:15.552042 (INFO): dev_evaluation
2022-10-14 22:19:15.552058 (INFO): --------------------------------------------------
2022-10-14 22:19:15.552067 (INFO): 
2022-10-14 22:20:18.285120 (INFO): Hits left @1: 0.28498391544117646
2022-10-14 22:20:18.287688 (INFO): Hits right @1: 0.10604319852941177
2022-10-14 22:20:18.293160 (INFO): Hits @1: 0.19551355698529413
2022-10-14 22:20:18.294623 (INFO): Hits left @2: 0.36190257352941174
2022-10-14 22:20:18.296090 (INFO): Hits right @2: 0.15257352941176472
2022-10-14 22:20:18.298958 (INFO): Hits @2: 0.25723805147058826
2022-10-14 22:20:18.300425 (INFO): Hits left @3: 0.40900735294117646
2022-10-14 22:20:18.301902 (INFO): Hits right @3: 0.18428308823529413
2022-10-14 22:20:18.305213 (INFO): Hits @3: 0.2966452205882353
2022-10-14 22:20:18.306660 (INFO): Hits left @4: 0.43928079044117646
2022-10-14 22:20:18.308091 (INFO): Hits right @4: 0.2065716911764706
2022-10-14 22:20:18.310984 (INFO): Hits @4: 0.32292624080882354
2022-10-14 22:20:18.312416 (INFO): Hits left @5: 0.4641544117647059
2022-10-14 22:20:18.313882 (INFO): Hits right @5: 0.22288602941176472
2022-10-14 22:20:18.317579 (INFO): Hits @5: 0.3435202205882353
2022-10-14 22:20:18.319040 (INFO): Hits left @6: 0.48357077205882354
2022-10-14 22:20:18.320488 (INFO): Hits right @6: 0.23839613970588236
2022-10-14 22:20:18.323331 (INFO): Hits @6: 0.3609834558823529
2022-10-14 22:20:18.324768 (INFO): Hits left @7: 0.4986787683823529
2022-10-14 22:20:18.326206 (INFO): Hits right @7: 0.2539636948529412
2022-10-14 22:20:18.329634 (INFO): Hits @7: 0.3763212316176471
2022-10-14 22:20:18.331076 (INFO): Hits left @8: 0.5133272058823529
2022-10-14 22:20:18.332507 (INFO): Hits right @8: 0.2669462316176471
2022-10-14 22:20:18.335354 (INFO): Hits @8: 0.39013671875
2022-10-14 22:20:18.336808 (INFO): Hits left @9: 0.525390625
2022-10-14 22:20:18.338603 (INFO): Hits right @9: 0.2785500919117647
2022-10-14 22:20:18.341434 (INFO): Hits @9: 0.40197035845588236
2022-10-14 22:20:18.342904 (INFO): Hits left @10: 0.5372242647058824
2022-10-14 22:20:18.344378 (INFO): Hits right @10: 0.2900390625
2022-10-14 22:20:18.347192 (INFO): Hits @10: 0.4136316636029412
2022-10-14 22:20:18.349954 (INFO): Mean rank left: 233.6066176470588
2022-10-14 22:20:18.351111 (INFO): Mean rank right: 457.13005514705884
2022-10-14 22:20:18.353513 (INFO): Mean rank: 345.36833639705884
2022-10-14 22:20:18.355167 (INFO): Mean reciprocal rank left: 0.37070110882420565
2022-10-14 22:20:18.356728 (INFO): Mean reciprocal rank right: 0.16870760564917964
2022-10-14 22:20:18.359337 (INFO): Mean reciprocal rank: 0.26970435723669267
2022-10-14 22:20:22.318954 (INFO): train Loss: 0.0015953	99% CI: (0.0014069, 0.0017837), n=100
2022-10-14 22:20:24.278430 (INFO): train ETA: 0:00:39	99% CI: (0:00:39, 0:00:40), n=100
2022-10-14 22:20:26.182616 (INFO): train Loss: 0.0015353	99% CI: (0.0013741, 0.0016965), n=100
2022-10-14 22:20:28.303463 (INFO): train ETA: 0:00:35	99% CI: (0:00:35, 0:00:35), n=100
2022-10-14 22:20:30.213638 (INFO): train Loss: 0.0016722	99% CI: (0.0014028, 0.0019415), n=100
2022-10-14 22:20:32.249300 (INFO): train ETA: 0:00:32	99% CI: (0:00:32, 0:00:32), n=100
2022-10-14 22:20:34.184803 (INFO): train Loss: 0.0017828	99% CI: (0.0014172, 0.0021485), n=100
2022-10-14 22:20:36.226584 (INFO): train ETA: 0:00:28	99% CI: (0:00:28, 0:00:28), n=100
2022-10-14 22:20:38.163637 (INFO): train Loss: 0.0017303	99% CI: (0.0014122, 0.0020484), n=100
2022-10-14 22:20:40.276413 (INFO): train ETA: 0:00:24	99% CI: (0:00:24, 0:00:24), n=100
2022-10-14 22:20:42.166961 (INFO): train Loss: 0.0016718	99% CI: (0.0013843, 0.0019592), n=100
2022-10-14 22:20:44.232253 (INFO): train ETA: 0:00:20	99% CI: (0:00:20, 0:00:20), n=100
2022-10-14 22:20:46.120233 (INFO): train Loss: 0.0016907	99% CI: (0.0014231, 0.0019583), n=100
2022-10-14 22:20:48.260094 (INFO): train ETA: 0:00:16	99% CI: (0:00:16, 0:00:16), n=100
2022-10-14 22:20:50.147756 (INFO): train Loss: 0.001559	99% CI: (0.0013802, 0.0017377), n=100
2022-10-14 22:20:52.244094 (INFO): train ETA: 0:00:12	99% CI: (0:00:12, 0:00:12), n=100
2022-10-14 22:20:54.153735 (INFO): train Loss: 0.0018746	99% CI: (0.0015481, 0.002201), n=100
2022-10-14 22:20:56.172410 (INFO): train ETA: 0:00:08	99% CI: (0:00:08, 0:00:08), n=100
2022-10-14 22:20:58.034666 (INFO): train Loss: 0.0014527	99% CI: (0.0013249, 0.0015804), n=100
2022-10-14 22:21:00.110809 (INFO): train ETA: 0:00:04	99% CI: (0:00:04, 0:00:04), n=100
2022-10-14 22:21:02.043941 (INFO): train Loss: 0.0016669	99% CI: (0.0014572, 0.0018765), n=100
2022-10-14 22:21:04.053967 (INFO): train ETA: 0:00:00	99% CI: (0:00:00, 0:00:00), n=100
2022-10-14 22:21:04.738903 (INFO): Total epoch time: 0:00:46
2022-10-14 22:21:04.739925 (INFO): 

2022-10-14 22:21:04.739963 (INFO): ########################################
2022-10-14 22:21:04.739990 (INFO):           COMPLETED EPOCH: 12                              
2022-10-14 22:21:04.740007 (INFO): train Loss: 0.0014536	99% CI: (0.0013412, 0.001566), n=68
2022-10-14 22:21:04.740022 (INFO): ########################################
2022-10-14 22:21:04.740042 (INFO): 

saving to saved_models/FB15k-237_ConvTransE_0.0_0.2.model
2022-10-14 22:21:04.754460 (INFO): 
2022-10-14 22:21:04.754521 (INFO): --------------------------------------------------
2022-10-14 22:21:04.754536 (INFO): dev_evaluation
2022-10-14 22:21:04.754545 (INFO): --------------------------------------------------
2022-10-14 22:21:04.754554 (INFO): 
2022-10-14 22:22:07.102345 (INFO): Hits left @1: 0.29061351102941174
2022-10-14 22:22:07.105276 (INFO): Hits right @1: 0.1105813419117647
2022-10-14 22:22:07.109852 (INFO): Hits @1: 0.20059742647058823
2022-10-14 22:22:07.111749 (INFO): Hits left @2: 0.3713809742647059
2022-10-14 22:22:07.113338 (INFO): Hits right @2: 0.15556066176470587
2022-10-14 22:22:07.116151 (INFO): Hits @2: 0.2634708180147059
2022-10-14 22:22:07.117850 (INFO): Hits left @3: 0.4156709558823529
2022-10-14 22:22:07.119307 (INFO): Hits right @3: 0.18566176470588236
2022-10-14 22:22:07.122134 (INFO): Hits @3: 0.30066636029411764
2022-10-14 22:22:07.124264 (INFO): Hits left @4: 0.44784007352941174
2022-10-14 22:22:07.126106 (INFO): Hits right @4: 0.20967371323529413
2022-10-14 22:22:07.128954 (INFO): Hits @4: 0.3287568933823529
2022-10-14 22:22:07.130781 (INFO): Hits left @5: 0.4739774816176471
2022-10-14 22:22:07.132220 (INFO): Hits right @5: 0.23035386029411764
2022-10-14 22:22:07.135044 (INFO): Hits @5: 0.35216567095588236
2022-10-14 22:22:07.136467 (INFO): Hits left @6: 0.4941980698529412
2022-10-14 22:22:07.138107 (INFO): Hits right @6: 0.24718520220588236
2022-10-14 22:22:07.141084 (INFO): Hits @6: 0.37069163602941174
2022-10-14 22:22:07.142712 (INFO): Hits left @7: 0.5110294117647058
2022-10-14 22:22:07.144342 (INFO): Hits right @7: 0.2620634191176471
2022-10-14 22:22:07.147209 (INFO): Hits @7: 0.38654641544117646
2022-10-14 22:22:07.148824 (INFO): Hits left @8: 0.5250459558823529
2022-10-14 22:22:07.150224 (INFO): Hits right @8: 0.2736672794117647
2022-10-14 22:22:07.153167 (INFO): Hits @8: 0.3993566176470588
2022-10-14 22:22:07.154797 (INFO): Hits left @9: 0.5380859375
2022-10-14 22:22:07.156206 (INFO): Hits right @9: 0.2863625919117647
2022-10-14 22:22:07.159214 (INFO): Hits @9: 0.41222426470588236
2022-10-14 22:22:07.160638 (INFO): Hits left @10: 0.5484834558823529
2022-10-14 22:22:07.162032 (INFO): Hits right @10: 0.2980813419117647
2022-10-14 22:22:07.164731 (INFO): Hits @10: 0.4232823988970588
2022-10-14 22:22:07.167204 (INFO): Mean rank left: 209.0470473345588
2022-10-14 22:22:07.168452 (INFO): Mean rank right: 429.7112821691176
2022-10-14 22:22:07.170774 (INFO): Mean rank: 319.37916475183823
2022-10-14 22:22:07.172241 (INFO): Mean reciprocal rank left: 0.3783272118625006
2022-10-14 22:22:07.174730 (INFO): Mean reciprocal rank right: 0.17388362393614254
2022-10-14 22:22:07.177802 (INFO): Mean reciprocal rank: 0.2761054178993215
