2022-10-14 23:13:23.229176 (INFO): Set parameter model_name to SACN
2022-10-14 23:13:23.229368 (INFO): Set parameter dataset to FB15k-237
2022-10-14 23:13:23.229386 (INFO): Set parameter process to True
2022-10-14 23:13:23.229489 (WARNING): delete_all_previous_data=True! Deleting all folder contents of folder /root/.data/FB15k-237!
2022-10-14 23:13:23.761816 (INFO): Recreating path: /root/.data/FB15k-237
2022-10-14 23:13:23.797942 (INFO): Time taken for 10000 samples for input type e2_multi1 for processor AddToVocab: 0.02 seconds
2022-10-14 23:13:24.170337 (INFO): Time taken for 10000 samples for input type e2 for processor ToLower: 0.01 seconds
2022-10-14 23:13:24.170568 (INFO): Time taken for 10000 samples for input type e2 for processor SaveLengthsToState: 0.03 seconds
2022-10-14 23:13:24.694536 (INFO): Time taken for 10000 samples for input type e2_multi2 for processor CustomTokenizer: 0.02 seconds
2022-10-14 23:13:39.874758 (INFO): Time taken for 10000 samples for input type e2 for processor ConvertTokenToIdx: 0.11 seconds
2022-10-14 23:13:39.875017 (INFO): Time taken for 10000 samples for input type e2 for processor StreamToHDF5: 0.2 seconds
2022-10-14 23:13:48.407067 (INFO): Processed 50000 samples so far...
2022-10-14 23:13:48.408445 (INFO): Processed 50000 samples so far...
2022-10-14 23:13:48.414090 (INFO): Processed 50000 samples so far...
2022-10-14 23:13:48.419273 (INFO): Processed 50000 samples so far...
2022-10-14 23:13:48.455976 (INFO): Processed 50000 samples so far...
2022-10-14 23:13:48.462317 (INFO): Processed 50000 samples so far...
2022-10-14 23:13:57.131770 (INFO): Processed 100000 samples so far...
2022-10-14 23:13:57.133111 (INFO): Processed 100000 samples so far...
2022-10-14 23:13:57.138401 (INFO): Processed 100000 samples so far...
2022-10-14 23:13:57.143445 (INFO): Processed 100000 samples so far...
2022-10-14 23:13:57.177258 (INFO): Processed 100000 samples so far...
2022-10-14 23:13:57.183018 (INFO): Processed 100000 samples so far...
2022-10-14 23:14:05.694314 (INFO): Processed 150000 samples so far...
2022-10-14 23:14:05.696076 (INFO): Processed 150000 samples so far...
2022-10-14 23:14:05.702039 (INFO): Processed 150000 samples so far...
2022-10-14 23:14:05.708005 (INFO): Processed 150000 samples so far...
2022-10-14 23:14:05.744226 (INFO): Processed 150000 samples so far...
2022-10-14 23:14:05.750277 (INFO): Processed 150000 samples so far...
2022-10-14 23:14:07.845824 (INFO): Saving vocab to: /root/.data/FB15k-237/vocab
2022-10-14 23:14:07.846014 (INFO): Saving vocab to: /root/.data/FB15k-237/vocab_e1
2022-10-14 23:14:07.851216 (INFO): Saving vocab to: /root/.data/FB15k-237/vocab_rel
2022-10-14 23:14:07.851506 (INFO): Saving vocab to: /root/.data/FB15k-237/vocab_rel_eval
2022-10-14 23:14:07.851621 (INFO): Saving vocab to: /root/.data/FB15k-237/vocab_e2
2022-10-14 23:14:07.851740 (INFO): Saving vocab to: /root/.data/FB15k-237/vocab_e2_multi1
2022-10-14 23:14:07.856302 (INFO): Saving vocab to: /root/.data/FB15k-237/vocab_e2_multi2
2022-10-14 23:14:07.984302 (INFO): Time taken for 10000 samples for input type e2 for processor ToLower: 0.01 seconds
2022-10-14 23:14:07.984398 (INFO): Time taken for 10000 samples for input type e2 for processor SaveLengthsToState: 0.03 seconds
2022-10-14 23:14:08.207822 (INFO): Time taken for 10000 samples for input type e2_multi2 for processor CustomTokenizer: 0.02 seconds
2022-10-14 23:14:17.923745 (INFO): Time taken for 10000 samples for input type e2 for processor ConvertTokenToIdx: 0.09 seconds
2022-10-14 23:14:17.923903 (INFO): Time taken for 10000 samples for input type e2 for processor StreamToHDF5: 0.18 seconds
2022-10-14 23:14:26.064367 (INFO): Processed 50000 samples so far...
2022-10-14 23:14:26.065806 (INFO): Processed 50000 samples so far...
2022-10-14 23:14:26.071227 (INFO): Processed 50000 samples so far...
2022-10-14 23:14:26.076448 (INFO): Processed 50000 samples so far...
2022-10-14 23:14:26.106445 (INFO): Processed 50000 samples so far...
2022-10-14 23:14:26.112404 (INFO): Processed 50000 samples so far...
2022-10-14 23:14:34.469686 (INFO): Processed 100000 samples so far...
2022-10-14 23:14:34.471229 (INFO): Processed 100000 samples so far...
2022-10-14 23:14:34.477207 (INFO): Processed 100000 samples so far...
2022-10-14 23:14:34.483026 (INFO): Processed 100000 samples so far...
2022-10-14 23:14:34.515039 (INFO): Processed 100000 samples so far...
2022-10-14 23:14:34.521483 (INFO): Processed 100000 samples so far...
2022-10-14 23:15:09.545896 (WARNING): Pipeline path /root/.data/FB15k-237 already exist. This pipeline may overwrite data in this path!
2022-10-14 23:15:09.549279 (INFO): Loading vocab from: /root/.data/FB15k-237/vocab
2022-10-14 23:15:09.549456 (INFO): Loading vocab from: /root/.data/FB15k-237/vocab_e1
2022-10-14 23:15:09.553693 (INFO): Loading vocab from: /root/.data/FB15k-237/vocab_rel
2022-10-14 23:15:09.554015 (INFO): Loading vocab from: /root/.data/FB15k-237/vocab_rel_eval
2022-10-14 23:15:09.554125 (INFO): Loading vocab from: /root/.data/FB15k-237/vocab_e2
2022-10-14 23:15:09.554227 (INFO): Loading vocab from: /root/.data/FB15k-237/vocab_e2_multi1
2022-10-14 23:15:09.558508 (INFO): Loading vocab from: /root/.data/FB15k-237/vocab_e2_multi2
batch number: 0
batch number: 10
batch number: 20
batch number: 30
batch number: 40
batch number: 50
batch number: 60
batch number: 70
batch number: 80
batch number: 90
batch number: 100
batch number: 110
batch number: 120
batch number: 130
batch number: 140
batch number: 150
batch number: 160
batch number: 170
batch number: 180
batch number: 190
batch number: 200
batch number: 210
batch number: 220
batch number: 230
batch number: 240
batch number: 250
batch number: 260
batch number: 270
batch number: 280
batch number: 290
batch number: 300
batch number: 310
batch number: 320
batch number: 330
batch number: 340
batch number: 350
batch number: 360
batch number: 370
batch number: 380
batch number: 390
batch number: 400
batch number: 410
batch number: 420
batch number: 430
batch number: 440
batch number: 450
batch number: 460
batch number: 470
batch number: 480
batch number: 490
batch number: 500
batch number: 510
batch number: 520
batch number: 530
batch number: 540
batch number: 550
batch number: 560
batch number: 570
batch number: 580
batch number: 590
batch number: 600
batch number: 610
batch number: 620
batch number: 630
batch number: 640
batch number: 650
batch number: 660
batch number: 670
batch number: 680
batch number: 690
batch number: 700
batch number: 710
batch number: 720
batch number: 730
batch number: 740
batch number: 750
batch number: 760
batch number: 770
batch number: 780
batch number: 790
batch number: 800
batch number: 810
batch number: 820
batch number: 830
batch number: 840
batch number: 850
batch number: 860
batch number: 870
batch number: 880
batch number: 890
batch number: 900
batch number: 910
batch number: 920
batch number: 930
batch number: 940
batch number: 950
batch number: 960
batch number: 970
batch number: 980
batch number: 990
batch number: 1000
batch number: 1010
batch number: 1020
batch number: 1030
batch number: 1040
batch number: 1050
batch number: 1060
batch number: 1070
batch number: 1080
batch number: 1090
batch number: 1100
batch number: 1110
batch number: 1120
batch number: 1130
batch number: 1140
batch number: 1150
batch number: 1160
Finished the preprocessing
14543 476
[14543, 1454300, 20000, 200, 477, 40000, 200, 477, 95200, 2000, 200, 2, 2, 200, 200, 200, 200, 8000000, 200, 200, 200, 200, 200, 100, 100]
9629601
2022-10-14 23:24:27.613889 (INFO): train Loss: 0.1206	99% CI: (0.074961, 0.16625), n=100
2022-10-14 23:24:56.583228 (INFO): train ETA: 0:04:55	99% CI: (0:04:55, 0:04:56), n=100
2022-10-14 23:24:56.583852 (INFO): train Loss: 0.005945	99% CI: (0.0049512, 0.0069388), n=100
2022-10-14 23:25:25.480896 (INFO): train ETA: 0:04:19	99% CI: (0:04:19, 0:04:20), n=100
2022-10-14 23:25:25.481711 (INFO): train Loss: 0.0032805	99% CI: (0.0029563, 0.0036047), n=100
2022-10-14 23:25:54.170606 (INFO): train ETA: 0:03:47	99% CI: (0:03:47, 0:03:47), n=100
2022-10-14 23:25:54.171253 (INFO): train Loss: 0.0028649	99% CI: (0.0024881, 0.0032417), n=100
2022-10-14 23:26:22.838906 (INFO): train ETA: 0:03:16	99% CI: (0:03:16, 0:03:16), n=100
2022-10-14 23:26:22.840293 (INFO): train Loss: 0.0026219	99% CI: (0.0022601, 0.0029837), n=100
2022-10-14 23:26:51.319090 (INFO): train ETA: 0:02:46	99% CI: (0:02:46, 0:02:46), n=100
2022-10-14 23:26:51.319731 (INFO): train Loss: 0.0024323	99% CI: (0.002147, 0.0027177), n=100
2022-10-14 23:27:19.952400 (INFO): train ETA: 0:02:16	99% CI: (0:02:16, 0:02:16), n=100
2022-10-14 23:27:19.953210 (INFO): train Loss: 0.0029796	99% CI: (0.0020225, 0.0039367), n=100
2022-10-14 23:27:48.240899 (INFO): train ETA: 0:01:47	99% CI: (0:01:47, 0:01:47), n=100
2022-10-14 23:27:48.241858 (INFO): train Loss: 0.0023992	99% CI: (0.0019878, 0.0028107), n=100
2022-10-14 23:28:16.652005 (INFO): train ETA: 0:01:18	99% CI: (0:01:18, 0:01:18), n=100
2022-10-14 23:28:16.652505 (INFO): train Loss: 0.0024482	99% CI: (0.0019897, 0.0029068), n=100
2022-10-14 23:28:44.986399 (INFO): train ETA: 0:00:49	99% CI: (0:00:48, 0:00:49), n=100
2022-10-14 23:28:44.987027 (INFO): train Loss: 0.0025831	99% CI: (0.0017069, 0.0034593), n=100
2022-10-14 23:29:13.251419 (INFO): train ETA: 0:00:20	99% CI: (0:00:20, 0:00:20), n=100
2022-10-14 23:29:13.252129 (INFO): train Loss: 0.0024871	99% CI: (0.0019632, 0.0030111), n=100
2022-10-14 23:29:32.887075 (INFO): Total epoch time: 0:05:36
2022-10-14 23:29:32.888507 (INFO): 

2022-10-14 23:29:32.888545 (INFO): ########################################
2022-10-14 23:29:32.888571 (INFO):           COMPLETED EPOCH: 1                              
2022-10-14 23:29:32.888587 (INFO): train Loss: 0.0025977	99% CI: (0.002027, 0.0031684), n=68
2022-10-14 23:29:32.888605 (INFO): ########################################
2022-10-14 23:29:32.888622 (INFO): 

saving to saved_models/FB15k-237_SACN_0.0_0.2.model
2022-10-14 23:29:32.953568 (INFO): 
2022-10-14 23:29:32.953627 (INFO): --------------------------------------------------
2022-10-14 23:29:32.953640 (INFO): dev_evaluation
2022-10-14 23:29:32.953649 (INFO): --------------------------------------------------
2022-10-14 23:29:32.953657 (INFO): 
2022-10-14 23:31:01.382203 (INFO): Hits left @1: 0.14935661764705882
2022-10-14 23:31:01.384697 (INFO): Hits right @1: 0.024069393382352942
2022-10-14 23:31:01.388548 (INFO): Hits @1: 0.08671300551470588
2022-10-14 23:31:01.390553 (INFO): Hits left @2: 0.1977826286764706
2022-10-14 23:31:01.392918 (INFO): Hits right @2: 0.03986672794117647
2022-10-14 23:31:01.395940 (INFO): Hits @2: 0.11882467830882353
2022-10-14 23:31:01.397456 (INFO): Hits left @3: 0.2202435661764706
2022-10-14 23:31:01.398971 (INFO): Hits right @3: 0.05549172794117647
2022-10-14 23:31:01.402556 (INFO): Hits @3: 0.13786764705882354
2022-10-14 23:31:01.404072 (INFO): Hits left @4: 0.23948759191176472
2022-10-14 23:31:01.405595 (INFO): Hits right @4: 0.0634765625
2022-10-14 23:31:01.408519 (INFO): Hits @4: 0.15148207720588236
2022-10-14 23:31:01.410055 (INFO): Hits left @5: 0.2585592830882353
2022-10-14 23:31:01.411606 (INFO): Hits right @5: 0.07197840073529412
2022-10-14 23:31:01.415271 (INFO): Hits @5: 0.16526884191176472
2022-10-14 23:31:01.416790 (INFO): Hits left @6: 0.2712545955882353
2022-10-14 23:31:01.418329 (INFO): Hits right @6: 0.07823988970588236
2022-10-14 23:31:01.421744 (INFO): Hits @6: 0.17474724264705882
2022-10-14 23:31:01.423231 (INFO): Hits left @7: 0.2841796875
2022-10-14 23:31:01.424725 (INFO): Hits right @7: 0.08404181985294118
2022-10-14 23:31:01.427696 (INFO): Hits @7: 0.1841107536764706
2022-10-14 23:31:01.429546 (INFO): Hits left @8: 0.29153262867647056
2022-10-14 23:31:01.431072 (INFO): Hits right @8: 0.08875229779411764
2022-10-14 23:31:01.433969 (INFO): Hits @8: 0.19014246323529413
2022-10-14 23:31:01.435491 (INFO): Hits left @9: 0.2978515625
2022-10-14 23:31:01.437017 (INFO): Hits right @9: 0.0935202205882353
2022-10-14 23:31:01.440601 (INFO): Hits @9: 0.19568589154411764
2022-10-14 23:31:01.442148 (INFO): Hits left @10: 0.3024471507352941
2022-10-14 23:31:01.443636 (INFO): Hits right @10: 0.09846047794117647
2022-10-14 23:31:01.446544 (INFO): Hits @10: 0.20045381433823528
2022-10-14 23:31:01.449422 (INFO): Mean rank left: 1887.4477826286766
2022-10-14 23:31:01.450527 (INFO): Mean rank right: 2495.936810661765
2022-10-14 23:31:01.452877 (INFO): Mean rank: 2191.6922966452207
2022-10-14 23:31:01.454604 (INFO): Mean reciprocal rank left: 0.20155817156590147
2022-10-14 23:31:01.456265 (INFO): Mean reciprocal rank right: 0.04990352062147137
2022-10-14 23:31:01.458933 (INFO): Mean reciprocal rank: 0.1257308460936864
2022-10-14 23:31:29.918939 (INFO): train Loss: 0.0022388	99% CI: (0.0018185, 0.002659), n=100
2022-10-14 23:31:39.041167 (INFO): train ETA: 0:04:55	99% CI: (0:04:55, 0:04:55), n=100
2022-10-14 23:31:58.159165 (INFO): train Loss: 0.0024272	99% CI: (0.0021108, 0.0027436), n=100
2022-10-14 23:32:07.192924 (INFO): train ETA: 0:04:26	99% CI: (0:04:25, 0:04:26), n=100
2022-10-14 23:32:26.327360 (INFO): train Loss: 0.0022392	99% CI: (0.0018354, 0.002643), n=100
2022-10-14 23:32:35.337473 (INFO): train ETA: 0:03:56	99% CI: (0:03:56, 0:03:56), n=100
2022-10-14 23:32:54.573682 (INFO): train Loss: 0.0022407	99% CI: (0.0016866, 0.0027948), n=100
2022-10-14 23:33:03.601051 (INFO): train ETA: 0:03:28	99% CI: (0:03:28, 0:03:28), n=100
2022-10-14 23:33:22.902808 (INFO): train Loss: 0.002482	99% CI: (0.0018565, 0.0031075), n=100
2022-10-14 23:33:31.929436 (INFO): train ETA: 0:03:00	99% CI: (0:03:00, 0:03:00), n=100
2022-10-14 23:33:51.151059 (INFO): train Loss: 0.002285	99% CI: (0.0018397, 0.0027303), n=100
2022-10-14 23:34:00.239324 (INFO): train ETA: 0:02:31	99% CI: (0:02:31, 0:02:31), n=100
2022-10-14 23:34:19.519941 (INFO): train Loss: 0.0020741	99% CI: (0.0017782, 0.00237), n=100
2022-10-14 23:34:28.515244 (INFO): train ETA: 0:02:03	99% CI: (0:02:03, 0:02:03), n=100
2022-10-14 23:34:47.713398 (INFO): train Loss: 0.0020335	99% CI: (0.0017243, 0.0023426), n=100
2022-10-14 23:34:56.735450 (INFO): train ETA: 0:01:35	99% CI: (0:01:35, 0:01:35), n=100
2022-10-14 23:35:15.916802 (INFO): train Loss: 0.0020982	99% CI: (0.0017025, 0.0024939), n=100
2022-10-14 23:35:24.866964 (INFO): train ETA: 0:01:07	99% CI: (0:01:07, 0:01:07), n=100
2022-10-14 23:35:44.032496 (INFO): train Loss: 0.0024425	99% CI: (0.0018862, 0.0029987), n=100
2022-10-14 23:35:52.988555 (INFO): train ETA: 0:00:38	99% CI: (0:00:38, 0:00:38), n=100
2022-10-14 23:36:12.143000 (INFO): train Loss: 0.0019424	99% CI: (0.0017305, 0.0021544), n=100
2022-10-14 23:36:21.152551 (INFO): train ETA: 0:00:10	99% CI: (0:00:10, 0:00:10), n=100
2022-10-14 23:36:31.667625 (INFO): Total epoch time: 0:05:30
2022-10-14 23:36:31.669393 (INFO): 

2022-10-14 23:36:31.669434 (INFO): ########################################
2022-10-14 23:36:31.669471 (INFO):           COMPLETED EPOCH: 2                              
2022-10-14 23:36:31.669489 (INFO): train Loss: 0.0024985	99% CI: (0.0016788, 0.0033183), n=68
2022-10-14 23:36:31.669505 (INFO): ########################################
2022-10-14 23:36:31.669519 (INFO): 

saving to saved_models/FB15k-237_SACN_0.0_0.2.model
2022-10-14 23:36:31.744218 (INFO): 
2022-10-14 23:36:31.744280 (INFO): --------------------------------------------------
2022-10-14 23:36:31.744291 (INFO): dev_evaluation
2022-10-14 23:36:31.744300 (INFO): --------------------------------------------------
2022-10-14 23:36:31.744308 (INFO): 
2022-10-14 23:37:59.209703 (INFO): Hits left @1: 0.177734375
2022-10-14 23:37:59.212394 (INFO): Hits right @1: 0.03946461397058824
2022-10-14 23:37:59.215818 (INFO): Hits @1: 0.10859949448529412
2022-10-14 23:37:59.218587 (INFO): Hits left @2: 0.23759191176470587
2022-10-14 23:37:59.221187 (INFO): Hits right @2: 0.06089154411764706
2022-10-14 23:37:59.225903 (INFO): Hits @2: 0.14924172794117646
2022-10-14 23:37:59.228625 (INFO): Hits left @3: 0.2653377757352941
2022-10-14 23:37:59.231115 (INFO): Hits right @3: 0.07668887867647059
2022-10-14 23:37:59.235796 (INFO): Hits @3: 0.17101332720588236
2022-10-14 23:37:59.238352 (INFO): Hits left @4: 0.28561580882352944
2022-10-14 23:37:59.240829 (INFO): Hits right @4: 0.09036075367647059
2022-10-14 23:37:59.245428 (INFO): Hits @4: 0.18798828125
2022-10-14 23:37:59.247937 (INFO): Hits left @5: 0.30124080882352944
2022-10-14 23:37:59.250424 (INFO): Hits right @5: 0.10087316176470588
2022-10-14 23:37:59.255401 (INFO): Hits @5: 0.20105698529411764
2022-10-14 23:37:59.258047 (INFO): Hits left @6: 0.31652113970588236
2022-10-14 23:37:59.260368 (INFO): Hits right @6: 0.10908777573529412
2022-10-14 23:37:59.265239 (INFO): Hits @6: 0.21280445772058823
2022-10-14 23:37:59.267920 (INFO): Hits left @7: 0.3284696691176471
2022-10-14 23:37:59.270549 (INFO): Hits right @7: 0.11638327205882353
2022-10-14 23:37:59.275431 (INFO): Hits @7: 0.22242647058823528
2022-10-14 23:37:59.278048 (INFO): Hits left @8: 0.3385799632352941
2022-10-14 23:37:59.280691 (INFO): Hits right @8: 0.12298943014705882
2022-10-14 23:37:59.283765 (INFO): Hits @8: 0.23078469669117646
2022-10-14 23:37:59.285497 (INFO): Hits left @9: 0.3475988051470588
2022-10-14 23:37:59.287103 (INFO): Hits right @9: 0.1283892463235294
2022-10-14 23:37:59.290037 (INFO): Hits @9: 0.23799402573529413
2022-10-14 23:37:59.291532 (INFO): Hits left @10: 0.3561580882352941
2022-10-14 23:37:59.293179 (INFO): Hits right @10: 0.13373161764705882
2022-10-14 23:37:59.296003 (INFO): Hits @10: 0.24494485294117646
2022-10-14 23:37:59.297968 (INFO): Mean rank left: 1207.8733915441176
2022-10-14 23:37:59.299057 (INFO): Mean rank right: 1519.5241842830883
2022-10-14 23:37:59.301281 (INFO): Mean rank: 1363.698787913603
2022-10-14 23:37:59.302692 (INFO): Mean reciprocal rank left: 0.23931144230210707
2022-10-14 23:37:59.304446 (INFO): Mean reciprocal rank right: 0.07230173515678853
2022-10-14 23:37:59.308270 (INFO): Mean reciprocal rank: 0.1558065887294478
2022-10-14 23:38:27.357282 (INFO): train Loss: 0.0022612	99% CI: (0.0017114, 0.002811), n=100
2022-10-14 23:38:45.412085 (INFO): train ETA: 0:04:41	99% CI: (0:04:41, 0:04:41), n=100
2022-10-14 23:38:55.556520 (INFO): train Loss: 0.0023095	99% CI: (0.0019056, 0.0027135), n=100
2022-10-14 23:39:13.685978 (INFO): train ETA: 0:04:14	99% CI: (0:04:14, 0:04:14), n=100
2022-10-14 23:39:23.852687 (INFO): train Loss: 0.0018883	99% CI: (0.0017207, 0.0020558), n=100
2022-10-14 23:39:42.027243 (INFO): train ETA: 0:03:46	99% CI: (0:03:46, 0:03:46), n=100
2022-10-14 23:39:52.155893 (INFO): train Loss: 0.0019881	99% CI: (0.0017876, 0.0021887), n=100
2022-10-14 23:40:10.161261 (INFO): train ETA: 0:03:18	99% CI: (0:03:18, 0:03:18), n=100
2022-10-14 23:40:20.278632 (INFO): train Loss: 0.0020017	99% CI: (0.001438, 0.0025653), n=100
2022-10-14 23:40:38.365027 (INFO): train ETA: 0:02:50	99% CI: (0:02:50, 0:02:50), n=100
2022-10-14 23:40:48.484421 (INFO): train Loss: 0.0019883	99% CI: (0.0015881, 0.0023885), n=100
2022-10-14 23:41:06.620531 (INFO): train ETA: 0:02:22	99% CI: (0:02:22, 0:02:22), n=100
2022-10-14 23:41:16.777843 (INFO): train Loss: 0.0021199	99% CI: (0.0016934, 0.0025465), n=100
2022-10-14 23:41:34.946196 (INFO): train ETA: 0:01:54	99% CI: (0:01:54, 0:01:54), n=100
2022-10-14 23:41:45.150173 (INFO): train Loss: 0.0021374	99% CI: (0.0018541, 0.0024208), n=100
2022-10-14 23:42:03.382091 (INFO): train ETA: 0:01:26	99% CI: (0:01:25, 0:01:26), n=100
2022-10-14 23:42:13.607016 (INFO): train Loss: 0.0024953	99% CI: (0.0017845, 0.0032061), n=100
2022-10-14 23:42:31.550474 (INFO): train ETA: 0:00:57	99% CI: (0:00:57, 0:00:58), n=100
2022-10-14 23:42:41.700695 (INFO): train Loss: 0.0021446	99% CI: (0.0017493, 0.0025399), n=100
2022-10-14 23:42:59.756775 (INFO): train ETA: 0:00:29	99% CI: (0:00:29, 0:00:29), n=100
2022-10-14 23:43:09.901900 (INFO): train Loss: 0.0020951	99% CI: (0.0016317, 0.0025585), n=100
2022-10-14 23:43:27.951917 (INFO): train ETA: 0:00:01	99% CI: (0:00:01, 0:00:01), n=100
2022-10-14 23:43:29.347308 (INFO): Total epoch time: 0:05:30
2022-10-14 23:43:29.348251 (INFO): 

2022-10-14 23:43:29.348282 (INFO): ########################################
2022-10-14 23:43:29.348303 (INFO):           COMPLETED EPOCH: 3                              
2022-10-14 23:43:29.348320 (INFO): train Loss: 0.0021174	99% CI: (0.0016191, 0.0026158), n=68
2022-10-14 23:43:29.348332 (INFO): ########################################
2022-10-14 23:43:29.348345 (INFO): 

saving to saved_models/FB15k-237_SACN_0.0_0.2.model
2022-10-14 23:43:29.423599 (INFO): 
2022-10-14 23:43:29.423719 (INFO): --------------------------------------------------
2022-10-14 23:43:29.423750 (INFO): dev_evaluation
2022-10-14 23:43:29.423768 (INFO): --------------------------------------------------
2022-10-14 23:43:29.423782 (INFO): 
2022-10-14 23:44:56.665354 (INFO): Hits left @1: 0.21415441176470587
2022-10-14 23:44:56.668353 (INFO): Hits right @1: 0.05336626838235294
2022-10-14 23:44:56.674063 (INFO): Hits @1: 0.1337603400735294
2022-10-14 23:44:56.676291 (INFO): Hits left @2: 0.2652803308823529
2022-10-14 23:44:56.677829 (INFO): Hits right @2: 0.07898667279411764
2022-10-14 23:44:56.681013 (INFO): Hits @2: 0.17213350183823528
2022-10-14 23:44:56.682832 (INFO): Hits left @3: 0.2931985294117647
2022-10-14 23:44:56.684607 (INFO): Hits right @3: 0.09535845588235294
2022-10-14 23:44:56.687844 (INFO): Hits @3: 0.19427849264705882
2022-10-14 23:44:56.689476 (INFO): Hits left @4: 0.3167509191176471
2022-10-14 23:44:56.691081 (INFO): Hits right @4: 0.11127068014705882
2022-10-14 23:44:56.694384 (INFO): Hits @4: 0.21401079963235295
2022-10-14 23:44:56.696218 (INFO): Hits left @5: 0.3336971507352941
2022-10-14 23:44:56.698069 (INFO): Hits right @5: 0.12419577205882353
2022-10-14 23:44:56.700980 (INFO): Hits @5: 0.22894646139705882
2022-10-14 23:44:56.702804 (INFO): Hits left @6: 0.34805836397058826
2022-10-14 23:44:56.704292 (INFO): Hits right @6: 0.13361672794117646
2022-10-14 23:44:56.707484 (INFO): Hits @6: 0.24083754595588236
2022-10-14 23:44:56.709001 (INFO): Hits left @7: 0.36052389705882354
2022-10-14 23:44:56.710488 (INFO): Hits right @7: 0.14338235294117646
2022-10-14 23:44:56.713378 (INFO): Hits @7: 0.251953125
2022-10-14 23:44:56.714872 (INFO): Hits left @8: 0.36971507352941174
2022-10-14 23:44:56.716660 (INFO): Hits right @8: 0.1513671875
2022-10-14 23:44:56.719863 (INFO): Hits @8: 0.2605411305147059
2022-10-14 23:44:56.721384 (INFO): Hits left @9: 0.3798828125
2022-10-14 23:44:56.723089 (INFO): Hits right @9: 0.15814568014705882
2022-10-14 23:44:56.726093 (INFO): Hits @9: 0.26901424632352944
2022-10-14 23:44:56.727661 (INFO): Hits left @10: 0.38924632352941174
2022-10-14 23:44:56.729759 (INFO): Hits right @10: 0.16480928308823528
2022-10-14 23:44:56.733268 (INFO): Hits @10: 0.27702780330882354
2022-10-14 23:44:56.736882 (INFO): Mean rank left: 868.9126263786765
2022-10-14 23:44:56.738902 (INFO): Mean rank right: 1204.5824333639705
2022-10-14 23:44:56.742977 (INFO): Mean rank: 1036.7475298713234
2022-10-14 23:44:56.745541 (INFO): Mean reciprocal rank left: 0.27340294315556257
2022-10-14 23:44:56.747075 (INFO): Mean reciprocal rank right: 0.09179907546189249
2022-10-14 23:44:56.749794 (INFO): Mean reciprocal rank: 0.18260100930872752
2022-10-14 23:45:24.807152 (INFO): train Loss: 0.0019225	99% CI: (0.0016668, 0.0021782), n=100
2022-10-14 23:45:51.851246 (INFO): train ETA: 0:04:33	99% CI: (0:04:33, 0:04:33), n=100
2022-10-14 23:45:52.972109 (INFO): train Loss: 0.0021465	99% CI: (0.0016769, 0.0026161), n=100
2022-10-14 23:46:20.080029 (INFO): train ETA: 0:04:05	99% CI: (0:04:05, 0:04:05), n=100
2022-10-14 23:46:21.195140 (INFO): train Loss: 0.0022851	99% CI: (0.0018169, 0.0027533), n=100
2022-10-14 23:46:48.351091 (INFO): train ETA: 0:03:37	99% CI: (0:03:37, 0:03:37), n=100
2022-10-14 23:46:49.477870 (INFO): train Loss: 0.0020312	99% CI: (0.0016262, 0.0024362), n=100
2022-10-14 23:47:16.425718 (INFO): train ETA: 0:03:09	99% CI: (0:03:09, 0:03:09), n=100
2022-10-14 23:47:17.554829 (INFO): train Loss: 0.0019052	99% CI: (0.001663, 0.0021475), n=100
2022-10-14 23:47:44.828530 (INFO): train ETA: 0:02:41	99% CI: (0:02:41, 0:02:41), n=100
2022-10-14 23:47:45.952944 (INFO): train Loss: 0.0017856	99% CI: (0.0015526, 0.0020185), n=100
2022-10-14 23:48:13.080504 (INFO): train ETA: 0:02:13	99% CI: (0:02:13, 0:02:13), n=100
2022-10-14 23:48:14.198148 (INFO): train Loss: 0.0019359	99% CI: (0.001728, 0.0021437), n=100
2022-10-14 23:48:41.298137 (INFO): train ETA: 0:01:45	99% CI: (0:01:45, 0:01:45), n=100
2022-10-14 23:48:42.412756 (INFO): train Loss: 0.0020901	99% CI: (0.0017719, 0.0024083), n=100
2022-10-14 23:49:09.453833 (INFO): train ETA: 0:01:17	99% CI: (0:01:17, 0:01:17), n=100
2022-10-14 23:49:10.601679 (INFO): train Loss: 0.0022793	99% CI: (0.0017265, 0.0028321), n=100
2022-10-14 23:49:37.688933 (INFO): train ETA: 0:00:48	99% CI: (0:00:48, 0:00:48), n=100
2022-10-14 23:49:38.830546 (INFO): train Loss: 0.0023924	99% CI: (0.0016695, 0.0031153), n=100
2022-10-14 23:50:05.984678 (INFO): train ETA: 0:00:20	99% CI: (0:00:20, 0:00:20), n=100
2022-10-14 23:50:07.119075 (INFO): train Loss: 0.002172	99% CI: (0.0016732, 0.0026709), n=100
2022-10-14 23:50:26.752436 (INFO): Total epoch time: 0:05:29
2022-10-14 23:50:26.753632 (INFO): 

2022-10-14 23:50:26.753658 (INFO): ########################################
2022-10-14 23:50:26.753678 (INFO):           COMPLETED EPOCH: 4                              
2022-10-14 23:50:26.753691 (INFO): train Loss: 0.002221	99% CI: (0.0016504, 0.0027915), n=68
2022-10-14 23:50:26.753704 (INFO): ########################################
2022-10-14 23:50:26.753719 (INFO): 

saving to saved_models/FB15k-237_SACN_0.0_0.2.model
2022-10-14 23:50:26.829302 (INFO): 
2022-10-14 23:50:26.829373 (INFO): --------------------------------------------------
2022-10-14 23:50:26.829386 (INFO): dev_evaluation
2022-10-14 23:50:26.829396 (INFO): --------------------------------------------------
2022-10-14 23:50:26.829405 (INFO): 
2022-10-14 23:51:55.116391 (INFO): Hits left @1: 0.22340303308823528
2022-10-14 23:51:55.119302 (INFO): Hits right @1: 0.06301700367647059
2022-10-14 23:51:55.123053 (INFO): Hits @1: 0.14321001838235295
2022-10-14 23:51:55.124910 (INFO): Hits left @2: 0.2825137867647059
2022-10-14 23:51:55.126400 (INFO): Hits right @2: 0.0910500919117647
2022-10-14 23:51:55.129343 (INFO): Hits @2: 0.18678193933823528
2022-10-14 23:51:55.131159 (INFO): Hits left @3: 0.31554457720588236
2022-10-14 23:51:55.132664 (INFO): Hits right @3: 0.10954733455882353
2022-10-14 23:51:55.135982 (INFO): Hits @3: 0.21254595588235295
2022-10-14 23:51:55.137502 (INFO): Hits left @4: 0.3369140625
2022-10-14 23:51:55.138982 (INFO): Hits right @4: 0.12586167279411764
2022-10-14 23:51:55.142626 (INFO): Hits @4: 0.23138786764705882
2022-10-14 23:51:55.144523 (INFO): Hits left @5: 0.35696231617647056
2022-10-14 23:51:55.146036 (INFO): Hits right @5: 0.138671875
2022-10-14 23:51:55.149540 (INFO): Hits @5: 0.24781709558823528
2022-10-14 23:51:55.151076 (INFO): Hits left @6: 0.3714384191176471
2022-10-14 23:51:55.152578 (INFO): Hits right @6: 0.14883961397058823
2022-10-14 23:51:55.155581 (INFO): Hits @6: 0.26013901654411764
2022-10-14 23:51:55.157334 (INFO): Hits left @7: 0.3840188419117647
2022-10-14 23:51:55.158858 (INFO): Hits right @7: 0.15699678308823528
2022-10-14 23:51:55.161775 (INFO): Hits @7: 0.2705078125
2022-10-14 23:51:55.163315 (INFO): Hits left @8: 0.3952205882352941
2022-10-14 23:51:55.164801 (INFO): Hits right @8: 0.16595818014705882
2022-10-14 23:51:55.168686 (INFO): Hits @8: 0.28058938419117646
2022-10-14 23:51:55.170256 (INFO): Hits left @9: 0.40567555147058826
2022-10-14 23:51:55.171762 (INFO): Hits right @9: 0.17354090073529413
2022-10-14 23:51:55.174668 (INFO): Hits @9: 0.2896082261029412
2022-10-14 23:51:55.176171 (INFO): Hits left @10: 0.4153837316176471
2022-10-14 23:51:55.177667 (INFO): Hits right @10: 0.18221507352941177
2022-10-14 23:51:55.181502 (INFO): Hits @10: 0.29879940257352944
2022-10-14 23:51:55.183729 (INFO): Mean rank left: 726.5692784926471
2022-10-14 23:51:55.184867 (INFO): Mean rank right: 1117.3839039522059
2022-10-14 23:51:55.187263 (INFO): Mean rank: 921.9765912224265
2022-10-14 23:51:55.188900 (INFO): Mean reciprocal rank left: 0.28871320949062423
2022-10-14 23:51:55.191237 (INFO): Mean reciprocal rank right: 0.10374293066233471
2022-10-14 23:51:55.193719 (INFO): Mean reciprocal rank: 0.19622807007647947
2022-10-14 23:51:55.196083 (INFO): 
2022-10-14 23:51:55.196102 (INFO): --------------------------------------------------
2022-10-14 23:51:55.196112 (INFO): test_evaluation
2022-10-14 23:51:55.196120 (INFO): --------------------------------------------------
2022-10-14 23:51:55.196128 (INFO): 
2022-10-14 23:53:38.035223 (INFO): Hits left @1: 0.2216489779874214
2022-10-14 23:53:38.037386 (INFO): Hits right @1: 0.06313875786163523
2022-10-14 23:53:38.041864 (INFO): Hits @1: 0.1423938679245283
2022-10-14 23:53:38.043924 (INFO): Hits left @2: 0.279874213836478
2022-10-14 23:53:38.045931 (INFO): Hits right @2: 0.09045794025157233
2022-10-14 23:53:38.050368 (INFO): Hits @2: 0.18516607704402516
2022-10-14 23:53:38.052093 (INFO): Hits left @3: 0.31195951257861637
2022-10-14 23:53:38.054081 (INFO): Hits right @3: 0.11006289308176101
2022-10-14 23:53:38.057919 (INFO): Hits @3: 0.21101120283018868
2022-10-14 23:53:38.059699 (INFO): Hits left @4: 0.33254716981132076
2022-10-14 23:53:38.061940 (INFO): Hits right @4: 0.12382075471698113
2022-10-14 23:53:38.065344 (INFO): Hits @4: 0.22818396226415094
2022-10-14 23:53:38.067071 (INFO): Hits left @5: 0.3530365566037736
2022-10-14 23:53:38.068813 (INFO): Hits right @5: 0.13625196540880502
2022-10-14 23:53:38.072752 (INFO): Hits @5: 0.2446442610062893
2022-10-14 23:53:38.074557 (INFO): Hits left @6: 0.3679736635220126
2022-10-14 23:53:38.076467 (INFO): Hits right @6: 0.147749606918239
2022-10-14 23:53:38.080598 (INFO): Hits @6: 0.2578616352201258
2022-10-14 23:53:38.082632 (INFO): Hits left @7: 0.38119103773584906
2022-10-14 23:53:38.084425 (INFO): Hits right @7: 0.15610259433962265
2022-10-14 23:53:38.088041 (INFO): Hits @7: 0.2686468160377358
2022-10-14 23:53:38.089971 (INFO): Hits left @8: 0.3912637578616352
2022-10-14 23:53:38.091689 (INFO): Hits right @8: 0.16352201257861634
2022-10-14 23:53:38.095950 (INFO): Hits @8: 0.2773928852201258
2022-10-14 23:53:38.097747 (INFO): Hits left @9: 0.4016804245283019
2022-10-14 23:53:38.099444 (INFO): Hits right @9: 0.171875
2022-10-14 23:53:38.103860 (INFO): Hits @9: 0.28677771226415094
2022-10-14 23:53:38.105673 (INFO): Hits left @10: 0.41170400943396224
2022-10-14 23:53:38.107370 (INFO): Hits right @10: 0.17954009433962265
2022-10-14 23:53:38.110748 (INFO): Hits @10: 0.29562205188679247
2022-10-14 23:53:38.114767 (INFO): Mean rank left: 716.9083136792453
2022-10-14 23:53:38.116132 (INFO): Mean rank right: 1117.5353773584907
2022-10-14 23:53:38.118922 (INFO): Mean rank: 917.2218455188679
2022-10-14 23:53:38.120547 (INFO): Mean reciprocal rank left: 0.28630206644826917
2022-10-14 23:53:38.122367 (INFO): Mean reciprocal rank right: 0.1033121163057095
2022-10-14 23:53:38.125169 (INFO): Mean reciprocal rank: 0.19480709137698934
2022-10-14 23:54:06.192373 (INFO): train Loss: 0.0020227	99% CI: (0.0015979, 0.0024474), n=100
2022-10-14 23:54:14.093926 (INFO): train ETA: 0:04:52	99% CI: (0:04:52, 0:04:52), n=100
2022-10-14 23:54:34.371081 (INFO): train Loss: 0.0018717	99% CI: (0.0016339, 0.0021095), n=100
2022-10-14 23:54:42.391110 (INFO): train ETA: 0:04:24	99% CI: (0:04:24, 0:04:24), n=100
2022-10-14 23:55:02.578998 (INFO): train Loss: 0.0020012	99% CI: (0.0016133, 0.0023891), n=100
2022-10-14 23:55:10.515893 (INFO): train ETA: 0:03:56	99% CI: (0:03:56, 0:03:56), n=100
2022-10-14 23:55:30.900197 (INFO): train Loss: 0.0019928	99% CI: (0.0015856, 0.0024), n=100
2022-10-14 23:55:38.832547 (INFO): train ETA: 0:03:28	99% CI: (0:03:28, 0:03:28), n=100
2022-10-14 23:55:59.074048 (INFO): train Loss: 0.0020929	99% CI: (0.0016403, 0.0025456), n=100
2022-10-14 23:56:07.004395 (INFO): train ETA: 0:03:00	99% CI: (0:03:00, 0:03:00), n=100
2022-10-14 23:56:27.356226 (INFO): train Loss: 0.001821	99% CI: (0.0016077, 0.0020342), n=100
2022-10-14 23:56:35.273590 (INFO): train ETA: 0:02:32	99% CI: (0:02:32, 0:02:32), n=100
2022-10-14 23:56:55.553704 (INFO): train Loss: 0.0018823	99% CI: (0.0014928, 0.0022718), n=100
2022-10-14 23:57:03.454570 (INFO): train ETA: 0:02:04	99% CI: (0:02:04, 0:02:04), n=100
2022-10-14 23:57:23.776632 (INFO): train Loss: 0.0018421	99% CI: (0.0015485, 0.0021357), n=100
2022-10-14 23:57:31.655109 (INFO): train ETA: 0:01:36	99% CI: (0:01:36, 0:01:36), n=100
2022-10-14 23:57:51.931308 (INFO): train Loss: 0.0018599	99% CI: (0.0015945, 0.0021253), n=100
2022-10-14 23:57:59.854173 (INFO): train ETA: 0:01:07	99% CI: (0:01:07, 0:01:07), n=100
2022-10-14 23:58:20.256734 (INFO): train Loss: 0.0021774	99% CI: (0.0018267, 0.002528), n=100
2022-10-14 23:58:28.126204 (INFO): train ETA: 0:00:39	99% CI: (0:00:39, 0:00:39), n=100
2022-10-14 23:58:48.515508 (INFO): train Loss: 0.0019	99% CI: (0.0015194, 0.0022807), n=100
2022-10-14 23:58:56.395765 (INFO): train ETA: 0:00:11	99% CI: (0:00:11, 0:00:11), n=100
2022-10-14 23:59:07.967827 (INFO): Total epoch time: 0:05:29
2022-10-14 23:59:07.969017 (INFO): 

2022-10-14 23:59:07.969046 (INFO): ########################################
2022-10-14 23:59:07.969062 (INFO):           COMPLETED EPOCH: 5                              
2022-10-14 23:59:07.969077 (INFO): train Loss: 0.0018605	99% CI: (0.0015246, 0.0021963), n=68
2022-10-14 23:59:07.969087 (INFO): ########################################
2022-10-14 23:59:07.969100 (INFO): 

saving to saved_models/FB15k-237_SACN_0.0_0.2.model
2022-10-14 23:59:08.045778 (INFO): 
2022-10-14 23:59:08.045853 (INFO): --------------------------------------------------
2022-10-14 23:59:08.045870 (INFO): dev_evaluation
2022-10-14 23:59:08.045880 (INFO): --------------------------------------------------
2022-10-14 23:59:08.045888 (INFO): 
2022-10-15 00:00:35.679278 (INFO): Hits left @1: 0.22977941176470587
2022-10-15 00:00:35.681559 (INFO): Hits right @1: 0.06583180147058823
2022-10-15 00:00:35.684940 (INFO): Hits @1: 0.14780560661764705
2022-10-15 00:00:35.686907 (INFO): Hits left @2: 0.2887752757352941
2022-10-15 00:00:35.689019 (INFO): Hits right @2: 0.09828814338235294
2022-10-15 00:00:35.692012 (INFO): Hits @2: 0.19353170955882354
2022-10-15 00:00:35.693804 (INFO): Hits left @3: 0.3258846507352941
2022-10-15 00:00:35.695341 (INFO): Hits right @3: 0.1189108455882353
2022-10-15 00:00:35.699405 (INFO): Hits @3: 0.22239774816176472
2022-10-15 00:00:35.700921 (INFO): Hits left @4: 0.3528837316176471
2022-10-15 00:00:35.702787 (INFO): Hits right @4: 0.13689108455882354
2022-10-15 00:00:35.705860 (INFO): Hits @4: 0.24488740808823528
2022-10-15 00:00:35.707597 (INFO): Hits left @5: 0.37224264705882354
2022-10-15 00:00:35.709337 (INFO): Hits right @5: 0.150390625
2022-10-15 00:00:35.712278 (INFO): Hits @5: 0.26131663602941174
2022-10-15 00:00:35.713806 (INFO): Hits left @6: 0.38884420955882354
2022-10-15 00:00:35.715452 (INFO): Hits right @6: 0.16187959558823528
2022-10-15 00:00:35.718651 (INFO): Hits @6: 0.27536190257352944
2022-10-15 00:00:35.720156 (INFO): Hits left @7: 0.4013671875
2022-10-15 00:00:35.722082 (INFO): Hits right @7: 0.17342601102941177
2022-10-15 00:00:35.726659 (INFO): Hits @7: 0.2873965992647059
2022-10-15 00:00:35.729563 (INFO): Hits left @8: 0.41417738970588236
2022-10-15 00:00:35.732044 (INFO): Hits right @8: 0.18393841911764705
2022-10-15 00:00:35.736586 (INFO): Hits @8: 0.2990579044117647
2022-10-15 00:00:35.738072 (INFO): Hits left @9: 0.4241727941176471
2022-10-15 00:00:35.739605 (INFO): Hits right @9: 0.19198069852941177
2022-10-15 00:00:35.742522 (INFO): Hits @9: 0.30807674632352944
2022-10-15 00:00:35.744011 (INFO): Hits left @10: 0.4348000919117647
2022-10-15 00:00:35.745481 (INFO): Hits right @10: 0.19847196691176472
2022-10-15 00:00:35.749291 (INFO): Hits @10: 0.3166360294117647
2022-10-15 00:00:35.752351 (INFO): Mean rank left: 549.2518956801471
2022-10-15 00:00:35.753538 (INFO): Mean rank right: 892.4823069852941
2022-10-15 00:00:35.755936 (INFO): Mean rank: 720.8671013327206
2022-10-15 00:00:35.757600 (INFO): Mean reciprocal rank left: 0.2987040854891983
2022-10-15 00:00:35.759330 (INFO): Mean reciprocal rank right: 0.11144710309566955
2022-10-15 00:00:35.761897 (INFO): Mean reciprocal rank: 0.20507559429243394
2022-10-15 00:01:03.772067 (INFO): train Loss: 0.0017398	99% CI: (0.0015325, 0.0019471), n=100
2022-10-15 00:01:20.679358 (INFO): train ETA: 0:04:42	99% CI: (0:04:42, 0:04:42), n=100
2022-10-15 00:01:31.914220 (INFO): train Loss: 0.002109	99% CI: (0.001668, 0.0025499), n=100
2022-10-15 00:01:48.814512 (INFO): train ETA: 0:04:15	99% CI: (0:04:15, 0:04:15), n=100
2022-10-15 00:02:00.159327 (INFO): train Loss: 0.0017497	99% CI: (0.0015496, 0.0019497), n=100
2022-10-15 00:02:17.066610 (INFO): train ETA: 0:03:47	99% CI: (0:03:47, 0:03:47), n=100
2022-10-15 00:02:28.393909 (INFO): train Loss: 0.0018455	99% CI: (0.0015791, 0.0021119), n=100
2022-10-15 00:02:45.363620 (INFO): train ETA: 0:03:19	99% CI: (0:03:19, 0:03:19), n=100
2022-10-15 00:02:56.653736 (INFO): train Loss: 0.0020464	99% CI: (0.0016986, 0.0023942), n=100
2022-10-15 00:03:13.634596 (INFO): train ETA: 0:02:51	99% CI: (0:02:51, 0:02:51), n=100
2022-10-15 00:03:24.965094 (INFO): train Loss: 0.0018465	99% CI: (0.0016029, 0.0020901), n=100
2022-10-15 00:03:42.027340 (INFO): train ETA: 0:02:23	99% CI: (0:02:23, 0:02:23), n=100
2022-10-15 00:03:53.323792 (INFO): train Loss: 0.0022918	99% CI: (0.0017641, 0.0028195), n=100
2022-10-15 00:04:10.202174 (INFO): train ETA: 0:01:55	99% CI: (0:01:55, 0:01:55), n=100
2022-10-15 00:04:21.499580 (INFO): train Loss: 0.0017219	99% CI: (0.0014838, 0.00196), n=100
2022-10-15 00:04:38.438941 (INFO): train ETA: 0:01:27	99% CI: (0:01:27, 0:01:27), n=100
2022-10-15 00:04:49.729870 (INFO): train Loss: 0.0017847	99% CI: (0.0015999, 0.0019694), n=100
2022-10-15 00:05:06.580609 (INFO): train ETA: 0:00:59	99% CI: (0:00:59, 0:00:59), n=100
2022-10-15 00:05:17.773368 (INFO): train Loss: 0.0016416	99% CI: (0.0015016, 0.0017816), n=100
2022-10-15 00:05:34.609690 (INFO): train ETA: 0:00:30	99% CI: (0:00:30, 0:00:30), n=100
2022-10-15 00:05:45.978626 (INFO): train Loss: 0.0017138	99% CI: (0.0015121, 0.0019154), n=100
2022-10-15 00:06:02.791345 (INFO): train ETA: 0:00:02	99% CI: (0:00:02, 0:00:02), n=100
2022-10-15 00:06:05.266949 (INFO): Total epoch time: 0:05:29
2022-10-15 00:06:05.267990 (INFO): 

2022-10-15 00:06:05.268030 (INFO): ########################################
2022-10-15 00:06:05.268059 (INFO):           COMPLETED EPOCH: 6                              
2022-10-15 00:06:05.268088 (INFO): train Loss: 0.0018147	99% CI: (0.0015914, 0.002038), n=68
2022-10-15 00:06:05.268103 (INFO): ########################################
2022-10-15 00:06:05.268118 (INFO): 

saving to saved_models/FB15k-237_SACN_0.0_0.2.model
2022-10-15 00:06:05.346403 (INFO): 
2022-10-15 00:06:05.346478 (INFO): --------------------------------------------------
2022-10-15 00:06:05.346495 (INFO): dev_evaluation
2022-10-15 00:06:05.346508 (INFO): --------------------------------------------------
2022-10-15 00:06:05.346520 (INFO): 
2022-10-15 00:07:32.588745 (INFO): Hits left @1: 0.24379595588235295
2022-10-15 00:07:32.590738 (INFO): Hits right @1: 0.06887637867647059
2022-10-15 00:07:32.594373 (INFO): Hits @1: 0.15633616727941177
2022-10-15 00:07:32.596523 (INFO): Hits left @2: 0.3069852941176471
2022-10-15 00:07:32.598692 (INFO): Hits right @2: 0.10087316176470588
2022-10-15 00:07:32.602140 (INFO): Hits @2: 0.20392922794117646
2022-10-15 00:07:32.603835 (INFO): Hits left @3: 0.3439797794117647
2022-10-15 00:07:32.605566 (INFO): Hits right @3: 0.12316176470588236
2022-10-15 00:07:32.608484 (INFO): Hits @3: 0.23357077205882354
2022-10-15 00:07:32.609955 (INFO): Hits left @4: 0.3713235294117647
2022-10-15 00:07:32.611413 (INFO): Hits right @4: 0.14171645220588236
2022-10-15 00:07:32.614281 (INFO): Hits @4: 0.25651999080882354
2022-10-15 00:07:32.616280 (INFO): Hits left @5: 0.3928653492647059
2022-10-15 00:07:32.617761 (INFO): Hits right @5: 0.15452665441176472
2022-10-15 00:07:32.620601 (INFO): Hits @5: 0.2736960018382353
2022-10-15 00:07:32.622083 (INFO): Hits left @6: 0.41061580882352944
2022-10-15 00:07:32.623574 (INFO): Hits right @6: 0.16825597426470587
2022-10-15 00:07:32.626738 (INFO): Hits @6: 0.28943589154411764
2022-10-15 00:07:32.628531 (INFO): Hits left @7: 0.42365579044117646
2022-10-15 00:07:32.630389 (INFO): Hits right @7: 0.17905560661764705
2022-10-15 00:07:32.633539 (INFO): Hits @7: 0.30135569852941174
2022-10-15 00:07:32.635317 (INFO): Hits left @8: 0.43439797794117646
2022-10-15 00:07:32.637010 (INFO): Hits right @8: 0.18824678308823528
2022-10-15 00:07:32.640231 (INFO): Hits @8: 0.3113223805147059
2022-10-15 00:07:32.642104 (INFO): Hits left @9: 0.44519761029411764
2022-10-15 00:07:32.643879 (INFO): Hits right @9: 0.19715073529411764
2022-10-15 00:07:32.647036 (INFO): Hits @9: 0.32117417279411764
2022-10-15 00:07:32.648631 (INFO): Hits left @10: 0.45450367647058826
2022-10-15 00:07:32.650156 (INFO): Hits right @10: 0.20484834558823528
2022-10-15 00:07:32.653456 (INFO): Hits @10: 0.32967601102941174
2022-10-15 00:07:32.655525 (INFO): Mean rank left: 493.8616727941176
2022-10-15 00:07:32.656583 (INFO): Mean rank right: 807.0380284926471
2022-10-15 00:07:32.658996 (INFO): Mean rank: 650.4498506433823
2022-10-15 00:07:32.660877 (INFO): Mean reciprocal rank left: 0.31511164412322223
2022-10-15 00:07:32.662028 (INFO): Mean reciprocal rank right: 0.115864349965573
2022-10-15 00:07:32.664565 (INFO): Mean reciprocal rank: 0.21548799704439764
2022-10-15 00:08:00.767923 (INFO): train Loss: 0.0016919	99% CI: (0.0015386, 0.0018451), n=100
2022-10-15 00:08:26.954037 (INFO): train ETA: 0:04:35	99% CI: (0:04:35, 0:04:35), n=100
2022-10-15 00:08:29.232536 (INFO): train Loss: 0.0022108	99% CI: (0.0017931, 0.0026286), n=100
2022-10-15 00:08:55.263324 (INFO): train ETA: 0:04:08	99% CI: (0:04:08, 0:04:08), n=100
2022-10-15 00:08:57.533700 (INFO): train Loss: 0.0021469	99% CI: (0.0016876, 0.0026061), n=100
2022-10-15 00:09:23.482180 (INFO): train ETA: 0:03:39	99% CI: (0:03:39, 0:03:39), n=100
2022-10-15 00:09:25.730851 (INFO): train Loss: 0.0019636	99% CI: (0.0015717, 0.0023555), n=100
2022-10-15 00:09:51.641139 (INFO): train ETA: 0:03:11	99% CI: (0:03:11, 0:03:11), n=100
2022-10-15 00:09:53.881168 (INFO): train Loss: 0.0021869	99% CI: (0.0016829, 0.0026909), n=100
2022-10-15 00:10:19.763141 (INFO): train ETA: 0:02:42	99% CI: (0:02:42, 0:02:43), n=100
2022-10-15 00:10:22.019312 (INFO): train Loss: 0.0016897	99% CI: (0.0015455, 0.0018338), n=100
2022-10-15 00:10:48.051579 (INFO): train ETA: 0:02:14	99% CI: (0:02:14, 0:02:14), n=100
2022-10-15 00:10:50.295896 (INFO): train Loss: 0.0020482	99% CI: (0.001655, 0.0024414), n=100
2022-10-15 00:11:16.235261 (INFO): train ETA: 0:01:46	99% CI: (0:01:46, 0:01:46), n=100
2022-10-15 00:11:18.506769 (INFO): train Loss: 0.0018292	99% CI: (0.0015778, 0.0020806), n=100
2022-10-15 00:11:44.366126 (INFO): train ETA: 0:01:18	99% CI: (0:01:18, 0:01:18), n=100
2022-10-15 00:11:46.627843 (INFO): train Loss: 0.0018881	99% CI: (0.0015745, 0.0022016), n=100
2022-10-15 00:12:12.556482 (INFO): train ETA: 0:00:49	99% CI: (0:00:49, 0:00:49), n=100
2022-10-15 00:12:14.821609 (INFO): train Loss: 0.0020382	99% CI: (0.0017429, 0.0023335), n=100
2022-10-15 00:12:40.710231 (INFO): train ETA: 0:00:21	99% CI: (0:00:21, 0:00:21), n=100
2022-10-15 00:12:42.998229 (INFO): train Loss: 0.0017283	99% CI: (0.001557, 0.0018995), n=100
2022-10-15 00:13:02.452626 (INFO): Total epoch time: 0:05:29
2022-10-15 00:13:02.454167 (INFO): 

2022-10-15 00:13:02.454205 (INFO): ########################################
2022-10-15 00:13:02.454230 (INFO):           COMPLETED EPOCH: 7                              
2022-10-15 00:13:02.454247 (INFO): train Loss: 0.0017299	99% CI: (0.0015191, 0.0019408), n=68
2022-10-15 00:13:02.454262 (INFO): ########################################
2022-10-15 00:13:02.454275 (INFO): 

saving to saved_models/FB15k-237_SACN_0.0_0.2.model
2022-10-15 00:13:02.531479 (INFO): 
2022-10-15 00:13:02.531566 (INFO): --------------------------------------------------
2022-10-15 00:13:02.531582 (INFO): dev_evaluation
2022-10-15 00:13:02.531592 (INFO): --------------------------------------------------
2022-10-15 00:13:02.531601 (INFO): 
2022-10-15 00:14:30.552506 (INFO): Hits left @1: 0.24994255514705882
2022-10-15 00:14:30.555212 (INFO): Hits right @1: 0.07289751838235294
2022-10-15 00:14:30.559060 (INFO): Hits @1: 0.16142003676470587
2022-10-15 00:14:30.561115 (INFO): Hits left @2: 0.3128446691176471
2022-10-15 00:14:30.562615 (INFO): Hits right @2: 0.1071920955882353
2022-10-15 00:14:30.565862 (INFO): Hits @2: 0.21001838235294118
2022-10-15 00:14:30.567625 (INFO): Hits left @3: 0.35018382352941174
2022-10-15 00:14:30.569470 (INFO): Hits right @3: 0.13005514705882354
2022-10-15 00:14:30.572717 (INFO): Hits @3: 0.24011948529411764
2022-10-15 00:14:30.574256 (INFO): Hits left @4: 0.37580422794117646
2022-10-15 00:14:30.575764 (INFO): Hits right @4: 0.150390625
2022-10-15 00:14:30.578730 (INFO): Hits @4: 0.26309742647058826
2022-10-15 00:14:30.580234 (INFO): Hits left @5: 0.39590992647058826
2022-10-15 00:14:30.581767 (INFO): Hits right @5: 0.1645795036764706
2022-10-15 00:14:30.585447 (INFO): Hits @5: 0.28024471507352944
2022-10-15 00:14:30.586962 (INFO): Hits left @6: 0.4140625
2022-10-15 00:14:30.588463 (INFO): Hits right @6: 0.17658547794117646
2022-10-15 00:14:30.591477 (INFO): Hits @6: 0.29532398897058826
2022-10-15 00:14:30.593015 (INFO): Hits left @7: 0.42830882352941174
2022-10-15 00:14:30.594520 (INFO): Hits right @7: 0.18887867647058823
2022-10-15 00:14:30.598164 (INFO): Hits @7: 0.30859375
2022-10-15 00:14:30.599670 (INFO): Hits left @8: 0.44031479779411764
2022-10-15 00:14:30.601489 (INFO): Hits right @8: 0.20008042279411764
2022-10-15 00:14:30.604418 (INFO): Hits @8: 0.32019761029411764
2022-10-15 00:14:30.605951 (INFO): Hits left @9: 0.4521484375
2022-10-15 00:14:30.607462 (INFO): Hits right @9: 0.2094439338235294
2022-10-15 00:14:30.610409 (INFO): Hits @9: 0.3307961856617647
2022-10-15 00:14:30.612481 (INFO): Hits left @10: 0.4622012867647059
2022-10-15 00:14:30.614005 (INFO): Hits right @10: 0.2172564338235294
2022-10-15 00:14:30.616924 (INFO): Hits @10: 0.33972886029411764
2022-10-15 00:14:30.619720 (INFO): Mean rank left: 453.7451746323529
2022-10-15 00:14:30.621318 (INFO): Mean rank right: 761.6724494485294
2022-10-15 00:14:30.623653 (INFO): Mean rank: 607.7088120404412
2022-10-15 00:14:30.625325 (INFO): Mean reciprocal rank left: 0.32127958447079324
2022-10-15 00:14:30.626951 (INFO): Mean reciprocal rank right: 0.12202570843590153
2022-10-15 00:14:30.629535 (INFO): Mean reciprocal rank: 0.22165264645334734
2022-10-15 00:14:30.631859 (INFO): 
2022-10-15 00:14:30.631878 (INFO): --------------------------------------------------
2022-10-15 00:14:30.631888 (INFO): test_evaluation
2022-10-15 00:14:30.631897 (INFO): --------------------------------------------------
2022-10-15 00:14:30.631904 (INFO): 
2022-10-15 00:16:11.994190 (INFO): Hits left @1: 0.2478871855345912
2022-10-15 00:16:11.997477 (INFO): Hits right @1: 0.07488207547169812
2022-10-15 00:16:12.004270 (INFO): Hits @1: 0.16138463050314467
2022-10-15 00:16:12.006034 (INFO): Hits left @2: 0.309060534591195
2022-10-15 00:16:12.008036 (INFO): Hits right @2: 0.10986635220125786
2022-10-15 00:16:12.011711 (INFO): Hits @2: 0.2094634433962264
2022-10-15 00:16:12.013478 (INFO): Hits left @3: 0.34743514150943394
2022-10-15 00:16:12.015168 (INFO): Hits right @3: 0.13173152515723272
2022-10-15 00:16:12.019193 (INFO): Hits @3: 0.23958333333333334
2022-10-15 00:16:12.020946 (INFO): Hits left @4: 0.37303459119496857
2022-10-15 00:16:12.022973 (INFO): Hits right @4: 0.1505994496855346
2022-10-15 00:16:12.026345 (INFO): Hits @4: 0.26181702044025157
2022-10-15 00:16:12.028468 (INFO): Hits left @5: 0.39539111635220126
2022-10-15 00:16:12.030243 (INFO): Hits right @5: 0.16499606918238993
2022-10-15 00:16:12.033786 (INFO): Hits @5: 0.2801935927672956
2022-10-15 00:16:12.035538 (INFO): Hits left @6: 0.4125393081761006
2022-10-15 00:16:12.037575 (INFO): Hits right @6: 0.17698506289308177
2022-10-15 00:16:12.041023 (INFO): Hits @6: 0.2947621855345912
2022-10-15 00:16:12.042762 (INFO): Hits left @7: 0.42723073899371067
2022-10-15 00:16:12.045129 (INFO): Hits right @7: 0.18867924528301888
2022-10-15 00:16:12.050380 (INFO): Hits @7: 0.3079549921383648
2022-10-15 00:16:12.052097 (INFO): Hits left @8: 0.4398093553459119
2022-10-15 00:16:12.053809 (INFO): Hits right @8: 0.19914504716981132
2022-10-15 00:16:12.057626 (INFO): Hits @8: 0.3194772012578616
2022-10-15 00:16:12.059849 (INFO): Hits left @9: 0.44983294025157233
2022-10-15 00:16:12.062047 (INFO): Hits right @9: 0.20892295597484276
2022-10-15 00:16:12.066301 (INFO): Hits @9: 0.32937794811320753
2022-10-15 00:16:12.068405 (INFO): Hits left @10: 0.45970911949685533
2022-10-15 00:16:12.070477 (INFO): Hits right @10: 0.2170302672955975
2022-10-15 00:16:12.074789 (INFO): Hits @10: 0.3383696933962264
2022-10-15 00:16:12.079267 (INFO): Mean rank left: 445.388659591195
2022-10-15 00:16:12.082135 (INFO): Mean rank right: 767.6516804245283
2022-10-15 00:16:12.084812 (INFO): Mean rank: 606.5201700078617
2022-10-15 00:16:12.086481 (INFO): Mean reciprocal rank left: 0.3188170992154365
2022-10-15 00:16:12.088040 (INFO): Mean reciprocal rank right: 0.1235364054405719
2022-10-15 00:16:12.095378 (INFO): Mean reciprocal rank: 0.22117675232800416
2022-10-15 00:16:40.011282 (INFO): train Loss: 0.0018643	99% CI: (0.0015681, 0.0021606), n=100
2022-10-15 00:16:46.844145 (INFO): train ETA: 0:04:51	99% CI: (0:04:51, 0:04:51), n=100
2022-10-15 00:17:08.203919 (INFO): train Loss: 0.0017167	99% CI: (0.0015043, 0.0019291), n=100
2022-10-15 00:17:14.940129 (INFO): train ETA: 0:04:24	99% CI: (0:04:24, 0:04:24), n=100
2022-10-15 00:17:36.430808 (INFO): train Loss: 0.0017267	99% CI: (0.0014133, 0.0020401), n=100
2022-10-15 00:17:43.195374 (INFO): train ETA: 0:03:57	99% CI: (0:03:57, 0:03:57), n=100
2022-10-15 00:18:04.612026 (INFO): train Loss: 0.0018892	99% CI: (0.0014915, 0.0022869), n=100
2022-10-15 00:18:11.403555 (INFO): train ETA: 0:03:29	99% CI: (0:03:29, 0:03:29), n=100
2022-10-15 00:18:32.803558 (INFO): train Loss: 0.0020235	99% CI: (0.0017074, 0.0023396), n=100
2022-10-15 00:18:39.537260 (INFO): train ETA: 0:03:01	99% CI: (0:03:01, 0:03:01), n=100
2022-10-15 00:19:01.102947 (INFO): train Loss: 0.0019612	99% CI: (0.0015155, 0.0024069), n=100
2022-10-15 00:19:07.837817 (INFO): train ETA: 0:02:33	99% CI: (0:02:33, 0:02:33), n=100
2022-10-15 00:19:29.229269 (INFO): train Loss: 0.0020021	99% CI: (0.0015494, 0.0024549), n=100
2022-10-15 00:19:36.033833 (INFO): train ETA: 0:02:05	99% CI: (0:02:05, 0:02:05), n=100
2022-10-15 00:19:57.443549 (INFO): train Loss: 0.0018487	99% CI: (0.001599, 0.0020985), n=100
2022-10-15 00:20:04.239145 (INFO): train ETA: 0:01:37	99% CI: (0:01:37, 0:01:37), n=100
2022-10-15 00:20:25.714203 (INFO): train Loss: 0.0019777	99% CI: (0.0015626, 0.0023928), n=100
2022-10-15 00:20:32.517012 (INFO): train ETA: 0:01:08	99% CI: (0:01:08, 0:01:08), n=100
2022-10-15 00:20:54.081835 (INFO): train Loss: 0.0020214	99% CI: (0.0015665, 0.0024762), n=100
2022-10-15 00:21:00.804572 (INFO): train ETA: 0:00:40	99% CI: (0:00:40, 0:00:40), n=100
2022-10-15 00:21:22.114236 (INFO): train Loss: 0.0016806	99% CI: (0.0014915, 0.0018698), n=100
2022-10-15 00:21:28.802128 (INFO): train ETA: 0:00:12	99% CI: (0:00:12, 0:00:12), n=100
2022-10-15 00:21:41.420239 (INFO): Total epoch time: 0:05:29
2022-10-15 00:21:41.421587 (INFO): 

2022-10-15 00:21:41.421611 (INFO): ########################################
2022-10-15 00:21:41.421625 (INFO):           COMPLETED EPOCH: 8                              
2022-10-15 00:21:41.421940 (INFO): train Loss: 0.0016248	99% CI: (0.0014283, 0.0018214), n=68
2022-10-15 00:21:41.421954 (INFO): ########################################
2022-10-15 00:21:41.421965 (INFO): 

saving to saved_models/FB15k-237_SACN_0.0_0.2.model
2022-10-15 00:21:41.503564 (INFO): 
2022-10-15 00:21:41.503652 (INFO): --------------------------------------------------
2022-10-15 00:21:41.503666 (INFO): dev_evaluation
2022-10-15 00:21:41.503677 (INFO): --------------------------------------------------
2022-10-15 00:21:41.503686 (INFO): 
2022-10-15 00:23:09.097407 (INFO): Hits left @1: 0.25137867647058826
2022-10-15 00:23:09.099741 (INFO): Hits right @1: 0.07306985294117647
2022-10-15 00:23:09.104160 (INFO): Hits @1: 0.16222426470588236
2022-10-15 00:23:09.105880 (INFO): Hits left @2: 0.31818704044117646
2022-10-15 00:23:09.107116 (INFO): Hits right @2: 0.11029411764705882
2022-10-15 00:23:09.110398 (INFO): Hits @2: 0.21424057904411764
2022-10-15 00:23:09.111680 (INFO): Hits left @3: 0.35627297794117646
2022-10-15 00:23:09.113040 (INFO): Hits right @3: 0.1343060661764706
2022-10-15 00:23:09.115903 (INFO): Hits @3: 0.24528952205882354
2022-10-15 00:23:09.117173 (INFO): Hits left @4: 0.3863740808823529
2022-10-15 00:23:09.118424 (INFO): Hits right @4: 0.15125229779411764
2022-10-15 00:23:09.120787 (INFO): Hits @4: 0.2688131893382353
2022-10-15 00:23:09.122110 (INFO): Hits left @5: 0.4084903492647059
2022-10-15 00:23:09.123507 (INFO): Hits right @5: 0.16641773897058823
2022-10-15 00:23:09.126452 (INFO): Hits @5: 0.2874540441176471
2022-10-15 00:23:09.127677 (INFO): Hits left @6: 0.4235983455882353
2022-10-15 00:23:09.128899 (INFO): Hits right @6: 0.17980238970588236
2022-10-15 00:23:09.131439 (INFO): Hits @6: 0.3017003676470588
2022-10-15 00:23:09.132782 (INFO): Hits left @7: 0.4368681066176471
2022-10-15 00:23:09.134526 (INFO): Hits right @7: 0.19221047794117646
2022-10-15 00:23:09.136911 (INFO): Hits @7: 0.31453929227941174
2022-10-15 00:23:09.138180 (INFO): Hits left @8: 0.4491613051470588
2022-10-15 00:23:09.139392 (INFO): Hits right @8: 0.20404411764705882
2022-10-15 00:23:09.142342 (INFO): Hits @8: 0.3266027113970588
2022-10-15 00:23:09.143787 (INFO): Hits left @9: 0.45846737132352944
2022-10-15 00:23:09.145126 (INFO): Hits right @9: 0.2138671875
2022-10-15 00:23:09.147899 (INFO): Hits @9: 0.3361672794117647
2022-10-15 00:23:09.149250 (INFO): Hits left @10: 0.4680606617647059
2022-10-15 00:23:09.150481 (INFO): Hits right @10: 0.22173713235294118
2022-10-15 00:23:09.153172 (INFO): Hits @10: 0.34489889705882354
2022-10-15 00:23:09.155022 (INFO): Mean rank left: 430.1412568933824
2022-10-15 00:23:09.155927 (INFO): Mean rank right: 699.7173713235294
2022-10-15 00:23:09.157678 (INFO): Mean rank: 564.9293141084559
2022-10-15 00:23:09.159049 (INFO): Mean reciprocal rank left: 0.3256431776085031
2022-10-15 00:23:09.159947 (INFO): Mean reciprocal rank right: 0.12419726997659719
2022-10-15 00:23:09.162155 (INFO): Mean reciprocal rank: 0.22492022379255008
2022-10-15 00:23:37.355454 (INFO): train Loss: 0.0017938	99% CI: (0.0014134, 0.0021743), n=100
2022-10-15 00:23:53.150814 (INFO): train ETA: 0:04:45	99% CI: (0:04:45, 0:04:45), n=100
2022-10-15 00:24:05.592022 (INFO): train Loss: 0.0021733	99% CI: (0.0016354, 0.0027113), n=100
2022-10-15 00:24:21.326595 (INFO): train ETA: 0:04:17	99% CI: (0:04:17, 0:04:17), n=100
2022-10-15 00:24:33.715991 (INFO): train Loss: 0.0017411	99% CI: (0.00156, 0.0019223), n=100
2022-10-15 00:24:49.460500 (INFO): train ETA: 0:03:49	99% CI: (0:03:49, 0:03:49), n=100
2022-10-15 00:25:01.802131 (INFO): train Loss: 0.0017351	99% CI: (0.0014804, 0.0019899), n=100
2022-10-15 00:25:17.646879 (INFO): train ETA: 0:03:20	99% CI: (0:03:20, 0:03:20), n=100
2022-10-15 00:25:30.138153 (INFO): train Loss: 0.0018852	99% CI: (0.0015831, 0.0021872), n=100
2022-10-15 00:25:45.982385 (INFO): train ETA: 0:02:52	99% CI: (0:02:52, 0:02:52), n=100
2022-10-15 00:25:58.381524 (INFO): train Loss: 0.0018017	99% CI: (0.0015355, 0.0020679), n=100
2022-10-15 00:26:14.149765 (INFO): train ETA: 0:02:24	99% CI: (0:02:24, 0:02:24), n=100
2022-10-15 00:26:26.596888 (INFO): train Loss: 0.0020013	99% CI: (0.001554, 0.0024486), n=100
2022-10-15 00:26:42.277331 (INFO): train ETA: 0:01:56	99% CI: (0:01:56, 0:01:56), n=100
2022-10-15 00:26:54.609078 (INFO): train Loss: 0.001822	99% CI: (0.0015953, 0.0020486), n=100
2022-10-15 00:27:10.390587 (INFO): train ETA: 0:01:28	99% CI: (0:01:28, 0:01:28), n=100
2022-10-15 00:27:22.820109 (INFO): train Loss: 0.0020376	99% CI: (0.0014938, 0.0025815), n=100
2022-10-15 00:27:38.668220 (INFO): train ETA: 0:00:59	99% CI: (0:00:59, 0:00:59), n=100
2022-10-15 00:27:51.100884 (INFO): train Loss: 0.0020335	99% CI: (0.001624, 0.0024431), n=100
2022-10-15 00:28:07.050527 (INFO): train ETA: 0:00:31	99% CI: (0:00:31, 0:00:31), n=100
2022-10-15 00:28:19.476070 (INFO): train Loss: 0.0019065	99% CI: (0.0016329, 0.00218), n=100
2022-10-15 00:28:35.339075 (INFO): train ETA: 0:00:03	99% CI: (0:00:03, 0:00:03), n=100
2022-10-15 00:28:39.081380 (INFO): Total epoch time: 0:05:29
2022-10-15 00:28:39.082499 (INFO): 

2022-10-15 00:28:39.082529 (INFO): ########################################
2022-10-15 00:28:39.082551 (INFO):           COMPLETED EPOCH: 9                              
2022-10-15 00:28:39.082569 (INFO): train Loss: 0.0016709	99% CI: (0.0014536, 0.0018882), n=68
2022-10-15 00:28:39.082581 (INFO): ########################################
2022-10-15 00:28:39.082591 (INFO): 

saving to saved_models/FB15k-237_SACN_0.0_0.2.model
2022-10-15 00:28:39.156707 (INFO): 
2022-10-15 00:28:39.156806 (INFO): --------------------------------------------------
2022-10-15 00:28:39.156825 (INFO): dev_evaluation
2022-10-15 00:28:39.156838 (INFO): --------------------------------------------------
2022-10-15 00:28:39.156850 (INFO): 
2022-10-15 00:30:06.240684 (INFO): Hits left @1: 0.2466107536764706
2022-10-15 00:30:06.243863 (INFO): Hits right @1: 0.07709099264705882
2022-10-15 00:30:06.249887 (INFO): Hits @1: 0.16185087316176472
2022-10-15 00:30:06.251655 (INFO): Hits left @2: 0.3112936580882353
2022-10-15 00:30:06.253432 (INFO): Hits right @2: 0.11241957720588236
2022-10-15 00:30:06.256409 (INFO): Hits @2: 0.21185661764705882
2022-10-15 00:30:06.257983 (INFO): Hits left @3: 0.3561006433823529
2022-10-15 00:30:06.260027 (INFO): Hits right @3: 0.13786764705882354
2022-10-15 00:30:06.263444 (INFO): Hits @3: 0.24698414522058823
2022-10-15 00:30:06.265503 (INFO): Hits left @4: 0.3879825367647059
2022-10-15 00:30:06.267102 (INFO): Hits right @4: 0.15590533088235295
2022-10-15 00:30:06.270244 (INFO): Hits @4: 0.27194393382352944
2022-10-15 00:30:06.272033 (INFO): Hits left @5: 0.4099264705882353
2022-10-15 00:30:06.273752 (INFO): Hits right @5: 0.17130055147058823
2022-10-15 00:30:06.276715 (INFO): Hits @5: 0.29061351102941174
2022-10-15 00:30:06.278279 (INFO): Hits left @6: 0.42537913602941174
2022-10-15 00:30:06.279840 (INFO): Hits right @6: 0.18577665441176472
2022-10-15 00:30:06.283545 (INFO): Hits @6: 0.30557789522058826
2022-10-15 00:30:06.285727 (INFO): Hits left @7: 0.4397403492647059
2022-10-15 00:30:06.287782 (INFO): Hits right @7: 0.19847196691176472
2022-10-15 00:30:06.290846 (INFO): Hits @7: 0.3191061580882353
2022-10-15 00:30:06.292695 (INFO): Hits left @8: 0.45467601102941174
2022-10-15 00:30:06.294256 (INFO): Hits right @8: 0.21065027573529413
2022-10-15 00:30:06.297450 (INFO): Hits @8: 0.3326631433823529
2022-10-15 00:30:06.298988 (INFO): Hits left @9: 0.4649011948529412
2022-10-15 00:30:06.300736 (INFO): Hits right @9: 0.2211626838235294
2022-10-15 00:30:06.303809 (INFO): Hits @9: 0.3430319393382353
2022-10-15 00:30:06.305426 (INFO): Hits left @10: 0.47713694852941174
2022-10-15 00:30:06.306982 (INFO): Hits right @10: 0.2314453125
2022-10-15 00:30:06.310688 (INFO): Hits @10: 0.3542911305147059
2022-10-15 00:30:06.314066 (INFO): Mean rank left: 399.74597886029414
2022-10-15 00:30:06.315373 (INFO): Mean rank right: 673.7976217830883
2022-10-15 00:30:06.317810 (INFO): Mean rank: 536.7718003216912
2022-10-15 00:30:06.319625 (INFO): Mean reciprocal rank left: 0.32328390685450287
2022-10-15 00:30:06.321262 (INFO): Mean reciprocal rank right: 0.1284182270913282
2022-10-15 00:30:06.323870 (INFO): Mean reciprocal rank: 0.22585106697291554
2022-10-15 00:30:34.848039 (INFO): train Loss: 0.0019369	99% CI: (0.001528, 0.0023458), n=100
2022-10-15 00:30:59.908644 (INFO): train ETA: 0:04:39	99% CI: (0:04:39, 0:04:39), n=100
2022-10-15 00:31:03.302803 (INFO): train Loss: 0.0018	99% CI: (0.0014816, 0.0021183), n=100
2022-10-15 00:31:28.344217 (INFO): train ETA: 0:04:10	99% CI: (0:04:10, 0:04:10), n=100
2022-10-15 00:31:31.799460 (INFO): train Loss: 0.001607	99% CI: (0.0014097, 0.0018044), n=100
2022-10-15 00:31:56.754671 (INFO): train ETA: 0:03:42	99% CI: (0:03:42, 0:03:42), n=100
2022-10-15 00:32:00.174762 (INFO): train Loss: 0.0015349	99% CI: (0.0014068, 0.0016629), n=100
2022-10-15 00:32:25.145647 (INFO): train ETA: 0:03:13	99% CI: (0:03:13, 0:03:13), n=100
2022-10-15 00:32:28.574432 (INFO): train Loss: 0.0017317	99% CI: (0.0015018, 0.0019617), n=100
2022-10-15 00:32:53.616924 (INFO): train ETA: 0:02:45	99% CI: (0:02:45, 0:02:45), n=100
2022-10-15 00:32:56.979561 (INFO): train Loss: 0.0017816	99% CI: (0.0015405, 0.0020227), n=100
2022-10-15 00:33:22.038786 (INFO): train ETA: 0:02:16	99% CI: (0:02:16, 0:02:16), n=100
2022-10-15 00:33:25.459141 (INFO): train Loss: 0.0019005	99% CI: (0.0015463, 0.0022547), n=100
2022-10-15 00:33:50.502301 (INFO): train ETA: 0:01:48	99% CI: (0:01:48, 0:01:48), n=100
2022-10-15 00:33:53.940759 (INFO): train Loss: 0.0017782	99% CI: (0.0014968, 0.0020597), n=100
2022-10-15 00:34:19.095547 (INFO): train ETA: 0:01:19	99% CI: (0:01:19, 0:01:19), n=100
2022-10-15 00:34:22.503855 (INFO): train Loss: 0.0017623	99% CI: (0.0015565, 0.0019682), n=100
2022-10-15 00:34:47.592093 (INFO): train ETA: 0:00:51	99% CI: (0:00:51, 0:00:51), n=100
2022-10-15 00:34:50.959131 (INFO): train Loss: 0.0016471	99% CI: (0.0014284, 0.0018658), n=100
2022-10-15 00:35:16.115402 (INFO): train ETA: 0:00:22	99% CI: (0:00:22, 0:00:22), n=100
2022-10-15 00:35:19.563448 (INFO): train Loss: 0.0018077	99% CI: (0.0015554, 0.0020599), n=100
2022-10-15 00:35:39.213277 (INFO): Total epoch time: 0:05:32
2022-10-15 00:35:39.214701 (INFO): 

2022-10-15 00:35:39.214732 (INFO): ########################################
2022-10-15 00:35:39.214750 (INFO):           COMPLETED EPOCH: 10                              
2022-10-15 00:35:39.214762 (INFO): train Loss: 0.0016847	99% CI: (0.0014677, 0.0019016), n=68
2022-10-15 00:35:39.214776 (INFO): ########################################
2022-10-15 00:35:39.214801 (INFO): 

saving to saved_models/FB15k-237_SACN_0.0_0.2.model
2022-10-15 00:35:39.310949 (INFO): 
2022-10-15 00:35:39.311061 (INFO): --------------------------------------------------
2022-10-15 00:35:39.311076 (INFO): dev_evaluation
2022-10-15 00:35:39.311085 (INFO): --------------------------------------------------
2022-10-15 00:35:39.311095 (INFO): 
2022-10-15 00:37:06.475931 (INFO): Hits left @1: 0.2585592830882353
2022-10-15 00:37:06.478874 (INFO): Hits right @1: 0.08404181985294118
2022-10-15 00:37:06.484331 (INFO): Hits @1: 0.17130055147058823
2022-10-15 00:37:06.485864 (INFO): Hits left @2: 0.32439108455882354
2022-10-15 00:37:06.487392 (INFO): Hits right @2: 0.11735983455882353
2022-10-15 00:37:06.490422 (INFO): Hits @2: 0.22087545955882354
2022-10-15 00:37:06.491943 (INFO): Hits left @3: 0.3659811580882353
2022-10-15 00:37:06.493446 (INFO): Hits right @3: 0.14510569852941177
2022-10-15 00:37:06.497125 (INFO): Hits @3: 0.25554342830882354
2022-10-15 00:37:06.498627 (INFO): Hits left @4: 0.3944738051470588
2022-10-15 00:37:06.500138 (INFO): Hits right @4: 0.16704963235294118
2022-10-15 00:37:06.503091 (INFO): Hits @4: 0.28076171875
2022-10-15 00:37:06.504579 (INFO): Hits left @5: 0.41681985294117646
2022-10-15 00:37:06.506092 (INFO): Hits right @5: 0.18434053308823528
2022-10-15 00:37:06.509656 (INFO): Hits @5: 0.3005801930147059
2022-10-15 00:37:06.511156 (INFO): Hits left @6: 0.43210018382352944
2022-10-15 00:37:06.512745 (INFO): Hits right @6: 0.19801240808823528
2022-10-15 00:37:06.515980 (INFO): Hits @6: 0.31505629595588236
2022-10-15 00:37:06.517570 (INFO): Hits left @7: 0.44772518382352944
2022-10-15 00:37:06.519100 (INFO): Hits right @7: 0.21088005514705882
2022-10-15 00:37:06.522095 (INFO): Hits @7: 0.3293026194852941
2022-10-15 00:37:06.523596 (INFO): Hits left @8: 0.4616842830882353
2022-10-15 00:37:06.525174 (INFO): Hits right @8: 0.22236902573529413
2022-10-15 00:37:06.529014 (INFO): Hits @8: 0.3420266544117647
2022-10-15 00:37:06.530548 (INFO): Hits left @9: 0.4719094669117647
2022-10-15 00:37:06.532065 (INFO): Hits right @9: 0.23207720588235295
2022-10-15 00:37:06.535004 (INFO): Hits @9: 0.3519933363970588
2022-10-15 00:37:06.536507 (INFO): Hits left @10: 0.4833984375
2022-10-15 00:37:06.538025 (INFO): Hits right @10: 0.24155560661764705
2022-10-15 00:37:06.541522 (INFO): Hits @10: 0.36247702205882354
2022-10-15 00:37:06.544202 (INFO): Mean rank left: 371.32312729779414
2022-10-15 00:37:06.545784 (INFO): Mean rank right: 607.2254136029412
2022-10-15 00:37:06.548240 (INFO): Mean rank: 489.2742704503676
2022-10-15 00:37:06.549462 (INFO): Mean reciprocal rank left: 0.3344497530519537
2022-10-15 00:37:06.550583 (INFO): Mean reciprocal rank right: 0.13657983551732666
2022-10-15 00:37:06.553292 (INFO): Mean reciprocal rank: 0.23551479428464023
2022-10-15 00:37:06.556248 (INFO): 
2022-10-15 00:37:06.556280 (INFO): --------------------------------------------------
2022-10-15 00:37:06.556291 (INFO): test_evaluation
2022-10-15 00:37:06.556300 (INFO): --------------------------------------------------
2022-10-15 00:37:06.556401 (INFO): 
2022-10-15 00:38:47.404690 (INFO): Hits left @1: 0.25589622641509435
2022-10-15 00:38:47.407606 (INFO): Hits right @1: 0.08333333333333333
2022-10-15 00:38:47.413067 (INFO): Hits @1: 0.16961477987421383
2022-10-15 00:38:47.414837 (INFO): Hits left @2: 0.3221305031446541
2022-10-15 00:38:47.416560 (INFO): Hits right @2: 0.12116745283018868
2022-10-15 00:38:47.420555 (INFO): Hits @2: 0.2216489779874214
2022-10-15 00:38:47.422302 (INFO): Hits left @3: 0.36178262578616355
2022-10-15 00:38:47.423986 (INFO): Hits right @3: 0.14730738993710693
2022-10-15 00:38:47.428206 (INFO): Hits @3: 0.2545450078616352
2022-10-15 00:38:47.430496 (INFO): Hits left @4: 0.39082154088050314
2022-10-15 00:38:47.433695 (INFO): Hits right @4: 0.16710888364779874
2022-10-15 00:38:47.439732 (INFO): Hits @4: 0.27896521226415094
2022-10-15 00:38:47.442514 (INFO): Hits left @5: 0.4137676886792453
2022-10-15 00:38:47.445728 (INFO): Hits right @5: 0.1843553459119497
2022-10-15 00:38:47.449455 (INFO): Hits @5: 0.2990615172955975
2022-10-15 00:38:47.451152 (INFO): Hits left @6: 0.43125982704402516
2022-10-15 00:38:47.453273 (INFO): Hits right @6: 0.19840801886792453
2022-10-15 00:38:47.456821 (INFO): Hits @6: 0.31483392295597484
2022-10-15 00:38:47.458588 (INFO): Hits left @7: 0.44654088050314467
2022-10-15 00:38:47.460598 (INFO): Hits right @7: 0.21142885220125787
2022-10-15 00:38:47.464244 (INFO): Hits @7: 0.32898486635220126
2022-10-15 00:38:47.466159 (INFO): Hits left @8: 0.46044614779874216
2022-10-15 00:38:47.467921 (INFO): Hits right @8: 0.2241057389937107
2022-10-15 00:38:47.471658 (INFO): Hits @8: 0.3422759433962264
2022-10-15 00:38:47.474494 (INFO): Hits left @9: 0.4716981132075472
2022-10-15 00:38:47.477482 (INFO): Hits right @9: 0.23344143081761007
2022-10-15 00:38:47.483456 (INFO): Hits @9: 0.3525697720125786
2022-10-15 00:38:47.485854 (INFO): Hits left @10: 0.4825569968553459
2022-10-15 00:38:47.487584 (INFO): Hits right @10: 0.24204009433962265
2022-10-15 00:38:47.490940 (INFO): Hits @10: 0.36229854559748426
2022-10-15 00:38:47.494784 (INFO): Mean rank left: 362.2733392295597
2022-10-15 00:38:47.496085 (INFO): Mean rank right: 596.8799626572327
2022-10-15 00:38:47.498776 (INFO): Mean rank: 479.5766509433962
2022-10-15 00:38:47.500547 (INFO): Mean reciprocal rank left: 0.33175862053822025
2022-10-15 00:38:47.502232 (INFO): Mean reciprocal rank right: 0.13712309542913587
2022-10-15 00:38:47.505059 (INFO): Mean reciprocal rank: 0.23444085798367803
2022-10-15 00:39:15.955360 (INFO): train Loss: 0.0016545	99% CI: (0.0014561, 0.0018529), n=100
2022-10-15 00:39:21.584186 (INFO): train ETA: 0:04:57	99% CI: (0:04:57, 0:04:57), n=100
2022-10-15 00:39:44.270134 (INFO): train Loss: 0.0020067	99% CI: (0.0015195, 0.0024938), n=100
2022-10-15 00:39:50.002033 (INFO): train ETA: 0:04:29	99% CI: (0:04:29, 0:04:29), n=100
2022-10-15 00:40:12.779919 (INFO): train Loss: 0.0020291	99% CI: (0.0016892, 0.0023689), n=100
2022-10-15 00:40:18.384225 (INFO): train ETA: 0:04:01	99% CI: (0:04:01, 0:04:01), n=100
2022-10-15 00:40:41.147442 (INFO): train Loss: 0.0017264	99% CI: (0.0015466, 0.0019063), n=100
2022-10-15 00:40:46.817581 (INFO): train ETA: 0:03:32	99% CI: (0:03:32, 0:03:32), n=100
2022-10-15 00:41:09.501421 (INFO): train Loss: 0.0018464	99% CI: (0.0015329, 0.00216), n=100
2022-10-15 00:41:15.163465 (INFO): train ETA: 0:03:04	99% CI: (0:03:04, 0:03:04), n=100
2022-10-15 00:41:37.753442 (INFO): train Loss: 0.0017786	99% CI: (0.0014499, 0.0021074), n=100
2022-10-15 00:41:43.382292 (INFO): train ETA: 0:02:35	99% CI: (0:02:35, 0:02:35), n=100
2022-10-15 00:42:06.083195 (INFO): train Loss: 0.0016723	99% CI: (0.0015071, 0.0018375), n=100
2022-10-15 00:42:11.704332 (INFO): train ETA: 0:02:07	99% CI: (0:02:07, 0:02:07), n=100
2022-10-15 00:42:34.285448 (INFO): train Loss: 0.0016339	99% CI: (0.0014631, 0.0018048), n=100
2022-10-15 00:42:39.923549 (INFO): train ETA: 0:01:39	99% CI: (0:01:39, 0:01:39), n=100
2022-10-15 00:43:02.514076 (INFO): train Loss: 0.0018651	99% CI: (0.0015923, 0.002138), n=100
2022-10-15 00:43:08.221300 (INFO): train ETA: 0:01:10	99% CI: (0:01:10, 0:01:10), n=100
2022-10-15 00:43:30.877476 (INFO): train Loss: 0.0017825	99% CI: (0.001433, 0.002132), n=100
2022-10-15 00:43:36.497954 (INFO): train ETA: 0:00:42	99% CI: (0:00:42, 0:00:42), n=100
2022-10-15 00:43:59.141127 (INFO): train Loss: 0.0020153	99% CI: (0.0015587, 0.002472), n=100
2022-10-15 00:44:04.803760 (INFO): train ETA: 0:00:13	99% CI: (0:00:13, 0:00:13), n=100
2022-10-15 00:44:18.697623 (INFO): Total epoch time: 0:05:31
2022-10-15 00:44:18.699134 (INFO): 

2022-10-15 00:44:18.699184 (INFO): ########################################
2022-10-15 00:44:18.699206 (INFO):           COMPLETED EPOCH: 11                              
2022-10-15 00:44:18.699222 (INFO): train Loss: 0.0015455	99% CI: (0.001387, 0.001704), n=68
2022-10-15 00:44:18.699237 (INFO): ########################################
2022-10-15 00:44:18.699254 (INFO): 

saving to saved_models/FB15k-237_SACN_0.0_0.2.model
2022-10-15 00:44:18.780309 (INFO): 
2022-10-15 00:44:18.780429 (INFO): --------------------------------------------------
2022-10-15 00:44:18.780443 (INFO): dev_evaluation
2022-10-15 00:44:18.780452 (INFO): --------------------------------------------------
2022-10-15 00:44:18.780460 (INFO): 
2022-10-15 00:45:45.804134 (INFO): Hits left @1: 0.2601102941176471
2022-10-15 00:45:45.807031 (INFO): Hits right @1: 0.08122702205882353
2022-10-15 00:45:45.810966 (INFO): Hits @1: 0.17066865808823528
2022-10-15 00:45:45.813510 (INFO): Hits left @2: 0.32576976102941174
2022-10-15 00:45:45.815007 (INFO): Hits right @2: 0.12005974264705882
2022-10-15 00:45:45.817901 (INFO): Hits @2: 0.22291475183823528
2022-10-15 00:45:45.819382 (INFO): Hits left @3: 0.37109375
2022-10-15 00:45:45.820869 (INFO): Hits right @3: 0.14435891544117646
2022-10-15 00:45:45.824164 (INFO): Hits @3: 0.25772633272058826
2022-10-15 00:45:45.825698 (INFO): Hits left @4: 0.4015969669117647
2022-10-15 00:45:45.827175 (INFO): Hits right @4: 0.16411994485294118
2022-10-15 00:45:45.830820 (INFO): Hits @4: 0.2828584558823529
2022-10-15 00:45:45.832306 (INFO): Hits left @5: 0.4267578125
2022-10-15 00:45:45.833802 (INFO): Hits right @5: 0.18129595588235295
2022-10-15 00:45:45.837564 (INFO): Hits @5: 0.30402688419117646
2022-10-15 00:45:45.839084 (INFO): Hits left @6: 0.4450252757352941
2022-10-15 00:45:45.840550 (INFO): Hits right @6: 0.19565716911764705
2022-10-15 00:45:45.843504 (INFO): Hits @6: 0.32034122242647056
2022-10-15 00:45:45.845006 (INFO): Hits left @7: 0.4589269301470588
2022-10-15 00:45:45.846490 (INFO): Hits right @7: 0.20915670955882354
2022-10-15 00:45:45.849815 (INFO): Hits @7: 0.3340418198529412
2022-10-15 00:45:45.851341 (INFO): Hits left @8: 0.4725988051470588
2022-10-15 00:45:45.852849 (INFO): Hits right @8: 0.22190946691176472
2022-10-15 00:45:45.856241 (INFO): Hits @8: 0.34725413602941174
2022-10-15 00:45:45.857838 (INFO): Hits left @9: 0.48253676470588236
2022-10-15 00:45:45.859726 (INFO): Hits right @9: 0.23121553308823528
2022-10-15 00:45:45.879387 (INFO): Hits @9: 0.3568761488970588
2022-10-15 00:45:45.880920 (INFO): Hits left @10: 0.4931066176470588
2022-10-15 00:45:45.882451 (INFO): Hits right @10: 0.24052159926470587
2022-10-15 00:45:45.885375 (INFO): Hits @10: 0.36681410845588236
2022-10-15 00:45:45.887542 (INFO): Mean rank left: 359.9423828125
2022-10-15 00:45:45.888829 (INFO): Mean rank right: 596.1489545036765
2022-10-15 00:45:45.891165 (INFO): Mean rank: 478.04566865808823
2022-10-15 00:45:45.892706 (INFO): Mean reciprocal rank left: 0.3377560557563642
2022-10-15 00:45:45.894566 (INFO): Mean reciprocal rank right: 0.13526550665809156
2022-10-15 00:45:45.897141 (INFO): Mean reciprocal rank: 0.2365107812072279
2022-10-15 00:46:14.103207 (INFO): train Loss: 0.0020798	99% CI: (0.0016487, 0.0025109), n=100
2022-10-15 00:46:28.656035 (INFO): train ETA: 0:04:46	99% CI: (0:04:46, 0:04:46), n=100
2022-10-15 00:46:42.092161 (INFO): train Loss: 0.0017325	99% CI: (0.0015358, 0.0019293), n=100
2022-10-15 00:46:56.766482 (INFO): train ETA: 0:04:17	99% CI: (0:04:17, 0:04:17), n=100
2022-10-15 00:47:10.346824 (INFO): train Loss: 0.0018056	99% CI: (0.0015013, 0.00211), n=100
2022-10-15 00:47:25.026000 (INFO): train ETA: 0:03:49	99% CI: (0:03:49, 0:03:49), n=100
2022-10-15 00:47:38.615522 (INFO): train Loss: 0.0019402	99% CI: (0.0015761, 0.0023042), n=100
2022-10-15 00:47:53.294473 (INFO): train ETA: 0:03:21	99% CI: (0:03:21, 0:03:22), n=100
2022-10-15 00:48:06.958852 (INFO): train Loss: 0.0019994	99% CI: (0.0016108, 0.0023881), n=100
2022-10-15 00:48:21.611582 (INFO): train ETA: 0:02:54	99% CI: (0:02:53, 0:02:54), n=100
2022-10-15 00:48:35.187074 (INFO): train Loss: 0.0017601	99% CI: (0.0014769, 0.0020434), n=100
2022-10-15 00:48:49.881027 (INFO): train ETA: 0:02:25	99% CI: (0:02:25, 0:02:25), n=100
2022-10-15 00:49:03.473146 (INFO): train Loss: 0.0017874	99% CI: (0.0014465, 0.0021283), n=100
2022-10-15 00:49:18.315777 (INFO): train ETA: 0:01:57	99% CI: (0:01:57, 0:01:57), n=100
2022-10-15 00:49:31.792634 (INFO): train Loss: 0.0017011	99% CI: (0.0014747, 0.0019275), n=100
2022-10-15 00:49:46.460624 (INFO): train ETA: 0:01:29	99% CI: (0:01:29, 0:01:29), n=100
2022-10-15 00:50:00.055951 (INFO): train Loss: 0.0019648	99% CI: (0.0016393, 0.0022903), n=100
2022-10-15 00:50:14.754362 (INFO): train ETA: 0:01:01	99% CI: (0:01:01, 0:01:01), n=100
2022-10-15 00:50:28.244855 (INFO): train Loss: 0.0017123	99% CI: (0.0015073, 0.0019173), n=100
2022-10-15 00:50:43.022617 (INFO): train ETA: 0:00:32	99% CI: (0:00:32, 0:00:32), n=100
2022-10-15 00:50:56.544533 (INFO): train Loss: 0.001738	99% CI: (0.0015304, 0.0019456), n=100
2022-10-15 00:51:11.302724 (INFO): train ETA: 0:00:04	99% CI: (0:00:04, 0:00:04), n=100
2022-10-15 00:51:16.171143 (INFO): Total epoch time: 0:05:30
2022-10-15 00:51:16.172129 (INFO): 

2022-10-15 00:51:16.172152 (INFO): ########################################
2022-10-15 00:51:16.172169 (INFO):           COMPLETED EPOCH: 12                              
2022-10-15 00:51:16.172179 (INFO): train Loss: 0.001661	99% CI: (0.0014003, 0.0019216), n=68
2022-10-15 00:51:16.172188 (INFO): ########################################
2022-10-15 00:51:16.172198 (INFO): 

saving to saved_models/FB15k-237_SACN_0.0_0.2.model
2022-10-15 00:51:16.256832 (INFO): 
2022-10-15 00:51:16.256937 (INFO): --------------------------------------------------
2022-10-15 00:51:16.256955 (INFO): dev_evaluation
2022-10-15 00:51:16.256991 (INFO): --------------------------------------------------
2022-10-15 00:51:16.257003 (INFO): 
2022-10-15 00:52:43.160678 (INFO): Hits left @1: 0.2627527573529412
2022-10-15 00:52:43.164723 (INFO): Hits right @1: 0.09041819852941177
2022-10-15 00:52:43.168778 (INFO): Hits @1: 0.17658547794117646
2022-10-15 00:52:43.170316 (INFO): Hits left @2: 0.33191636029411764
2022-10-15 00:52:43.171824 (INFO): Hits right @2: 0.1264361213235294
2022-10-15 00:52:43.174760 (INFO): Hits @2: 0.22917624080882354
2022-10-15 00:52:43.176511 (INFO): Hits left @3: 0.37557444852941174
2022-10-15 00:52:43.178024 (INFO): Hits right @3: 0.15194163602941177
2022-10-15 00:52:43.181426 (INFO): Hits @3: 0.26375804227941174
2022-10-15 00:52:43.183195 (INFO): Hits left @4: 0.40475643382352944
2022-10-15 00:52:43.185059 (INFO): Hits right @4: 0.1723345588235294
2022-10-15 00:52:43.187969 (INFO): Hits @4: 0.28854549632352944
2022-10-15 00:52:43.189480 (INFO): Hits left @5: 0.4283662683823529
2022-10-15 00:52:43.190977 (INFO): Hits right @5: 0.19019990808823528
2022-10-15 00:52:43.193906 (INFO): Hits @5: 0.3092830882352941
2022-10-15 00:52:43.196209 (INFO): Hits left @6: 0.4463465073529412
2022-10-15 00:52:43.198109 (INFO): Hits right @6: 0.20404411764705882
2022-10-15 00:52:43.201501 (INFO): Hits @6: 0.3251953125
2022-10-15 00:52:43.203378 (INFO): Hits left @7: 0.45984604779411764
2022-10-15 00:52:43.204954 (INFO): Hits right @7: 0.21691176470588236
2022-10-15 00:52:43.208257 (INFO): Hits @7: 0.33837890625
2022-10-15 00:52:43.209780 (INFO): Hits left @8: 0.4739774816176471
2022-10-15 00:52:43.211263 (INFO): Hits right @8: 0.22931985294117646
2022-10-15 00:52:43.214201 (INFO): Hits @8: 0.35164866727941174
2022-10-15 00:52:43.215687 (INFO): Hits left @9: 0.48454733455882354
2022-10-15 00:52:43.217191 (INFO): Hits right @9: 0.24103860294117646
2022-10-15 00:52:43.220709 (INFO): Hits @9: 0.36279296875
2022-10-15 00:52:43.222503 (INFO): Hits left @10: 0.49465762867647056
2022-10-15 00:52:43.224053 (INFO): Hits right @10: 0.25086167279411764
2022-10-15 00:52:43.226983 (INFO): Hits @10: 0.3727596507352941
2022-10-15 00:52:43.229343 (INFO): Mean rank left: 329.84978170955884
2022-10-15 00:52:43.230455 (INFO): Mean rank right: 544.9103285845588
2022-10-15 00:52:43.232796 (INFO): Mean rank: 437.38005514705884
2022-10-15 00:52:43.234363 (INFO): Mean reciprocal rank left: 0.34167550034724337
2022-10-15 00:52:43.235980 (INFO): Mean reciprocal rank right: 0.14400242733958343
2022-10-15 00:52:43.240730 (INFO): Mean reciprocal rank: 0.24283896384341339
